#
# There is insufficient memory for the Java Runtime Environment to continue.
# Native memory allocation (malloc) failed to allocate 1230576 bytes. Error detail: Chunk::new
# Possible reasons:
#   The system is out of physical RAM or swap space
#   This process is running with CompressedOops enabled, and the Java Heap may be blocking the growth of the native heap
# Possible solutions:
#   Reduce memory load on the system
#   Increase physical memory or swap space
#   Check if swap backing store is full
#   Decrease Java heap size (-Xmx/-Xms)
#   Decrease number of Java threads
#   Decrease Java thread stack sizes (-Xss)
#   Set larger code cache with -XX:ReservedCodeCacheSize=
#   JVM is running with Zero Based Compressed Oops mode in which the Java heap is
#     placed in the first 32GB address space. The Java Heap base address is the
#     maximum limit for the native heap growth. Please use -XX:HeapBaseMinAddress
#     to set the Java Heap base and to place the Java Heap above 32GB virtual address.
# This output file may be truncated or incomplete.
#
#  Out of Memory Error (arena.cpp:168), pid=11096, tid=22628
#
# JRE version: OpenJDK Runtime Environment Corretto-21.0.3.9.1 (21.0.3+9) (build 21.0.3+9-LTS)
# Java VM: OpenJDK 64-Bit Server VM Corretto-21.0.3.9.1 (21.0.3+9-LTS, mixed mode, sharing, tiered, compressed oops, compressed class ptrs, g1 gc, windows-amd64)
# No core dump will be written. Minidumps are not enabled by default on client versions of Windows
#

---------------  S U M M A R Y ------------

Command Line: --add-opens=java.base/java.lang=ALL-UNNAMED --add-opens=java.base/java.lang.invoke=ALL-UNNAMED --add-opens=java.base/java.util=ALL-UNNAMED --add-opens=java.prefs/java.util.prefs=ALL-UNNAMED --add-exports=jdk.compiler/com.sun.tools.javac.api=ALL-UNNAMED --add-exports=jdk.compiler/com.sun.tools.javac.util=ALL-UNNAMED --add-opens=java.base/java.util=ALL-UNNAMED --add-opens=java.prefs/java.util.prefs=ALL-UNNAMED --add-opens=java.base/java.nio.charset=ALL-UNNAMED --add-opens=java.base/java.net=ALL-UNNAMED --add-opens=java.base/java.util.concurrent.atomic=ALL-UNNAMED --add-opens=java.xml/javax.xml.namespace=ALL-UNNAMED -XX:MaxMetaspaceSize=4G -XX:ReservedCodeCacheSize=512m -XX:+HeapDumpOnOutOfMemoryError -Xmx8G -Dfile.encoding=UTF-8 -Duser.country=FR -Duser.language=fr -Duser.variant -javaagent:C:\Users\DELL\.gradle\wrapper\dists\gradle-8.12-all\ejduaidbjup3bmmkhw3rie4zb\gradle-8.12\lib\agents\gradle-instrumentation-agent-8.12.jar org.gradle.launcher.daemon.bootstrap.GradleDaemon 8.12

Host: 11th Gen Intel(R) Core(TM) i5-1145G7 @ 2.60GHz, 8 cores, 15G,  Windows 11 , 64 bit Build 26100 (10.0.26100.4202)
Time: Thu Jun 12 15:47:36 2025 Greenwich elapsed time: 205.124643 seconds (0d 0h 3m 25s)

---------------  T H R E A D  ---------------

Current thread (0x00000211d6b83cc0):  JavaThread "C2 CompilerThread0" daemon [_thread_in_native, id=22628, stack(0x0000006ed7500000,0x0000006ed7600000) (1024K)]


Current CompileTask:
C2: 205124 27265   !   4       org.gradle.internal.service.DefaultServiceRegistry$FactoryService::bind (297 bytes)

Stack: [0x0000006ed7500000,0x0000006ed7600000]
Native frames: (J=compiled Java code, j=interpreted, Vv=VM code, C=native code)
V  [jvm.dll+0x6d4fa9]
V  [jvm.dll+0x8b01c3]
V  [jvm.dll+0x8b251e]
V  [jvm.dll+0x8b2c03]
V  [jvm.dll+0x284fb6]
V  [jvm.dll+0xc5ffd]
V  [jvm.dll+0xc6533]
V  [jvm.dll+0x3bc2d1]
V  [jvm.dll+0x388aa7]
V  [jvm.dll+0x387f1a]
V  [jvm.dll+0x24d512]
V  [jvm.dll+0x24cae1]
V  [jvm.dll+0x1cbd64]
V  [jvm.dll+0x25c059]
V  [jvm.dll+0x25a60b]
V  [jvm.dll+0x3f6976]
V  [jvm.dll+0x859258]
V  [jvm.dll+0x6d37ed]
C  [ucrtbase.dll+0x37b0]
C  [KERNEL32.DLL+0x2e8d7]
C  [ntdll.dll+0x3c34c]


---------------  P R O C E S S  ---------------

Threads class SMR info:
_java_thread_list=0x00000212391eb610, length=51, elements={
0x00000211a0b52430, 0x00000211d419aa20, 0x00000211d419b480, 0x00000211d419e420,
0x00000211d6b7e1c0, 0x00000211d6b7f4b0, 0x00000211d6b7ff10, 0x00000211d6b83cc0,
0x00000211d6b91510, 0x00000211d4168270, 0x00000211d6e49c40, 0x000002121d6e6150,
0x000002121d637420, 0x000002121d97b820, 0x000002121db5a020, 0x000002121d89eeb0,
0x000002121d8c1fd0, 0x000002121d8c2660, 0x000002121d8c4dc0, 0x000002121e071a80,
0x000002121e070d60, 0x000002121e070040, 0x000002121e0706d0, 0x000002121e06f9b0,
0x000002121e0713f0, 0x000002121e073b50, 0x000002121e0734c0, 0x000002121e074870,
0x000002121e072110, 0x000002121e074f00, 0x0000021221f7c4e0, 0x00000212231a1f60,
0x00000212231a25f0, 0x00000212231a2c80, 0x000002122095cc70, 0x000002122095c5e0,
0x0000021238794e50, 0x000002123878b760, 0x0000021220c5b520, 0x00000212246a5a90,
0x00000212246a67b0, 0x00000212246aca20, 0x00000212246aa2c0, 0x000002123878b0d0,
0x000002123878e550, 0x000002123878cb10, 0x000002123878dec0, 0x0000021223587230,
0x000002123878bdf0, 0x000002123878d830, 0x000002123878f270
}

Java Threads: ( => current thread )
  0x00000211a0b52430 JavaThread "main"                              [_thread_blocked, id=6728, stack(0x0000006ed6700000,0x0000006ed6800000) (1024K)]
  0x00000211d419aa20 JavaThread "Reference Handler"          daemon [_thread_blocked, id=27616, stack(0x0000006ed6f00000,0x0000006ed7000000) (1024K)]
  0x00000211d419b480 JavaThread "Finalizer"                  daemon [_thread_blocked, id=8976, stack(0x0000006ed7000000,0x0000006ed7100000) (1024K)]
  0x00000211d419e420 JavaThread "Signal Dispatcher"          daemon [_thread_blocked, id=23884, stack(0x0000006ed7100000,0x0000006ed7200000) (1024K)]
  0x00000211d6b7e1c0 JavaThread "Attach Listener"            daemon [_thread_blocked, id=20296, stack(0x0000006ed7200000,0x0000006ed7300000) (1024K)]
  0x00000211d6b7f4b0 JavaThread "Service Thread"             daemon [_thread_blocked, id=26720, stack(0x0000006ed7300000,0x0000006ed7400000) (1024K)]
  0x00000211d6b7ff10 JavaThread "Monitor Deflation Thread"   daemon [_thread_blocked, id=20356, stack(0x0000006ed7400000,0x0000006ed7500000) (1024K)]
=>0x00000211d6b83cc0 JavaThread "C2 CompilerThread0"         daemon [_thread_in_native, id=22628, stack(0x0000006ed7500000,0x0000006ed7600000) (1024K)]
  0x00000211d6b91510 JavaThread "C1 CompilerThread0"         daemon [_thread_blocked, id=2404, stack(0x0000006ed7600000,0x0000006ed7700000) (1024K)]
  0x00000211d4168270 JavaThread "Common-Cleaner"             daemon [_thread_blocked, id=21860, stack(0x0000006ed7700000,0x0000006ed7800000) (1024K)]
  0x00000211d6e49c40 JavaThread "Notification Thread"        daemon [_thread_blocked, id=23080, stack(0x0000006ed7800000,0x0000006ed7900000) (1024K)]
  0x000002121d6e6150 JavaThread "Daemon health stats"               [_thread_blocked, id=7776, stack(0x0000006ed8200000,0x0000006ed8300000) (1024K)]
  0x000002121d637420 JavaThread "Incoming local TCP Connector on port 22738"        [_thread_in_native, id=27380, stack(0x0000006ed8300000,0x0000006ed8400000) (1024K)]
  0x000002121d97b820 JavaThread "Daemon periodic checks"            [_thread_blocked, id=12344, stack(0x0000006ed8400000,0x0000006ed8500000) (1024K)]
  0x000002121db5a020 JavaThread "Daemon"                            [_thread_blocked, id=27592, stack(0x0000006ed8500000,0x0000006ed8600000) (1024K)]
  0x000002121d89eeb0 JavaThread "Daemon worker"                     [_thread_in_vm, id=23236, stack(0x0000006ed8800000,0x0000006ed8900000) (1024K)]
  0x000002121d8c1fd0 JavaThread "Cache worker for journal cache (C:\Users\DELL\.gradle\caches\journal-1)"        [_thread_blocked, id=19712, stack(0x0000006ed8c00000,0x0000006ed8d00000) (1024K)]
  0x000002121d8c2660 JavaThread "File lock request listener"        [_thread_in_native, id=16152, stack(0x0000006ed8d00000,0x0000006ed8e00000) (1024K)]
  0x000002121d8c4dc0 JavaThread "Cache worker for file hash cache (C:\Users\DELL\.gradle\caches\8.12\fileHashes)"        [_thread_blocked, id=9620, stack(0x0000006ed8e00000,0x0000006ed8f00000) (1024K)]
  0x000002121e071a80 JavaThread "File watcher server"        daemon [_thread_in_native, id=25564, stack(0x0000006ed9200000,0x0000006ed9300000) (1024K)]
  0x000002121e070d60 JavaThread "File watcher consumer"      daemon [_thread_blocked, id=8380, stack(0x0000006ed9300000,0x0000006ed9400000) (1024K)]
  0x000002121e070040 JavaThread "jar transforms"                    [_thread_blocked, id=22344, stack(0x0000006ed9400000,0x0000006ed9500000) (1024K)]
  0x000002121e0706d0 JavaThread "jar transforms Thread 2"           [_thread_blocked, id=10904, stack(0x0000006ed9500000,0x0000006ed9600000) (1024K)]
  0x000002121e06f9b0 JavaThread "jar transforms Thread 3"           [_thread_blocked, id=21180, stack(0x0000006ed9600000,0x0000006ed9700000) (1024K)]
  0x000002121e0713f0 JavaThread "jar transforms Thread 4"           [_thread_blocked, id=24968, stack(0x0000006ed9700000,0x0000006ed9800000) (1024K)]
  0x000002121e073b50 JavaThread "jar transforms Thread 5"           [_thread_blocked, id=10664, stack(0x0000006ed9800000,0x0000006ed9900000) (1024K)]
  0x000002121e0734c0 JavaThread "Cache worker for file content cache (C:\Users\DELL\.gradle\caches\8.12\fileContent)"        [_thread_blocked, id=2216, stack(0x0000006ed9a00000,0x0000006ed9b00000) (1024K)]
  0x000002121e074870 JavaThread "jar transforms Thread 6"           [_thread_blocked, id=15608, stack(0x0000006ed9b00000,0x0000006ed9c00000) (1024K)]
  0x000002121e072110 JavaThread "jar transforms Thread 7"           [_thread_blocked, id=7108, stack(0x0000006ed9c00000,0x0000006ed9d00000) (1024K)]
  0x000002121e074f00 JavaThread "jar transforms Thread 8"           [_thread_blocked, id=11572, stack(0x0000006ed9d00000,0x0000006ed9e00000) (1024K)]
  0x0000021221f7c4e0 JavaThread "Memory manager"                    [_thread_blocked, id=4608, stack(0x0000006ed7f00000,0x0000006ed8000000) (1024K)]
  0x00000212231a1f60 JavaThread "RMI Scheduler(0)"           daemon [_thread_blocked, id=12040, stack(0x0000006ed7900000,0x0000006ed7a00000) (1024K)]
  0x00000212231a25f0 JavaThread "RMI RenewClean-[127.0.0.1:17276,org.jetbrains.kotlin.daemon.common.LoopbackNetworkInterface$ClientLoopbackSocketFactory@4e0797fc]" daemon [_thread_blocked, id=10224, stack(0x0000006edd800000,0x0000006edd900000) (1024K)]
  0x00000212231a2c80 JavaThread "RMI GC Daemon"              daemon [_thread_blocked, id=19292, stack(0x0000006edd900000,0x0000006edda00000) (1024K)]
  0x000002122095cc70 JavaThread "RMI TCP Accept-0"           daemon [_thread_in_native, id=14788, stack(0x0000006eddb00000,0x0000006eddc00000) (1024K)]
  0x000002122095c5e0 JavaThread "RMI Reaper"                        [_thread_blocked, id=20764, stack(0x0000006eddc00000,0x0000006eddd00000) (1024K)]
  0x0000021238794e50 JavaThread "included builds Thread 2"          [_thread_blocked, id=15232, stack(0x0000006ed6400000,0x0000006ed6500000) (1024K)]
  0x000002123878b760 JavaThread "VFS cleanup"                       [_thread_blocked, id=18784, stack(0x0000006ed6500000,0x0000006ed6600000) (1024K)]
  0x0000021220c5b520 JavaThread "included builds"                   [_thread_blocked, id=26360, stack(0x0000006edb000000,0x0000006edb100000) (1024K)]
  0x00000212246a5a90 JavaThread "Handler for socket connection from /127.0.0.1:22738 to /127.0.0.1:22909"        [_thread_in_native, id=25388, stack(0x0000006ed6600000,0x0000006ed6700000) (1024K)]
  0x00000212246a67b0 JavaThread "Cancel handler"                    [_thread_blocked, id=25976, stack(0x0000006ed8600000,0x0000006ed8700000) (1024K)]
  0x00000212246aca20 JavaThread "Asynchronous log dispatcher for DefaultDaemonConnection: socket connection from /127.0.0.1:22738 to /127.0.0.1:22909"        [_thread_blocked, id=25220, stack(0x0000006ed8700000,0x0000006ed8800000) (1024K)]
  0x00000212246aa2c0 JavaThread "Stdin handler"                     [_thread_blocked, id=16712, stack(0x0000006ed8900000,0x0000006ed8a00000) (1024K)]
  0x000002123878b0d0 JavaThread "Daemon client event forwarder"        [_thread_blocked, id=27588, stack(0x0000006ed8a00000,0x0000006ed8b00000) (1024K)]
  0x000002123878e550 JavaThread "Cache worker for file hash cache (C:\Users\DELL\projets\app_mobile\.android\.gradle\8.12\fileHashes)"        [_thread_blocked, id=9236, stack(0x0000006ed8b00000,0x0000006ed8c00000) (1024K)]
  0x000002123878cb10 JavaThread "Cache worker for Build Output Cleanup Cache (C:\Users\DELL\projets\app_mobile\.android\.gradle\buildOutputCleanup)"        [_thread_blocked, id=20140, stack(0x0000006ed9000000,0x0000006ed9100000) (1024K)]
  0x000002123878dec0 JavaThread "Cache worker for checksums cache (C:\Users\DELL\projets\app_mobile\.android\.gradle\8.12\checksums)"        [_thread_blocked, id=22148, stack(0x0000006ed9100000,0x0000006ed9200000) (1024K)]
  0x0000021223587230 JavaThread "C2 CompilerThread1"         daemon [_thread_blocked, id=3092, stack(0x0000006ed9900000,0x0000006ed9a00000) (1024K)]
  0x000002123878bdf0 JavaThread "Cache worker for cache directory md-rule (C:\Users\DELL\.gradle\caches\8.12\md-rule)"        [_thread_blocked, id=10348, stack(0x0000006ed9e00000,0x0000006ed9f00000) (1024K)]
  0x000002123878d830 JavaThread "Cache worker for cache directory md-supplier (C:\Users\DELL\.gradle\caches\8.12\md-supplier)"        [_thread_blocked, id=24788, stack(0x0000006ed9f00000,0x0000006eda000000) (1024K)]
  0x000002123878f270 JavaThread "Cache worker for Build Output Cleanup Cache (C:\flutter\packages\flutter_tools\gradle\.gradle\buildOutputCleanup)"        [_thread_blocked, id=11048, stack(0x0000006eda000000,0x0000006eda100000) (1024K)]
Total: 51

Other Threads:
  0x00000211d417d9c0 VMThread "VM Thread"                           [id=20652, stack(0x0000006ed6e00000,0x0000006ed6f00000) (1024K)]
  0x00000211d4167640 WatcherThread "VM Periodic Task Thread"        [id=25668, stack(0x0000006ed6d00000,0x0000006ed6e00000) (1024K)]
  0x00000211a0bfdb10 WorkerThread "GC Thread#0"                     [id=14244, stack(0x0000006ed6800000,0x0000006ed6900000) (1024K)]
  0x00000211d6d997b0 WorkerThread "GC Thread#1"                     [id=13804, stack(0x0000006ed7a00000,0x0000006ed7b00000) (1024K)]
  0x000002121c145300 WorkerThread "GC Thread#2"                     [id=17592, stack(0x0000006ed7b00000,0x0000006ed7c00000) (1024K)]
  0x000002121c1456a0 WorkerThread "GC Thread#3"                     [id=24036, stack(0x0000006ed7c00000,0x0000006ed7d00000) (1024K)]
  0x000002121c145a40 WorkerThread "GC Thread#4"                     [id=18800, stack(0x0000006ed7d00000,0x0000006ed7e00000) (1024K)]
  0x000002121c145de0 WorkerThread "GC Thread#5"                     [id=15136, stack(0x0000006ed7e00000,0x0000006ed7f00000) (1024K)]
  0x000002121d7860a0 WorkerThread "GC Thread#6"                     [id=12416, stack(0x0000006ed8000000,0x0000006ed8100000) (1024K)]
  0x000002121d786440 WorkerThread "GC Thread#7"                     [id=3024, stack(0x0000006ed8100000,0x0000006ed8200000) (1024K)]
  0x00000211a0c0ea00 ConcurrentGCThread "G1 Main Marker"            [id=20084, stack(0x0000006ed6900000,0x0000006ed6a00000) (1024K)]
  0x00000211d3fa05d0 WorkerThread "G1 Conc#0"                       [id=18848, stack(0x0000006ed6a00000,0x0000006ed6b00000) (1024K)]
  0x000002121d620000 WorkerThread "G1 Conc#1"                       [id=2940, stack(0x0000006ed8f00000,0x0000006ed9000000) (1024K)]
  0x00000211d4032d00 ConcurrentGCThread "G1 Refine#0"               [id=25988, stack(0x0000006ed6b00000,0x0000006ed6c00000) (1024K)]
  0x00000211d4034630 ConcurrentGCThread "G1 Service"                [id=25792, stack(0x0000006ed6c00000,0x0000006ed6d00000) (1024K)]
Total: 15

Threads with active compile tasks:
C2 CompilerThread0   205173 27265   !   4       org.gradle.internal.service.DefaultServiceRegistry$FactoryService::bind (297 bytes)
Total: 1

VM state: not at safepoint (normal execution)

VM Mutex/Monitor currently owned by a thread: None

Heap address: 0x0000000600000000, size: 8192 MB, Compressed Oops mode: Zero based, Oop shift amount: 3

CDS archive(s) mapped at: [0x00000211d7000000-0x00000211d7c90000-0x00000211d7c90000), size 13172736, SharedBaseAddress: 0x00000211d7000000, ArchiveRelocationMode: 1.
Compressed class space mapped at: 0x00000211d8000000-0x0000021218000000, reserved size: 1073741824
Narrow klass base: 0x00000211d7000000, Narrow klass shift: 0, Narrow klass range: 0x100000000

GC Precious Log:
 CardTable entry size: 512
 Card Set container configuration: InlinePtr #cards 4 size 8 Array Of Cards #cards 32 size 80 Howl #buckets 8 coarsen threshold 7372 Howl Bitmap #cards 1024 size 144 coarsen threshold 921 Card regions per heap region 1 cards per card region 8192
 CPUs: 8 total, 8 available
 Memory: 16110M
 Large Page Support: Disabled
 NUMA Support: Disabled
 Compressed Oops: Enabled (Zero based)
 Heap Region Size: 4M
 Heap Min Capacity: 8M
 Heap Initial Capacity: 252M
 Heap Max Capacity: 8G
 Pre-touch: Disabled
 Parallel Workers: 8
 Concurrent Workers: 2
 Concurrent Refinement Workers: 8
 Periodic GC: Disabled

Heap:
 garbage-first heap   total 491520K, used 311902K [0x0000000600000000, 0x0000000800000000)
  region size 4096K, 19 young (77824K), 4 survivors (16384K)
 Metaspace       used 200091K, committed 203520K, reserved 1245184K
  class space    used 26420K, committed 28096K, reserved 1048576K

Heap Regions: E=young(eden), S=young(survivor), O=old, HS=humongous(starts), HC=humongous(continues), CS=collection set, F=free, TAMS=top-at-mark-start, PB=parsable bottom
|   0|0x0000000600000000, 0x0000000600400000, 0x0000000600400000|100%|HS|  |TAMS 0x0000000600000000| PB 0x0000000600000000| Complete 
|   1|0x0000000600400000, 0x0000000600800000, 0x0000000600800000|100%| O|  |TAMS 0x0000000600400000| PB 0x0000000600400000| Untracked 
|   2|0x0000000600800000, 0x0000000600c00000, 0x0000000600c00000|100%| O|  |TAMS 0x0000000600800000| PB 0x0000000600800000| Untracked 
|   3|0x0000000600c00000, 0x0000000601000000, 0x0000000601000000|100%| O|  |TAMS 0x0000000600c00000| PB 0x0000000600c00000| Untracked 
|   4|0x0000000601000000, 0x0000000601400000, 0x0000000601400000|100%| O|  |TAMS 0x0000000601000000| PB 0x0000000601000000| Untracked 
|   5|0x0000000601400000, 0x0000000601800000, 0x0000000601800000|100%| O|  |TAMS 0x0000000601400000| PB 0x0000000601400000| Untracked 
|   6|0x0000000601800000, 0x0000000601c00000, 0x0000000601c00000|100%| O|  |TAMS 0x0000000601800000| PB 0x0000000601800000| Untracked 
|   7|0x0000000601c00000, 0x0000000602000000, 0x0000000602000000|100%| O|  |TAMS 0x0000000601c00000| PB 0x0000000601c00000| Untracked 
|   8|0x0000000602000000, 0x0000000602400000, 0x0000000602400000|100%|HS|  |TAMS 0x0000000602000000| PB 0x0000000602000000| Complete 
|   9|0x0000000602400000, 0x0000000602800000, 0x0000000602800000|100%| O|  |TAMS 0x0000000602400000| PB 0x0000000602400000| Untracked 
|  10|0x0000000602800000, 0x0000000602c00000, 0x0000000602c00000|100%| O|  |TAMS 0x0000000602800000| PB 0x0000000602800000| Untracked 
|  11|0x0000000602c00000, 0x0000000603000000, 0x0000000603000000|100%|HS|  |TAMS 0x0000000602c00000| PB 0x0000000602c00000| Complete 
|  12|0x0000000603000000, 0x0000000603400000, 0x0000000603400000|100%| O|  |TAMS 0x0000000603000000| PB 0x0000000603000000| Untracked 
|  13|0x0000000603400000, 0x0000000603800000, 0x0000000603800000|100%| O|  |TAMS 0x0000000603400000| PB 0x0000000603400000| Untracked 
|  14|0x0000000603800000, 0x0000000603c00000, 0x0000000603c00000|100%| O|  |TAMS 0x0000000603800000| PB 0x0000000603800000| Untracked 
|  15|0x0000000603c00000, 0x0000000604000000, 0x0000000604000000|100%| O|  |TAMS 0x0000000603c00000| PB 0x0000000603c00000| Untracked 
|  16|0x0000000604000000, 0x0000000604400000, 0x0000000604400000|100%| O|  |TAMS 0x0000000604000000| PB 0x0000000604000000| Untracked 
|  17|0x0000000604400000, 0x0000000604800000, 0x0000000604800000|100%| O|  |TAMS 0x0000000604400000| PB 0x0000000604400000| Untracked 
|  18|0x0000000604800000, 0x0000000604c00000, 0x0000000604c00000|100%| O|  |TAMS 0x0000000604800000| PB 0x0000000604800000| Untracked 
|  19|0x0000000604c00000, 0x0000000605000000, 0x0000000605000000|100%| O|  |TAMS 0x0000000604c00000| PB 0x0000000604c00000| Untracked 
|  20|0x0000000605000000, 0x0000000605400000, 0x0000000605400000|100%| O|  |TAMS 0x0000000605000000| PB 0x0000000605000000| Untracked 
|  21|0x0000000605400000, 0x0000000605800000, 0x0000000605800000|100%| O|  |TAMS 0x0000000605400000| PB 0x0000000605400000| Untracked 
|  22|0x0000000605800000, 0x0000000605c00000, 0x0000000605c00000|100%| O|  |TAMS 0x0000000605800000| PB 0x0000000605800000| Untracked 
|  23|0x0000000605c00000, 0x0000000606000000, 0x0000000606000000|100%| O|  |TAMS 0x0000000605c00000| PB 0x0000000605c00000| Untracked 
|  24|0x0000000606000000, 0x0000000606400000, 0x0000000606400000|100%| O|  |TAMS 0x0000000606000000| PB 0x0000000606000000| Untracked 
|  25|0x0000000606400000, 0x0000000606800000, 0x0000000606800000|100%| O|  |TAMS 0x0000000606400000| PB 0x0000000606400000| Untracked 
|  26|0x0000000606800000, 0x0000000606c00000, 0x0000000606c00000|100%| O|  |TAMS 0x0000000606800000| PB 0x0000000606800000| Untracked 
|  27|0x0000000606c00000, 0x0000000607000000, 0x0000000607000000|100%| O|  |TAMS 0x0000000606c00000| PB 0x0000000606c00000| Untracked 
|  28|0x0000000607000000, 0x0000000607400000, 0x0000000607400000|100%| O|  |TAMS 0x0000000607000000| PB 0x0000000607000000| Untracked 
|  29|0x0000000607400000, 0x0000000607800000, 0x0000000607800000|100%| O|  |TAMS 0x0000000607400000| PB 0x0000000607400000| Untracked 
|  30|0x0000000607800000, 0x0000000607c00000, 0x0000000607c00000|100%| O|  |TAMS 0x0000000607800000| PB 0x0000000607800000| Untracked 
|  31|0x0000000607c00000, 0x0000000608000000, 0x0000000608000000|100%| O|  |TAMS 0x0000000607c00000| PB 0x0000000607c00000| Untracked 
|  32|0x0000000608000000, 0x0000000608400000, 0x0000000608400000|100%| O|  |TAMS 0x0000000608000000| PB 0x0000000608000000| Untracked 
|  33|0x0000000608400000, 0x0000000608800000, 0x0000000608800000|100%| O|  |TAMS 0x0000000608400000| PB 0x0000000608400000| Untracked 
|  34|0x0000000608800000, 0x0000000608c00000, 0x0000000608c00000|100%| O|  |TAMS 0x0000000608800000| PB 0x0000000608800000| Untracked 
|  35|0x0000000608c00000, 0x0000000609000000, 0x0000000609000000|100%| O|  |TAMS 0x0000000608c00000| PB 0x0000000608c00000| Untracked 
|  36|0x0000000609000000, 0x0000000609400000, 0x0000000609400000|100%| O|Cm|TAMS 0x0000000609000000| PB 0x0000000609000000| Complete 
|  37|0x0000000609400000, 0x0000000609800000, 0x0000000609800000|100%| O|  |TAMS 0x0000000609400000| PB 0x0000000609400000| Untracked 
|  38|0x0000000609800000, 0x0000000609c00000, 0x0000000609c00000|100%| O|  |TAMS 0x0000000609800000| PB 0x0000000609800000| Untracked 
|  39|0x0000000609c00000, 0x000000060a000000, 0x000000060a000000|100%| O|  |TAMS 0x0000000609c00000| PB 0x0000000609c00000| Untracked 
|  40|0x000000060a000000, 0x000000060a400000, 0x000000060a400000|100%| O|Cm|TAMS 0x000000060a000000| PB 0x000000060a000000| Complete 
|  41|0x000000060a400000, 0x000000060a800000, 0x000000060a800000|100%| O|  |TAMS 0x000000060a400000| PB 0x000000060a400000| Untracked 
|  42|0x000000060a800000, 0x000000060ac00000, 0x000000060ac00000|100%| O|  |TAMS 0x000000060a800000| PB 0x000000060a800000| Untracked 
|  43|0x000000060ac00000, 0x000000060b000000, 0x000000060b000000|100%| O|  |TAMS 0x000000060ac00000| PB 0x000000060ac00000| Untracked 
|  44|0x000000060b000000, 0x000000060b400000, 0x000000060b400000|100%| O|  |TAMS 0x000000060b000000| PB 0x000000060b000000| Untracked 
|  45|0x000000060b400000, 0x000000060b800000, 0x000000060b800000|100%| O|  |TAMS 0x000000060b400000| PB 0x000000060b400000| Untracked 
|  46|0x000000060b800000, 0x000000060bc00000, 0x000000060bc00000|100%| O|  |TAMS 0x000000060b800000| PB 0x000000060b800000| Untracked 
|  47|0x000000060bc00000, 0x000000060c000000, 0x000000060c000000|100%| O|  |TAMS 0x000000060bc00000| PB 0x000000060bc00000| Untracked 
|  48|0x000000060c000000, 0x000000060c400000, 0x000000060c400000|100%| O|  |TAMS 0x000000060c000000| PB 0x000000060c000000| Untracked 
|  49|0x000000060c400000, 0x000000060c800000, 0x000000060c800000|100%| O|  |TAMS 0x000000060c400000| PB 0x000000060c400000| Untracked 
|  50|0x000000060c800000, 0x000000060cc00000, 0x000000060cc00000|100%| O|  |TAMS 0x000000060c800000| PB 0x000000060c800000| Untracked 
|  51|0x000000060cc00000, 0x000000060d000000, 0x000000060d000000|100%| O|  |TAMS 0x000000060cc00000| PB 0x000000060cc00000| Untracked 
|  52|0x000000060d000000, 0x000000060d400000, 0x000000060d400000|100%| O|  |TAMS 0x000000060d000000| PB 0x000000060d000000| Untracked 
|  53|0x000000060d400000, 0x000000060d800000, 0x000000060d800000|100%| O|  |TAMS 0x000000060d400000| PB 0x000000060d400000| Untracked 
|  54|0x000000060d800000, 0x000000060dc00000, 0x000000060dc00000|100%| O|  |TAMS 0x000000060d800000| PB 0x000000060d800000| Untracked 
|  55|0x000000060dc00000, 0x000000060dc00000, 0x000000060e000000|  0%| F|  |TAMS 0x000000060dc00000| PB 0x000000060dc00000| Untracked 
|  56|0x000000060e000000, 0x000000060e000000, 0x000000060e400000|  0%| F|  |TAMS 0x000000060e000000| PB 0x000000060e000000| Untracked 
|  57|0x000000060e400000, 0x000000060e400000, 0x000000060e800000|  0%| F|  |TAMS 0x000000060e400000| PB 0x000000060e400000| Untracked 
|  58|0x000000060e800000, 0x000000060e800000, 0x000000060ec00000|  0%| F|  |TAMS 0x000000060e800000| PB 0x000000060e800000| Untracked 
|  59|0x000000060ec00000, 0x000000060ec00000, 0x000000060f000000|  0%| F|  |TAMS 0x000000060ec00000| PB 0x000000060ec00000| Untracked 
|  60|0x000000060f000000, 0x000000060f337ae8, 0x000000060f400000| 80%| O|  |TAMS 0x000000060f000000| PB 0x000000060f000000| Untracked 
|  61|0x000000060f400000, 0x000000060f400000, 0x000000060f800000|  0%| F|  |TAMS 0x000000060f400000| PB 0x000000060f400000| Untracked 
|  62|0x000000060f800000, 0x000000060f960110, 0x000000060fc00000| 34%| S|CS|TAMS 0x000000060f800000| PB 0x000000060f800000| Complete 
|  63|0x000000060fc00000, 0x0000000610000000, 0x0000000610000000|100%| S|CS|TAMS 0x000000060fc00000| PB 0x000000060fc00000| Complete 
|  64|0x0000000610000000, 0x0000000610400000, 0x0000000610400000|100%| S|CS|TAMS 0x0000000610000000| PB 0x0000000610000000| Complete 
|  65|0x0000000610400000, 0x0000000610800000, 0x0000000610800000|100%| S|CS|TAMS 0x0000000610400000| PB 0x0000000610400000| Complete 
|  66|0x0000000610800000, 0x0000000610800000, 0x0000000610c00000|  0%| F|  |TAMS 0x0000000610800000| PB 0x0000000610800000| Untracked 
|  67|0x0000000610c00000, 0x0000000610c00000, 0x0000000611000000|  0%| F|  |TAMS 0x0000000610c00000| PB 0x0000000610c00000| Untracked 
|  68|0x0000000611000000, 0x0000000611000000, 0x0000000611400000|  0%| F|  |TAMS 0x0000000611000000| PB 0x0000000611000000| Untracked 
|  69|0x0000000611400000, 0x0000000611400000, 0x0000000611800000|  0%| F|  |TAMS 0x0000000611400000| PB 0x0000000611400000| Untracked 
|  70|0x0000000611800000, 0x0000000611800000, 0x0000000611c00000|  0%| F|  |TAMS 0x0000000611800000| PB 0x0000000611800000| Untracked 
|  71|0x0000000611c00000, 0x0000000611c00000, 0x0000000612000000|  0%| F|  |TAMS 0x0000000611c00000| PB 0x0000000611c00000| Untracked 
|  72|0x0000000612000000, 0x0000000612000000, 0x0000000612400000|  0%| F|  |TAMS 0x0000000612000000| PB 0x0000000612000000| Untracked 
|  73|0x0000000612400000, 0x0000000612400000, 0x0000000612800000|  0%| F|  |TAMS 0x0000000612400000| PB 0x0000000612400000| Untracked 
|  74|0x0000000612800000, 0x0000000612800000, 0x0000000612c00000|  0%| F|  |TAMS 0x0000000612800000| PB 0x0000000612800000| Untracked 
|  75|0x0000000612c00000, 0x0000000612c00000, 0x0000000613000000|  0%| F|  |TAMS 0x0000000612c00000| PB 0x0000000612c00000| Untracked 
|  76|0x0000000613000000, 0x0000000613000000, 0x0000000613400000|  0%| F|  |TAMS 0x0000000613000000| PB 0x0000000613000000| Untracked 
|  77|0x0000000613400000, 0x0000000613400000, 0x0000000613800000|  0%| F|  |TAMS 0x0000000613400000| PB 0x0000000613400000| Untracked 
|  78|0x0000000613800000, 0x0000000613800000, 0x0000000613c00000|  0%| F|  |TAMS 0x0000000613800000| PB 0x0000000613800000| Untracked 
|  79|0x0000000613c00000, 0x0000000613c00000, 0x0000000614000000|  0%| F|  |TAMS 0x0000000613c00000| PB 0x0000000613c00000| Untracked 
|  80|0x0000000614000000, 0x0000000614000000, 0x0000000614400000|  0%| F|  |TAMS 0x0000000614000000| PB 0x0000000614000000| Untracked 
|  81|0x0000000614400000, 0x0000000614400000, 0x0000000614800000|  0%| F|  |TAMS 0x0000000614400000| PB 0x0000000614400000| Untracked 
|  82|0x0000000614800000, 0x0000000614800000, 0x0000000614c00000|  0%| F|  |TAMS 0x0000000614800000| PB 0x0000000614800000| Untracked 
|  83|0x0000000614c00000, 0x0000000614c00000, 0x0000000615000000|  0%| F|  |TAMS 0x0000000614c00000| PB 0x0000000614c00000| Untracked 
|  84|0x0000000615000000, 0x0000000615000000, 0x0000000615400000|  0%| F|  |TAMS 0x0000000615000000| PB 0x0000000615000000| Untracked 
|  85|0x0000000615400000, 0x0000000615400000, 0x0000000615800000|  0%| F|  |TAMS 0x0000000615400000| PB 0x0000000615400000| Untracked 
|  86|0x0000000615800000, 0x0000000615800000, 0x0000000615c00000|  0%| F|  |TAMS 0x0000000615800000| PB 0x0000000615800000| Untracked 
|  87|0x0000000615c00000, 0x0000000615c00000, 0x0000000616000000|  0%| F|  |TAMS 0x0000000615c00000| PB 0x0000000615c00000| Untracked 
|  88|0x0000000616000000, 0x0000000616000000, 0x0000000616400000|  0%| F|  |TAMS 0x0000000616000000| PB 0x0000000616000000| Untracked 
|  89|0x0000000616400000, 0x0000000616400000, 0x0000000616800000|  0%| F|  |TAMS 0x0000000616400000| PB 0x0000000616400000| Untracked 
|  90|0x0000000616800000, 0x0000000616800000, 0x0000000616c00000|  0%| F|  |TAMS 0x0000000616800000| PB 0x0000000616800000| Untracked 
|  91|0x0000000616c00000, 0x0000000616c00000, 0x0000000617000000|  0%| F|  |TAMS 0x0000000616c00000| PB 0x0000000616c00000| Untracked 
|  92|0x0000000617000000, 0x0000000617000000, 0x0000000617400000|  0%| F|  |TAMS 0x0000000617000000| PB 0x0000000617000000| Untracked 
|  93|0x0000000617400000, 0x0000000617400000, 0x0000000617800000|  0%| F|  |TAMS 0x0000000617400000| PB 0x0000000617400000| Untracked 
|  94|0x0000000617800000, 0x0000000617800000, 0x0000000617c00000|  0%| F|  |TAMS 0x0000000617800000| PB 0x0000000617800000| Untracked 
|  95|0x0000000617c00000, 0x0000000617c00000, 0x0000000618000000|  0%| F|  |TAMS 0x0000000617c00000| PB 0x0000000617c00000| Untracked 
|  96|0x0000000618000000, 0x0000000618000000, 0x0000000618400000|  0%| F|  |TAMS 0x0000000618000000| PB 0x0000000618000000| Untracked 
|  97|0x0000000618400000, 0x0000000618400000, 0x0000000618800000|  0%| F|  |TAMS 0x0000000618400000| PB 0x0000000618400000| Untracked 
|  98|0x0000000618800000, 0x0000000618800000, 0x0000000618c00000|  0%| F|  |TAMS 0x0000000618800000| PB 0x0000000618800000| Untracked 
|  99|0x0000000618c00000, 0x0000000618c00000, 0x0000000619000000|  0%| F|  |TAMS 0x0000000618c00000| PB 0x0000000618c00000| Untracked 
| 100|0x0000000619000000, 0x0000000619000000, 0x0000000619400000|  0%| F|  |TAMS 0x0000000619000000| PB 0x0000000619000000| Untracked 
| 101|0x0000000619400000, 0x0000000619400000, 0x0000000619800000|  0%| F|  |TAMS 0x0000000619400000| PB 0x0000000619400000| Untracked 
| 102|0x0000000619800000, 0x00000006199b4178, 0x0000000619c00000| 42%| E|  |TAMS 0x0000000619800000| PB 0x0000000619800000| Complete 
| 103|0x0000000619c00000, 0x000000061a000000, 0x000000061a000000|100%| E|CS|TAMS 0x0000000619c00000| PB 0x0000000619c00000| Complete 
| 104|0x000000061a000000, 0x000000061a400000, 0x000000061a400000|100%| E|CS|TAMS 0x000000061a000000| PB 0x000000061a000000| Complete 
| 105|0x000000061a400000, 0x000000061a800000, 0x000000061a800000|100%| E|CS|TAMS 0x000000061a400000| PB 0x000000061a400000| Complete 
| 106|0x000000061a800000, 0x000000061ac00000, 0x000000061ac00000|100%| E|CS|TAMS 0x000000061a800000| PB 0x000000061a800000| Complete 
| 107|0x000000061ac00000, 0x000000061b000000, 0x000000061b000000|100%| E|CS|TAMS 0x000000061ac00000| PB 0x000000061ac00000| Complete 
| 108|0x000000061b000000, 0x000000061b400000, 0x000000061b400000|100%| E|CS|TAMS 0x000000061b000000| PB 0x000000061b000000| Complete 
| 109|0x000000061b400000, 0x000000061b800000, 0x000000061b800000|100%| E|CS|TAMS 0x000000061b400000| PB 0x000000061b400000| Complete 
| 110|0x000000061b800000, 0x000000061bc00000, 0x000000061bc00000|100%| E|CS|TAMS 0x000000061b800000| PB 0x000000061b800000| Complete 
| 111|0x000000061bc00000, 0x000000061c000000, 0x000000061c000000|100%| E|CS|TAMS 0x000000061bc00000| PB 0x000000061bc00000| Complete 
| 112|0x000000061c000000, 0x000000061c400000, 0x000000061c400000|100%| E|CS|TAMS 0x000000061c000000| PB 0x000000061c000000| Complete 
| 113|0x000000061c400000, 0x000000061c800000, 0x000000061c800000|100%| E|CS|TAMS 0x000000061c400000| PB 0x000000061c400000| Complete 
| 114|0x000000061c800000, 0x000000061cc00000, 0x000000061cc00000|100%| E|CS|TAMS 0x000000061c800000| PB 0x000000061c800000| Complete 
| 115|0x000000061cc00000, 0x000000061d000000, 0x000000061d000000|100%| E|CS|TAMS 0x000000061cc00000| PB 0x000000061cc00000| Complete 
| 116|0x000000061d000000, 0x000000061d400000, 0x000000061d400000|100%| E|CS|TAMS 0x000000061d000000| PB 0x000000061d000000| Complete 
|2045|0x00000007ff400000, 0x00000007ff800000, 0x00000007ff800000|100%| O|  |TAMS 0x00000007ff400000| PB 0x00000007ff400000| Untracked 
|2046|0x00000007ff800000, 0x00000007ffc00000, 0x00000007ffc00000|100%| O|  |TAMS 0x00000007ff800000| PB 0x00000007ff800000| Untracked 
|2047|0x00000007ffc00000, 0x0000000800000000, 0x0000000800000000|100%| O|  |TAMS 0x00000007ffc00000| PB 0x00000007ffc00000| Untracked 

Card table byte_map: [0x00000211caf10000,0x00000211cbf10000] _byte_map_base: 0x00000211c7f10000

Marking Bits: (CMBitMap*) 0x00000211a0bfe120
 Bits: [0x00000211cbf10000, 0x00000211d3f10000)

Polling page: 0x000002119f340000

Metaspace:

Usage:
  Non-class:    169.60 MB used.
      Class:     25.80 MB used.
       Both:    195.40 MB used.

Virtual space:
  Non-class space:      192.00 MB reserved,     171.31 MB ( 89%) committed,  3 nodes.
      Class space:        1.00 GB reserved,      27.44 MB (  3%) committed,  1 nodes.
             Both:        1.19 GB reserved,     198.75 MB ( 16%) committed. 

Chunk freelists:
   Non-Class:  4.48 MB
       Class:  4.58 MB
        Both:  9.06 MB

MaxMetaspaceSize: 4.00 GB
CompressedClassSpaceSize: 1.00 GB
Initial GC threshold: 21.00 MB
Current GC threshold: 330.94 MB
CDS: on
 - commit_granule_bytes: 65536.
 - commit_granule_words: 8192.
 - virtual_space_node_default_size: 8388608.
 - enlarge_chunks_in_place: 1.
 - use_allocation_guard: 0.


Internal statistics:

num_allocs_failed_limit: 12.
num_arena_births: 6000.
num_arena_deaths: 2.
num_vsnodes_births: 4.
num_vsnodes_deaths: 0.
num_space_committed: 3178.
num_space_uncommitted: 0.
num_chunks_returned_to_freelist: 19.
num_chunks_taken_from_freelist: 14735.
num_chunk_merges: 8.
num_chunk_splits: 9998.
num_chunks_enlarged: 6714.
num_inconsistent_stats: 0.

CodeHeap 'non-profiled nmethods': size=259264Kb used=16231Kb max_used=17776Kb free=243032Kb
 bounds [0x00000211b9560000, 0x00000211ba6c0000, 0x00000211c9290000]
CodeHeap 'profiled nmethods': size=259264Kb used=41923Kb max_used=47387Kb free=217340Kb
 bounds [0x00000211a9290000, 0x00000211ac0e0000, 0x00000211b8fc0000]
CodeHeap 'non-nmethods': size=5760Kb used=3735Kb max_used=3789Kb free=2024Kb
 bounds [0x00000211b8fc0000, 0x00000211b9390000, 0x00000211b9560000]
 total_blobs=21565 nmethods=20235 adapters=1230
 compilation: enabled
              stopped_count=0, restarted_count=0
 full_count=0

Compilation events (20 events):
Event: 205.103 Thread 0x00000211d6b91510 nmethod 27311 0x00000211b9673910 code [0x00000211b9673aa0, 0x00000211b9673b70]
Event: 205.105 Thread 0x00000211d6b91510 27312       3       com.esotericsoftware.kryo.io.Input::require (220 bytes)
Event: 205.106 Thread 0x00000211d6b91510 nmethod 27312 0x00000211a9c8fd10 code [0x00000211a9c90000, 0x00000211a9c90d20]
Event: 205.107 Thread 0x00000211d6b91510 27314       3       java.util.regex.IntHashSet::contains (44 bytes)
Event: 205.107 Thread 0x00000211d6b91510 nmethod 27314 0x00000211a9652890 code [0x00000211a9652a40, 0x00000211a9652cf8]
Event: 205.108 Thread 0x0000021223587230 nmethod 27306 0x00000211ba307710 code [0x00000211ba307900, 0x00000211ba307e00]
Event: 205.108 Thread 0x0000021223587230 27313       4       org.gradle.internal.Describables$FixedDescribable::hashCode (15 bytes)
Event: 205.110 Thread 0x0000021223587230 nmethod 27313 0x00000211b9600290 code [0x00000211b9600420, 0x00000211b9600538]
Event: 205.111 Thread 0x0000021223587230 27315       4       org.gradle.internal.snapshot.impl.StringValueSnapshot::isolate (5 bytes)
Event: 205.111 Thread 0x0000021223587230 nmethod 27315 0x00000211b9675d10 code [0x00000211b9675ea0, 0x00000211b9675f30]
Event: 205.112 Thread 0x0000021223587230 27307       4       java.util.function.Predicate$$Lambda/0x00000211d8534288::test (11 bytes)
Event: 205.114 Thread 0x0000021223587230 nmethod 27307 0x00000211b974aa10 code [0x00000211b974abc0, 0x00000211b974ad60]
Event: 205.114 Thread 0x0000021223587230 27316       4       org.gradle.internal.component.external.model.VariantMetadataRules$$Lambda/0x00000211d881c8a0::apply (12 bytes)
Event: 205.115 Thread 0x00000211d6b91510 27317       3       org.gradle.api.internal.artifacts.ivyservice.resolveengine.graph.builder.ModuleSelectors$SelectorComparator::compare (13 bytes)
Event: 205.116 Thread 0x00000211d6b91510 nmethod 27317 0x00000211a9672990 code [0x00000211a9672b60, 0x00000211a9672ed0]
Event: 205.116 Thread 0x00000211d6b91510 27318       3       org.gradle.api.internal.artifacts.ivyservice.resolveengine.graph.builder.ModuleSelectors$SelectorComparator::compare (183 bytes)
Event: 205.120 Thread 0x00000211d6b91510 nmethod 27318 0x00000211abb44910 code [0x00000211abb450a0, 0x00000211abb4a240]
Event: 205.121 Thread 0x00000211d6b91510 27320       3       org.gradle.api.internal.attributes.matching.CachingAttributeSelectionSchema$$Lambda/0x00000211d88263d8::apply (15 bytes)
Event: 205.121 Thread 0x00000211d6b91510 nmethod 27320 0x00000211a96cee90 code [0x00000211a96cf080, 0x00000211a96cf4f8]
Event: 205.121 Thread 0x00000211d6b91510 27321       3       org.gradle.api.internal.attributes.matching.CachingAttributeSelectionSchema::doMatchValue (22 bytes)

GC Heap History (20 events):
Event: 50.526 GC heap before
{Heap before GC invocations=36 (full 0):
 garbage-first heap   total 315392K, used 280482K [0x0000000600000000, 0x0000000800000000)
  region size 4096K, 27 young (110592K), 3 survivors (12288K)
 Metaspace       used 158949K, committed 161856K, reserved 1245184K
  class space    used 21174K, committed 22592K, reserved 1048576K
}
Event: 50.540 GC heap after
{Heap after GC invocations=37 (full 0):
 garbage-first heap   total 380928K, used 183631K [0x0000000600000000, 0x0000000800000000)
  region size 4096K, 3 young (12288K), 3 survivors (12288K)
 Metaspace       used 158949K, committed 161856K, reserved 1245184K
  class space    used 21174K, committed 22592K, reserved 1048576K
}
Event: 52.415 GC heap before
{Heap before GC invocations=37 (full 0):
 garbage-first heap   total 380928K, used 339279K [0x0000000600000000, 0x0000000800000000)
  region size 4096K, 41 young (167936K), 3 survivors (12288K)
 Metaspace       used 170462K, committed 173568K, reserved 1245184K
  class space    used 22713K, committed 24256K, reserved 1048576K
}
Event: 52.428 GC heap after
{Heap after GC invocations=38 (full 0):
 garbage-first heap   total 380928K, used 188269K [0x0000000600000000, 0x0000000800000000)
  region size 4096K, 4 young (16384K), 4 survivors (16384K)
 Metaspace       used 170462K, committed 173568K, reserved 1245184K
  class space    used 22713K, committed 24256K, reserved 1048576K
}
Event: 53.873 GC heap before
{Heap before GC invocations=38 (full 0):
 garbage-first heap   total 380928K, used 335725K [0x0000000600000000, 0x0000000800000000)
  region size 4096K, 40 young (163840K), 4 survivors (16384K)
 Metaspace       used 175106K, committed 178304K, reserved 1245184K
  class space    used 23326K, committed 24896K, reserved 1048576K
}
Event: 53.894 GC heap after
{Heap after GC invocations=39 (full 0):
 garbage-first heap   total 380928K, used 196399K [0x0000000600000000, 0x0000000800000000)
  region size 4096K, 4 young (16384K), 4 survivors (16384K)
 Metaspace       used 175106K, committed 178304K, reserved 1245184K
  class space    used 23326K, committed 24896K, reserved 1048576K
}
Event: 56.216 GC heap before
{Heap before GC invocations=39 (full 0):
 garbage-first heap   total 380928K, used 335663K [0x0000000600000000, 0x0000000800000000)
  region size 4096K, 39 young (159744K), 4 survivors (16384K)
 Metaspace       used 177853K, committed 181120K, reserved 1245184K
  class space    used 23723K, committed 25344K, reserved 1048576K
}
Event: 56.245 GC heap after
{Heap after GC invocations=40 (full 0):
 garbage-first heap   total 380928K, used 205204K [0x0000000600000000, 0x0000000800000000)
  region size 4096K, 5 young (20480K), 5 survivors (20480K)
 Metaspace       used 177853K, committed 181120K, reserved 1245184K
  class space    used 23723K, committed 25344K, reserved 1048576K
}
Event: 80.888 GC heap before
{Heap before GC invocations=41 (full 0):
 garbage-first heap   total 385024K, used 328084K [0x0000000600000000, 0x0000000800000000)
  region size 4096K, 36 young (147456K), 5 survivors (20480K)
 Metaspace       used 187045K, committed 190272K, reserved 1245184K
  class space    used 24844K, committed 26432K, reserved 1048576K
}
Event: 80.912 GC heap after
{Heap after GC invocations=42 (full 0):
 garbage-first heap   total 385024K, used 214754K [0x0000000600000000, 0x0000000800000000)
  region size 4096K, 5 young (20480K), 5 survivors (20480K)
 Metaspace       used 187045K, committed 190272K, reserved 1245184K
  class space    used 24844K, committed 26432K, reserved 1048576K
}
Event: 139.796 GC heap before
{Heap before GC invocations=42 (full 0):
 garbage-first heap   total 385024K, used 337634K [0x0000000600000000, 0x0000000800000000)
  region size 4096K, 35 young (143360K), 5 survivors (20480K)
 Metaspace       used 188741K, committed 192000K, reserved 1245184K
  class space    used 24995K, committed 26560K, reserved 1048576K
}
Event: 139.815 GC heap after
{Heap after GC invocations=43 (full 0):
 garbage-first heap   total 385024K, used 219076K [0x0000000600000000, 0x0000000800000000)
  region size 4096K, 2 young (8192K), 2 survivors (8192K)
 Metaspace       used 188741K, committed 192000K, reserved 1245184K
  class space    used 24995K, committed 26560K, reserved 1048576K
}
Event: 192.585 GC heap before
{Heap before GC invocations=43 (full 0):
 garbage-first heap   total 385024K, used 346052K [0x0000000600000000, 0x0000000800000000)
  region size 4096K, 33 young (135168K), 2 survivors (8192K)
 Metaspace       used 191517K, committed 194752K, reserved 1245184K
  class space    used 25345K, committed 26944K, reserved 1048576K
}
Event: 192.597 GC heap after
{Heap after GC invocations=44 (full 0):
 garbage-first heap   total 385024K, used 224195K [0x0000000600000000, 0x0000000800000000)
  region size 4096K, 3 young (12288K), 3 survivors (12288K)
 Metaspace       used 191517K, committed 194752K, reserved 1245184K
  class space    used 25345K, committed 26944K, reserved 1048576K
}
Event: 193.989 GC heap before
{Heap before GC invocations=45 (full 0):
 garbage-first heap   total 409600K, used 347075K [0x0000000600000000, 0x0000000800000000)
  region size 4096K, 33 young (135168K), 3 survivors (12288K)
 Metaspace       used 197304K, committed 200640K, reserved 1245184K
  class space    used 26090K, committed 27712K, reserved 1048576K
}
Event: 194.005 GC heap after
{Heap after GC invocations=46 (full 0):
 garbage-first heap   total 409600K, used 234331K [0x0000000600000000, 0x0000000800000000)
  region size 4096K, 5 young (20480K), 5 survivors (20480K)
 Metaspace       used 197304K, committed 200640K, reserved 1245184K
  class space    used 26090K, committed 27712K, reserved 1048576K
}
Event: 196.513 GC heap before
{Heap before GC invocations=46 (full 0):
 garbage-first heap   total 409600K, used 365403K [0x0000000600000000, 0x0000000800000000)
  region size 4096K, 37 young (151552K), 5 survivors (20480K)
 Metaspace       used 199388K, committed 202816K, reserved 1245184K
  class space    used 26388K, committed 28096K, reserved 1048576K
}
Event: 196.542 GC heap after
{Heap after GC invocations=47 (full 0):
 garbage-first heap   total 409600K, used 240018K [0x0000000600000000, 0x0000000800000000)
  region size 4096K, 5 young (20480K), 5 survivors (20480K)
 Metaspace       used 199388K, committed 202816K, reserved 1245184K
  class space    used 26388K, committed 28096K, reserved 1048576K
}
Event: 198.014 GC heap before
{Heap before GC invocations=47 (full 0):
 garbage-first heap   total 409600K, used 366994K [0x0000000600000000, 0x0000000800000000)
  region size 4096K, 36 young (147456K), 5 survivors (20480K)
 Metaspace       used 199918K, committed 203328K, reserved 1245184K
  class space    used 26405K, committed 28096K, reserved 1048576K
}
Event: 198.042 GC heap after
{Heap after GC invocations=48 (full 0):
 garbage-first heap   total 491520K, used 254558K [0x0000000600000000, 0x0000000800000000)
  region size 4096K, 4 young (16384K), 4 survivors (16384K)
 Metaspace       used 199918K, committed 203328K, reserved 1245184K
  class space    used 26405K, committed 28096K, reserved 1048576K
}

Dll operation events (17 events):
Event: 0.017 Loaded shared library C:\Users\DELL\.jdks\corretto-21.0.3\bin\java.dll
Event: 0.055 Loaded shared library C:\Users\DELL\.jdks\corretto-21.0.3\bin\jsvml.dll
Event: 0.105 Loaded shared library C:\Users\DELL\.jdks\corretto-21.0.3\bin\zip.dll
Event: 0.109 Loaded shared library C:\Users\DELL\.jdks\corretto-21.0.3\bin\instrument.dll
Event: 0.117 Loaded shared library C:\Users\DELL\.jdks\corretto-21.0.3\bin\net.dll
Event: 0.125 Loaded shared library C:\Users\DELL\.jdks\corretto-21.0.3\bin\nio.dll
Event: 0.127 Loaded shared library C:\Users\DELL\.jdks\corretto-21.0.3\bin\zip.dll
Event: 0.358 Loaded shared library C:\Users\DELL\.jdks\corretto-21.0.3\bin\jimage.dll
Event: 0.463 Loaded shared library C:\Users\DELL\.jdks\corretto-21.0.3\bin\verify.dll
Event: 0.600 Loaded shared library C:\Users\DELL\.gradle\native\1def1411415f61bf3af743bc5b6707747c0891f09f0c88961ee8f79bc544acac\windows-amd64\native-platform.dll
Event: 0.609 Loaded shared library C:\Users\DELL\.gradle\native\0.2.5\x86_64-windows-gnu\gradle-fileevents.dll
Event: 1.520 Loaded shared library C:\Users\DELL\.jdks\corretto-21.0.3\bin\management.dll
Event: 1.527 Loaded shared library C:\Users\DELL\.jdks\corretto-21.0.3\bin\management_ext.dll
Event: 1.739 Loaded shared library C:\Users\DELL\.jdks\corretto-21.0.3\bin\extnet.dll
Event: 1.906 Loaded shared library C:\Users\DELL\.jdks\corretto-21.0.3\bin\sunmscapi.dll
Event: 2.534 Loaded shared library C:\Users\DELL\AppData\Local\Temp\native-platform15113807196559606567dir\gradle-fileevents.dll
Event: 14.553 Loaded shared library C:\Users\DELL\.jdks\corretto-21.0.3\bin\rmi.dll

Deoptimization events (20 events):
Event: 204.957 Thread 0x000002121d89eeb0 Uncommon trap: trap_request=0xffffffd6 fr.pc=0x00000211ba3fd568 relative=0x0000000000003d68
Event: 204.957 Thread 0x000002121d89eeb0 Uncommon trap: reason=array_check action=maybe_recompile pc=0x00000211ba3fd568 method=org.gradle.internal.service.DefaultServiceRegistry$FactoryService.bind()V @ 131 c2
Event: 204.957 Thread 0x000002121d89eeb0 DEOPT PACKING pc=0x00000211ba3fd568 sp=0x0000006ed88fd760
Event: 204.957 Thread 0x000002121d89eeb0 DEOPT UNPACKING pc=0x00000211b9017da2 sp=0x0000006ed88fd760 mode 2
Event: 204.960 Thread 0x000002121d89eeb0 Uncommon trap: trap_request=0xffffffd6 fr.pc=0x00000211ba3fd568 relative=0x0000000000003d68
Event: 204.960 Thread 0x000002121d89eeb0 Uncommon trap: reason=array_check action=maybe_recompile pc=0x00000211ba3fd568 method=org.gradle.internal.service.DefaultServiceRegistry$FactoryService.bind()V @ 131 c2
Event: 204.960 Thread 0x000002121d89eeb0 DEOPT PACKING pc=0x00000211ba3fd568 sp=0x0000006ed88fd830
Event: 204.961 Thread 0x000002121d89eeb0 DEOPT UNPACKING pc=0x00000211b9017da2 sp=0x0000006ed88fd830 mode 2
Event: 205.027 Thread 0x000002121d89eeb0 Uncommon trap: trap_request=0xffffffde fr.pc=0x00000211b9c53194 relative=0x0000000000000b94
Event: 205.027 Thread 0x000002121d89eeb0 Uncommon trap: reason=class_check action=maybe_recompile pc=0x00000211b9c53194 method=org.gradle.internal.file.FileHierarchySet$Node.contains(Ljava/lang/String;I)Z @ 55 c2
Event: 205.027 Thread 0x000002121d89eeb0 DEOPT PACKING pc=0x00000211b9c53194 sp=0x0000006ed88f91e0
Event: 205.027 Thread 0x000002121d89eeb0 DEOPT UNPACKING pc=0x00000211b9017da2 sp=0x0000006ed88f91b0 mode 2
Event: 205.065 Thread 0x000002121d89eeb0 Uncommon trap: trap_request=0xffffff45 fr.pc=0x00000211ba67141c relative=0x000000000000167c
Event: 205.065 Thread 0x000002121d89eeb0 Uncommon trap: reason=unstable_if action=reinterpret pc=0x00000211ba67141c method=org.gradle.internal.ImmutableActionSet.mergeFrom(Lorg/gradle/internal/ImmutableActionSet;)Lorg/gradle/internal/ImmutableActionSet; @ 11 c2
Event: 205.065 Thread 0x000002121d89eeb0 DEOPT PACKING pc=0x00000211ba67141c sp=0x0000006ed88f5160
Event: 205.065 Thread 0x000002121d89eeb0 DEOPT UNPACKING pc=0x00000211b9017da2 sp=0x0000006ed88f50e0 mode 2
Event: 205.065 Thread 0x000002121d89eeb0 Uncommon trap: trap_request=0xffffff45 fr.pc=0x00000211b9faebac relative=0x00000000000001ac
Event: 205.065 Thread 0x000002121d89eeb0 Uncommon trap: reason=unstable_if action=reinterpret pc=0x00000211b9faebac method=org.gradle.internal.ImmutableActionSet.mergeFrom(Lorg/gradle/internal/ImmutableActionSet;)Lorg/gradle/internal/ImmutableActionSet; @ 11 c2
Event: 205.065 Thread 0x000002121d89eeb0 DEOPT PACKING pc=0x00000211b9faebac sp=0x0000006ed88f5130
Event: 205.065 Thread 0x000002121d89eeb0 DEOPT UNPACKING pc=0x00000211b9017da2 sp=0x0000006ed88f50e0 mode 2

Classes loaded (20 events):
Event: 194.693 Loading class java/util/concurrent/CompletableFuture$AsyncRun
Event: 194.693 Loading class java/util/concurrent/CompletableFuture$AsyncRun done
Event: 195.852 Loading class jdk/internal/math/FormattedFPDecimal
Event: 195.852 Loading class jdk/internal/math/FormattedFPDecimal done
Event: 198.889 Loading class java/util/TreeSetBeanInfo
Event: 198.889 Loading class java/util/TreeSetBeanInfo done
Event: 198.889 Loading class java/util/TreeSetBeanInfo
Event: 198.889 Loading class java/util/TreeSetBeanInfo done
Event: 198.890 Loading class java/util/AbstractSetBeanInfo
Event: 198.890 Loading class java/util/AbstractSetBeanInfo done
Event: 198.890 Loading class java/util/AbstractSetBeanInfo
Event: 198.890 Loading class java/util/AbstractSetBeanInfo done
Event: 198.890 Loading class java/util/AbstractSetCustomizer
Event: 198.890 Loading class java/util/AbstractSetCustomizer done
Event: 198.890 Loading class java/util/AbstractSetCustomizer
Event: 198.890 Loading class java/util/AbstractSetCustomizer done
Event: 198.891 Loading class java/util/TreeSetCustomizer
Event: 198.891 Loading class java/util/TreeSetCustomizer done
Event: 198.891 Loading class java/util/TreeSetCustomizer
Event: 198.891 Loading class java/util/TreeSetCustomizer done

Classes unloaded (8 events):
Event: 192.764 Thread 0x00000211d417d9c0 Unloading class 0x00000211d9852000 '_BuildScript_$_run_closure2'
Event: 192.764 Thread 0x00000211d417d9c0 Unloading class 0x00000211d9851bb8 '_BuildScript_$_run_closure1$_closure5$_closure7'
Event: 192.764 Thread 0x00000211d417d9c0 Unloading class 0x00000211d98517d0 '_BuildScript_$_run_closure1$_closure5$_closure6'
Event: 192.764 Thread 0x00000211d417d9c0 Unloading class 0x00000211d98513e8 '_BuildScript_$_run_closure1$_closure5'
Event: 192.764 Thread 0x00000211d417d9c0 Unloading class 0x00000211d9851000 '_BuildScript_$_run_closure1$_closure4'
Event: 192.764 Thread 0x00000211d417d9c0 Unloading class 0x00000211d9850920 '_BuildScript_$_run_closure1$_closure3'
Event: 192.764 Thread 0x00000211d417d9c0 Unloading class 0x00000211d9850538 '_BuildScript_$_run_closure1'
Event: 192.764 Thread 0x00000211d417d9c0 Unloading class 0x00000211d9850000 '_BuildScript_'

Classes redefined (0 events):
No events

Internal exceptions (20 events):
Event: 196.892 Thread 0x000002121d89eeb0 Exception <a 'java/lang/ClassNotFoundException'{0x0000000615617880}: include_flutterCustomizer> (0x0000000615617880) 
thrown [s\src\hotspot\share\classfile\systemDictionary.cpp, line 312]
Event: 196.941 Thread 0x000002121d89eeb0 Implicit null exception at 0x00000211b9e47a03 to 0x00000211b9e47cd8
Event: 198.875 Thread 0x000002121d89eeb0 Exception <a 'java/lang/ClassNotFoundException'{0x000000061b16fe38}: org/gradle/util/GradleVersionBeanInfo> (0x000000061b16fe38) 
thrown [s\src\hotspot\share\classfile\systemDictionary.cpp, line 312]
Event: 198.875 Thread 0x000002121d89eeb0 Exception <a 'java/lang/ClassNotFoundException'{0x000000061b1764c0}: org/gradle/util/GradleVersionCustomizer> (0x000000061b1764c0) 
thrown [s\src\hotspot\share\classfile\systemDictionary.cpp, line 312]
Event: 198.881 Thread 0x000002121d89eeb0 Exception <a 'java/lang/ClassNotFoundException'{0x000000061b19c330}: org/gradle/util/internal/DefaultGradleVersionBeanInfo> (0x000000061b19c330) 
thrown [s\src\hotspot\share\classfile\systemDictionary.cpp, line 312]
Event: 198.881 Thread 0x000002121d89eeb0 Exception <a 'java/lang/ClassNotFoundException'{0x000000061b1a34c0}: org/gradle/util/internal/DefaultGradleVersionCustomizer> (0x000000061b1a34c0) 
thrown [s\src\hotspot\share\classfile\systemDictionary.cpp, line 312]
Event: 198.889 Thread 0x000002121d89eeb0 Exception <a 'java/lang/ClassNotFoundException'{0x000000061b32e258}: java/util/TreeSetBeanInfo> (0x000000061b32e258) 
thrown [s\src\hotspot\share\classfile\systemDictionary.cpp, line 312]
Event: 198.890 Thread 0x000002121d89eeb0 Exception <a 'java/lang/ClassNotFoundException'{0x000000061b332010}: java/util/AbstractSetBeanInfo> (0x000000061b332010) 
thrown [s\src\hotspot\share\classfile\systemDictionary.cpp, line 312]
Event: 198.890 Thread 0x000002121d89eeb0 Exception <a 'java/lang/ClassNotFoundException'{0x000000061b3360d8}: java/util/AbstractSetCustomizer> (0x000000061b3360d8) 
thrown [s\src\hotspot\share\classfile\systemDictionary.cpp, line 312]
Event: 198.891 Thread 0x000002121d89eeb0 Exception <a 'java/lang/ClassNotFoundException'{0x000000061b357248}: java/util/TreeSetCustomizer> (0x000000061b357248) 
thrown [s\src\hotspot\share\classfile\systemDictionary.cpp, line 312]
Event: 199.034 Thread 0x000002123878b760 Exception <a 'sun/nio/fs/WindowsException'{0x000000061a402378}> (0x000000061a402378) 
thrown [s\src\hotspot\share\prims\jni.cpp, line 520]
Event: 199.034 Thread 0x000002123878b760 Exception <a 'sun/nio/fs/WindowsException'{0x000000061a403240}> (0x000000061a403240) 
thrown [s\src\hotspot\share\prims\jni.cpp, line 520]
Event: 205.008 Thread 0x000002121d89eeb0 Exception <a 'sun/nio/fs/WindowsException'{0x000000061a219870}> (0x000000061a219870) 
thrown [s\src\hotspot\share\prims\jni.cpp, line 520]
Event: 205.008 Thread 0x000002121d89eeb0 Exception <a 'sun/nio/fs/WindowsException'{0x000000061a21afc0}> (0x000000061a21afc0) 
thrown [s\src\hotspot\share\prims\jni.cpp, line 520]
Event: 205.009 Thread 0x000002121d89eeb0 Exception <a 'sun/nio/fs/WindowsException'{0x000000061a21c708}> (0x000000061a21c708) 
thrown [s\src\hotspot\share\prims\jni.cpp, line 520]
Event: 205.009 Thread 0x000002121d89eeb0 Exception <a 'sun/nio/fs/WindowsException'{0x000000061a21de40}> (0x000000061a21de40) 
thrown [s\src\hotspot\share\prims\jni.cpp, line 520]
Event: 205.047 Thread 0x000002121d89eeb0 Exception <a 'sun/nio/fs/WindowsException'{0x000000061a338258}> (0x000000061a338258) 
thrown [s\src\hotspot\share\prims\jni.cpp, line 520]
Event: 205.048 Thread 0x000002121d89eeb0 Exception <a 'sun/nio/fs/WindowsException'{0x000000061a339f08}> (0x000000061a339f08) 
thrown [s\src\hotspot\share\prims\jni.cpp, line 520]
Event: 205.048 Thread 0x000002121d89eeb0 Exception <a 'sun/nio/fs/WindowsException'{0x000000061a33bbb0}> (0x000000061a33bbb0) 
thrown [s\src\hotspot\share\prims\jni.cpp, line 520]
Event: 205.049 Thread 0x000002121d89eeb0 Exception <a 'sun/nio/fs/WindowsException'{0x000000061a33d848}> (0x000000061a33d848) 
thrown [s\src\hotspot\share\prims\jni.cpp, line 520]

ZGC Phase Switch (0 events):
No events

VM Operations (20 events):
Event: 196.375 Executing VM operation: ICBufferFull
Event: 196.375 Executing VM operation: ICBufferFull done
Event: 196.512 Executing VM operation: G1CollectForAllocation (G1 Evacuation Pause)
Event: 196.542 Executing VM operation: G1CollectForAllocation (G1 Evacuation Pause) done
Event: 196.884 Executing VM operation: ICBufferFull
Event: 196.884 Executing VM operation: ICBufferFull done
Event: 197.387 Executing VM operation: ICBufferFull
Event: 197.387 Executing VM operation: ICBufferFull done
Event: 198.014 Executing VM operation: G1CollectForAllocation (G1 Evacuation Pause)
Event: 198.065 Executing VM operation: G1CollectForAllocation (G1 Evacuation Pause) done
Event: 198.305 Executing VM operation: G1PauseRemark
Event: 198.414 Executing VM operation: G1PauseRemark done
Event: 198.505 Executing VM operation: G1PauseCleanup
Event: 198.506 Executing VM operation: G1PauseCleanup done
Event: 200.506 Executing VM operation: Cleanup
Event: 200.506 Executing VM operation: Cleanup done
Event: 202.507 Executing VM operation: Cleanup
Event: 202.507 Executing VM operation: Cleanup done
Event: 204.508 Executing VM operation: Cleanup
Event: 204.508 Executing VM operation: Cleanup done

Events (20 events):
Event: 199.000 Thread 0x000002123879a3a0 Thread exited: 0x000002123879a3a0
Event: 199.000 Thread 0x000002122095bf50 Thread exited: 0x000002122095bf50
Event: 199.010 Thread 0x000002123878d830 Thread exited: 0x000002123878d830
Event: 199.012 Thread 0x000002123878b0d0 Thread exited: 0x000002123878b0d0
Event: 199.021 Thread 0x000002123878e550 Thread exited: 0x000002123878e550
Event: 199.031 Thread 0x000002123878c480 Thread exited: 0x000002123878c480
Event: 199.035 Thread 0x000002123878dec0 Thread exited: 0x000002123878dec0
Event: 201.858 Thread 0x000002122266ee50 Thread exited: 0x000002122266ee50
Event: 204.939 Thread 0x00000212246a5a90 Thread added: 0x00000212246a5a90
Event: 204.946 Thread 0x00000212246a67b0 Thread added: 0x00000212246a67b0
Event: 204.954 Thread 0x00000212246aca20 Thread added: 0x00000212246aca20
Event: 204.955 Thread 0x00000212246aa2c0 Thread added: 0x00000212246aa2c0
Event: 204.956 Thread 0x000002123878b0d0 Thread added: 0x000002123878b0d0
Event: 204.967 Thread 0x000002123878e550 Thread added: 0x000002123878e550
Event: 204.972 Thread 0x000002123878cb10 Thread added: 0x000002123878cb10
Event: 204.994 Thread 0x000002123878dec0 Thread added: 0x000002123878dec0
Event: 205.016 Thread 0x0000021223587230 Thread added: 0x0000021223587230
Event: 205.018 Thread 0x000002123878bdf0 Thread added: 0x000002123878bdf0
Event: 205.022 Thread 0x000002123878d830 Thread added: 0x000002123878d830
Event: 205.031 Thread 0x000002123878f270 Thread added: 0x000002123878f270


Dynamic libraries:
0x00007ff6890b0000 - 0x00007ff6890be000 	C:\Users\DELL\.jdks\corretto-21.0.3\bin\java.exe
0x00007ffb810a0000 - 0x00007ffb81305000 	C:\WINDOWS\SYSTEM32\ntdll.dll
0x00007ffb46020000 - 0x00007ffb4603b000 	C:\Program Files\Avast Software\Avast\aswhook.dll
0x00007ffb7ff10000 - 0x00007ffb7ffd9000 	C:\WINDOWS\System32\KERNEL32.DLL
0x00007ffb7e520000 - 0x00007ffb7e908000 	C:\WINDOWS\System32\KERNELBASE.dll
0x00007ffb7e290000 - 0x00007ffb7e3db000 	C:\WINDOWS\System32\ucrtbase.dll
0x00007ffb58850000 - 0x00007ffb58868000 	C:\Users\DELL\.jdks\corretto-21.0.3\bin\jli.dll
0x00007ffb57cf0000 - 0x00007ffb57d0b000 	C:\Users\DELL\.jdks\corretto-21.0.3\bin\VCRUNTIME140.dll
0x00007ffb80b70000 - 0x00007ffb80d3a000 	C:\WINDOWS\System32\USER32.dll
0x00007ffb63a10000 - 0x00007ffb63caa000 	C:\WINDOWS\WinSxS\amd64_microsoft.windows.common-controls_6595b64144ccf1df_6.0.26100.4202_none_3e0698d4e335f517\COMCTL32.dll
0x00007ffb7ea90000 - 0x00007ffb7eab7000 	C:\WINDOWS\System32\win32u.dll
0x00007ffb80100000 - 0x00007ffb801a9000 	C:\WINDOWS\System32\msvcrt.dll
0x00007ffb801c0000 - 0x00007ffb801eb000 	C:\WINDOWS\System32\GDI32.dll
0x00007ffb7ed00000 - 0x00007ffb7ee37000 	C:\WINDOWS\System32\gdi32full.dll
0x00007ffb7e470000 - 0x00007ffb7e513000 	C:\WINDOWS\System32\msvcp_win.dll
0x00007ffb7faf0000 - 0x00007ffb7fb20000 	C:\WINDOWS\System32\IMM32.DLL
0x00007ffb58840000 - 0x00007ffb5884c000 	C:\Users\DELL\.jdks\corretto-21.0.3\bin\vcruntime140_1.dll
0x00007ffb158d0000 - 0x00007ffb1595d000 	C:\Users\DELL\.jdks\corretto-21.0.3\bin\msvcp140.dll
0x00007ffac0ac0000 - 0x00007ffac1851000 	C:\Users\DELL\.jdks\corretto-21.0.3\bin\server\jvm.dll
0x00007ffb80ab0000 - 0x00007ffb80b63000 	C:\WINDOWS\System32\ADVAPI32.dll
0x00007ffb80980000 - 0x00007ffb80a26000 	C:\WINDOWS\System32\sechost.dll
0x00007ffb7ffe0000 - 0x00007ffb800f5000 	C:\WINDOWS\System32\RPCRT4.dll
0x00007ffb801f0000 - 0x00007ffb80264000 	C:\WINDOWS\System32\WS2_32.dll
0x00007ffb7e040000 - 0x00007ffb7e09e000 	C:\WINDOWS\SYSTEM32\POWRPROF.dll
0x00007ffb74600000 - 0x00007ffb74635000 	C:\WINDOWS\SYSTEM32\WINMM.dll
0x00007ffb6b600000 - 0x00007ffb6b60b000 	C:\WINDOWS\SYSTEM32\VERSION.dll
0x00007ffb7e010000 - 0x00007ffb7e024000 	C:\WINDOWS\SYSTEM32\UMPDC.dll
0x00007ffb7cf70000 - 0x00007ffb7cf8b000 	C:\WINDOWS\SYSTEM32\kernel.appcore.dll
0x00007ffb57ce0000 - 0x00007ffb57cea000 	C:\Users\DELL\.jdks\corretto-21.0.3\bin\jimage.dll
0x00007ffb7af50000 - 0x00007ffb7b191000 	C:\WINDOWS\SYSTEM32\DBGHELP.DLL
0x00007ffb7f700000 - 0x00007ffb7fa85000 	C:\WINDOWS\System32\combase.dll
0x00007ffb80300000 - 0x00007ffb803e1000 	C:\WINDOWS\System32\OLEAUT32.dll
0x00007ffb6ac00000 - 0x00007ffb6ac39000 	C:\WINDOWS\SYSTEM32\dbgcore.DLL
0x00007ffb7e1f0000 - 0x00007ffb7e289000 	C:\WINDOWS\System32\bcryptPrimitives.dll
0x00007ffb57200000 - 0x00007ffb5720e000 	C:\Users\DELL\.jdks\corretto-21.0.3\bin\instrument.dll
0x00007ffb571e0000 - 0x00007ffb571ff000 	C:\Users\DELL\.jdks\corretto-21.0.3\bin\java.dll
0x00007ffb7efb0000 - 0x00007ffb7f6f2000 	C:\WINDOWS\System32\SHELL32.dll
0x00007ffb7e910000 - 0x00007ffb7ea84000 	C:\WINDOWS\System32\wintypes.dll
0x00007ffb7be10000 - 0x00007ffb7c667000 	C:\WINDOWS\SYSTEM32\windows.storage.dll
0x00007ffb7ee40000 - 0x00007ffb7ef31000 	C:\WINDOWS\System32\SHCORE.dll
0x00007ffb7ef40000 - 0x00007ffb7efaa000 	C:\WINDOWS\System32\shlwapi.dll
0x00007ffb7e100000 - 0x00007ffb7e12f000 	C:\WINDOWS\SYSTEM32\profapi.dll
0x00007ffb05a30000 - 0x00007ffb05b07000 	C:\Users\DELL\.jdks\corretto-21.0.3\bin\jsvml.dll
0x00007ffb52b30000 - 0x00007ffb52b48000 	C:\Users\DELL\.jdks\corretto-21.0.3\bin\zip.dll
0x00007ffb56e50000 - 0x00007ffb56e60000 	C:\Users\DELL\.jdks\corretto-21.0.3\bin\net.dll
0x00007ffb77830000 - 0x00007ffb7794e000 	C:\WINDOWS\SYSTEM32\WINHTTP.dll
0x00007ffb7d4c0000 - 0x00007ffb7d52a000 	C:\WINDOWS\system32\mswsock.dll
0x00007ffb51720000 - 0x00007ffb51736000 	C:\Users\DELL\.jdks\corretto-21.0.3\bin\nio.dll
0x00007ffb55bf0000 - 0x00007ffb55c00000 	C:\Users\DELL\.jdks\corretto-21.0.3\bin\verify.dll
0x00007ffb5b1c0000 - 0x00007ffb5b1e7000 	C:\Users\DELL\.gradle\native\1def1411415f61bf3af743bc5b6707747c0891f09f0c88961ee8f79bc544acac\windows-amd64\native-platform.dll
0x0000000061a00000 - 0x0000000061a73000 	C:\Users\DELL\.gradle\native\0.2.5\x86_64-windows-gnu\gradle-fileevents.dll
0x00007ffb53dc0000 - 0x00007ffb53dc9000 	C:\Users\DELL\.jdks\corretto-21.0.3\bin\management.dll
0x00007ffb52d50000 - 0x00007ffb52d5b000 	C:\Users\DELL\.jdks\corretto-21.0.3\bin\management_ext.dll
0x00007ffb7fae0000 - 0x00007ffb7fae8000 	C:\WINDOWS\System32\PSAPI.DLL
0x00007ffb7d8a0000 - 0x00007ffb7d8bb000 	C:\WINDOWS\SYSTEM32\CRYPTSP.dll
0x00007ffb7ced0000 - 0x00007ffb7cf0a000 	C:\WINDOWS\system32\rsaenh.dll
0x00007ffb7d560000 - 0x00007ffb7d58b000 	C:\WINDOWS\SYSTEM32\USERENV.dll
0x00007ffb7e0d0000 - 0x00007ffb7e0f6000 	C:\WINDOWS\SYSTEM32\bcrypt.dll
0x00007ffb7d700000 - 0x00007ffb7d70c000 	C:\WINDOWS\SYSTEM32\CRYPTBASE.dll
0x00007ffb7ca30000 - 0x00007ffb7ca63000 	C:\WINDOWS\SYSTEM32\IPHLPAPI.DLL
0x00007ffb801b0000 - 0x00007ffb801ba000 	C:\WINDOWS\System32\NSI.dll
0x00007ffb517c0000 - 0x00007ffb517c9000 	C:\Users\DELL\.jdks\corretto-21.0.3\bin\extnet.dll
0x00007ffb51710000 - 0x00007ffb5171e000 	C:\Users\DELL\.jdks\corretto-21.0.3\bin\sunmscapi.dll
0x00007ffb7eb80000 - 0x00007ffb7ecf7000 	C:\WINDOWS\System32\CRYPT32.dll
0x00007ffb7d9f0000 - 0x00007ffb7da20000 	C:\WINDOWS\SYSTEM32\ncrypt.dll
0x00007ffb7d9a0000 - 0x00007ffb7d9df000 	C:\WINDOWS\SYSTEM32\NTASN1.dll
0x00007ffb34590000 - 0x00007ffb34598000 	C:\WINDOWS\system32\wshunix.dll
0x0000000061900000 - 0x0000000061973000 	C:\Users\DELL\AppData\Local\Temp\native-platform15113807196559606567dir\gradle-fileevents.dll
0x00007ffb44480000 - 0x00007ffb44498000 	C:\WINDOWS\system32\napinsp.dll
0x00007ffb7ca70000 - 0x00007ffb7cb97000 	C:\WINDOWS\SYSTEM32\DNSAPI.dll
0x00007ffb44460000 - 0x00007ffb44472000 	C:\WINDOWS\System32\winrnr.dll
0x00007ffb44420000 - 0x00007ffb44450000 	C:\WINDOWS\system32\nlansp_c.dll
0x00007ffb6e2c0000 - 0x00007ffb6e2e0000 	C:\WINDOWS\system32\wshbth.dll
0x00007ffb73e00000 - 0x00007ffb73e0b000 	C:\Windows\System32\rasadhlp.dll
0x00007ffb77ab0000 - 0x00007ffb77b36000 	C:\WINDOWS\System32\fwpuclnt.dll
0x00007ffb5b1b0000 - 0x00007ffb5b1b7000 	C:\Users\DELL\.jdks\corretto-21.0.3\bin\rmi.dll

dbghelp: loaded successfully - version: 4.0.5 - missing functions: none
symbol engine: initialized successfully - sym options: 0x614 - pdb path: .;C:\Users\DELL\.jdks\corretto-21.0.3\bin;C:\WINDOWS\SYSTEM32;C:\Program Files\Avast Software\Avast;C:\WINDOWS\WinSxS\amd64_microsoft.windows.common-controls_6595b64144ccf1df_6.0.26100.4202_none_3e0698d4e335f517;C:\Users\DELL\.jdks\corretto-21.0.3\bin\server;C:\Users\DELL\.gradle\native\1def1411415f61bf3af743bc5b6707747c0891f09f0c88961ee8f79bc544acac\windows-amd64;C:\Users\DELL\.gradle\native\0.2.5\x86_64-windows-gnu;C:\Users\DELL\AppData\Local\Temp\native-platform15113807196559606567dir

VM Arguments:
jvm_args: --add-opens=java.base/java.lang=ALL-UNNAMED --add-opens=java.base/java.lang.invoke=ALL-UNNAMED --add-opens=java.base/java.util=ALL-UNNAMED --add-opens=java.prefs/java.util.prefs=ALL-UNNAMED --add-exports=jdk.compiler/com.sun.tools.javac.api=ALL-UNNAMED --add-exports=jdk.compiler/com.sun.tools.javac.util=ALL-UNNAMED --add-opens=java.base/java.util=ALL-UNNAMED --add-opens=java.prefs/java.util.prefs=ALL-UNNAMED --add-opens=java.base/java.nio.charset=ALL-UNNAMED --add-opens=java.base/java.net=ALL-UNNAMED --add-opens=java.base/java.util.concurrent.atomic=ALL-UNNAMED --add-opens=java.xml/javax.xml.namespace=ALL-UNNAMED -XX:MaxMetaspaceSize=4G -XX:ReservedCodeCacheSize=512m -XX:+HeapDumpOnOutOfMemoryError -Xmx8G -Dfile.encoding=UTF-8 -Duser.country=FR -Duser.language=fr -Duser.variant -javaagent:C:\Users\DELL\.gradle\wrapper\dists\gradle-8.12-all\ejduaidbjup3bmmkhw3rie4zb\gradle-8.12\lib\agents\gradle-instrumentation-agent-8.12.jar 
java_command: org.gradle.launcher.daemon.bootstrap.GradleDaemon 8.12
java_class_path (initial): C:\Users\DELL\.gradle\wrapper\dists\gradle-8.12-all\ejduaidbjup3bmmkhw3rie4zb\gradle-8.12\lib\gradle-daemon-main-8.12.jar
Launcher Type: SUN_STANDARD

[Global flags]
     intx CICompilerCount                          = 4                                         {product} {ergonomic}
     uint ConcGCThreads                            = 2                                         {product} {ergonomic}
     uint G1ConcRefinementThreads                  = 8                                         {product} {ergonomic}
   size_t G1HeapRegionSize                         = 4194304                                   {product} {ergonomic}
    uintx GCDrainStackTargetSize                   = 64                                        {product} {ergonomic}
     bool HeapDumpOnOutOfMemoryError               = true                                   {manageable} {command line}
   size_t InitialHeapSize                          = 264241152                                 {product} {ergonomic}
   size_t MarkStackSize                            = 4194304                                   {product} {ergonomic}
   size_t MaxHeapSize                              = 8589934592                                {product} {command line}
   size_t MaxMetaspaceSize                         = 4294967296                                {product} {command line}
   size_t MaxNewSize                               = 5150605312                                {product} {ergonomic}
   size_t MinHeapDeltaBytes                        = 4194304                                   {product} {ergonomic}
   size_t MinHeapSize                              = 8388608                                   {product} {ergonomic}
    uintx NonNMethodCodeHeapSize                   = 5839372                                {pd product} {ergonomic}
    uintx NonProfiledCodeHeapSize                  = 265515770                              {pd product} {ergonomic}
    uintx ProfiledCodeHeapSize                     = 265515770                              {pd product} {ergonomic}
    uintx ReservedCodeCacheSize                    = 536870912                              {pd product} {command line}
     bool SegmentedCodeCache                       = true                                      {product} {ergonomic}
   size_t SoftMaxHeapSize                          = 8589934592                             {manageable} {ergonomic}
     bool UseCompressedOops                        = true                           {product lp64_product} {ergonomic}
     bool UseG1GC                                  = true                                      {product} {ergonomic}
     bool UseLargePagesIndividualAllocation        = false                                  {pd product} {ergonomic}

Logging:
Log output configuration:
 #0: stdout all=warning uptime,level,tags foldmultilines=false
 #1: stderr all=off uptime,level,tags foldmultilines=false

Environment Variables:
JAVA_HOME=C:\java\jdk-17.0.12
PATH=C:\Program Files\Common Files\Oracle\Java\javapath;C:\WINDOWS\system32;C:\WINDOWS;C:\WINDOWS\System32\Wbem;C:\WINDOWS\System32\WindowsPowerShell\v1.0\;C:\WINDOWS\System32\OpenSSH\;C:\ProgramData\chocolatey\bin;C:\xampp\php;C:\Users\DELL\Downloads\mysql-8.0.39-winx64\bin;C:\Users\DELL\Downloads\apache-maven-3.9.9\bin;C:\Program Files\Docker\Docker\resources\bin;C:\Program Files\Git\cmd;C:\Program Files\nodejs\;C:\Users\DELL\AppData\Local\Android\Sdk\platform-tools;C:\Users\DELL\AppData\Roaming\npm;C:\Users\DELL\Downloads\apache-maven-3.9.9-bin\apache-maven-3.9.9\bin;C:\hadoop\spark-3.5.5\bin;C:\hadoop\spark-3.5.5\sbin;C:\GAMS\42\apifiles\Java\api;C:\Users\DELL\AppData\Roaming\Code\User\globalStorage\pleiades.java-extension-pack-jdk\gradle\latest\bin;C:\Users\DELL\.jdks\corretto-21.0.3\bin;C:\Program Files\Common Files\Oracle\Java\javapath;C:\WINDOWS\system32;C:\WINDOWS;C:\WINDOWS\System32\Wbem;C:\WINDOWS\System32\WindowsPowerShell\v1.0\;C:\WINDOWS\System32\OpenSSH\;C:\ProgramData\chocolatey\bin;C:\xampp\php;C:\ProgramData\ComposerSetup\bin;C:\Users\DELL\Downloads\apache-maven-3.9.9\bin;C:\Program Files\Microsoft SQL Server\Client SDK\ODBC\170\Tools\Binn\;C:\Program Files\Microsoft SQL Server\150\Tools\Binn\;C:\Program Files\dotnet\;C:\Program Files\Docker\Docker\resources\bin;C:\Program Files\Git\cmd;C:\Program Files\nodejs\;C:\Users\DELL\AppData\Local\Programs\Python\Python312\Scripts\;C:\Users\DELL\AppData\Local\Programs\Python\Python312\;C:\Users\DELL\AppData\Local\Programs\Python\Python313\Scripts\;C:\Users\DELL\AppData\Local\Programs\Python\Python313\;C:\Users\DELL\AppData\Local\Programs\Python\Laun;C:\Users\DELL\AppData\Local\Programs\Microsoft VS Code\bin;C:\hadoop\bin;C:\spark-3.5.5\bin;C:\flutter\bin;C:\Users\DELL\AppData\Local\Android\Sdk\cmdline-tools\latest\bin;
USERNAME=DELL
OS=Windows_NT
PROCESSOR_IDENTIFIER=Intel64 Family 6 Model 140 Stepping 1, GenuineIntel
TMP=C:\Users\DELL\AppData\Local\Temp
TEMP=C:\Users\DELL\AppData\Local\Temp




Periodic native trim disabled

---------------  S Y S T E M  ---------------

OS:
 Windows 11 , 64 bit Build 26100 (10.0.26100.4202)
OS uptime: 1 days 21:04 hours
Hyper-V role detected

CPU: total 8 (initial active 8) (4 cores per cpu, 2 threads per core) family 6 model 140 stepping 1 microcode 0xbc, cx8, cmov, fxsr, ht, mmx, 3dnowpref, sse, sse2, sse3, ssse3, sse4.1, sse4.2, popcnt, lzcnt, tsc, tscinvbit, avx, avx2, aes, erms, clmul, bmi1, bmi2, adx, avx512f, avx512dq, avx512cd, avx512bw, avx512vl, sha, fma, vzeroupper, avx512_vpopcntdq, avx512_vpclmulqdq, avx512_vaes, avx512_vnni, clflush, clflushopt, clwb, avx512_vbmi2, avx512_vbmi, hv, rdtscp, rdpid, fsrm, gfni, avx512_bitalg, f16c, cet_ibt, cet_ss, avx512_ifma
Processor Information for all 8 processors :
  Max Mhz: 1498, Current Mhz: 1498, Mhz Limit: 1498

Memory: 4k page, system-wide physical 16110M (1769M free)
TotalPageFile size 29458M (AvailPageFile size 0M)
current process WorkingSet (physical memory assigned to process): 944M, peak: 944M
current process commit charge ("private bytes"): 1011M, peak: 1018M

vm_info: OpenJDK 64-Bit Server VM (21.0.3+9-LTS) for windows-amd64 JRE (21.0.3+9-LTS), built on 2024-04-10T19:10:39Z by "Administrator" with MS VC++ 16.10 / 16.11 (VS2019)

END.
