#
# There is insufficient memory for the Java Runtime Environment to continue.
# Native memory allocation (malloc) failed to allocate 181136 bytes. Error detail: Chunk::new
# Possible reasons:
#   The system is out of physical RAM or swap space
#   This process is running with CompressedOops enabled, and the Java Heap may be blocking the growth of the native heap
# Possible solutions:
#   Reduce memory load on the system
#   Increase physical memory or swap space
#   Check if swap backing store is full
#   Decrease Java heap size (-Xmx/-Xms)
#   Decrease number of Java threads
#   Decrease Java thread stack sizes (-Xss)
#   Set larger code cache with -XX:ReservedCodeCacheSize=
#   JVM is running with Unscaled Compressed Oops mode in which the Java heap is
#     placed in the first 4GB address space. The Java Heap base address is the
#     maximum limit for the native heap growth. Please use -XX:HeapBaseMinAddress
#     to set the Java Heap base and to place the Java Heap above 4GB virtual address.
# This output file may be truncated or incomplete.
#
#  Out of Memory Error (arena.cpp:168), pid=26588, tid=5284
#
# JRE version: OpenJDK Runtime Environment Temurin-21.0.7+6 (21.0.7+6) (build 21.0.7+6-LTS)
# Java VM: OpenJDK 64-Bit Server VM Temurin-21.0.7+6 (21.0.7+6-LTS, mixed mode, sharing, tiered, compressed oops, compressed class ptrs, parallel gc, windows-amd64)
# No core dump will be written. Minidumps are not enabled by default on client versions of Windows
#

---------------  S U M M A R Y ------------

Command Line: --add-modules=ALL-SYSTEM --add-opens=java.base/java.util=ALL-UNNAMED --add-opens=java.base/java.lang=ALL-UNNAMED --add-opens=java.base/sun.nio.fs=ALL-UNNAMED -Declipse.application=org.eclipse.jdt.ls.core.id1 -Dosgi.bundles.defaultStartLevel=4 -Declipse.product=org.eclipse.jdt.ls.core.product -Djava.import.generatesMetadataFilesAtProjectRoot=false -DDetectVMInstallationsJob.disabled=true -Dfile.encoding=utf8 -XX:+UseParallelGC -XX:GCTimeRatio=4 -XX:AdaptiveSizePolicyWeight=90 -Dsun.zip.disableMemoryMapping=true -Xmx1G -Xms100m -Xlog:disable -javaagent:c:\Users\DELL\.vscode\extensions\redhat.java-1.42.0-win32-x64\lombok\lombok-1.18.36.jar c:\Users\DELL\.vscode\extensions\redhat.java-1.42.0-win32-x64\server\plugins\org.eclipse.equinox.launcher_1.7.0.v20250424-1814.jar -configuration c:\Users\DELL\AppData\Roaming\Code\User\globalStorage\redhat.java\1.42.0\config_ss_win -data c:\Users\DELL\AppData\Roaming\Code\User\workspaceStorage\3153aba65d40b277a62e41f270b05dfd\redhat.java\ss_ws --pipe=\\.\pipe\lsp-52894f99ac250447a336b7b1427c6c9a-sock

Host: 11th Gen Intel(R) Core(TM) i5-1145G7 @ 2.60GHz, 8 cores, 15G,  Windows 11 , 64 bit Build 26100 (10.0.26100.4202)
Time: Thu Jun 12 15:48:56 2025 Greenwich elapsed time: 4.470189 seconds (0d 0h 0m 4s)

---------------  T H R E A D  ---------------

Current thread (0x000001c77f7ba0d0):  JavaThread "C2 CompilerThread0" daemon [_thread_in_native, id=5284, stack(0x0000005a6e400000,0x0000005a6e500000) (1024K)]


Current CompileTask:
C2:4470 1940   !   4       java.io.BufferedInputStream::read (69 bytes)

Stack: [0x0000005a6e400000,0x0000005a6e500000]
Native frames: (J=compiled Java code, j=interpreted, Vv=VM code, C=native code)
V  [jvm.dll+0x6ce119]
V  [jvm.dll+0x8a84a1]
V  [jvm.dll+0x8aa9ce]
V  [jvm.dll+0x8ab0b3]
V  [jvm.dll+0x27f8a6]
V  [jvm.dll+0xc507d]
V  [jvm.dll+0xc55b3]
V  [jvm.dll+0x2f2c6d]
V  [jvm.dll+0x5f6bca]
V  [jvm.dll+0x250cb2]
V  [jvm.dll+0x249626]
V  [jvm.dll+0x246fc4]
V  [jvm.dll+0x1c760e]
V  [jvm.dll+0x25695a]
V  [jvm.dll+0x254efa]
V  [jvm.dll+0x3f03f6]
V  [jvm.dll+0x851f6b]
V  [jvm.dll+0x6cc7dd]
C  [ucrtbase.dll+0x37b0]
C  [KERNEL32.DLL+0x2e8d7]
C  [ntdll.dll+0x3c34c]


---------------  P R O C E S S  ---------------

Threads class SMR info:
_java_thread_list=0x000001c7491ffb40, length=18, elements={
0x000001c76d3f41b0, 0x000001c77f7a8380, 0x000001c76d4ad160, 0x000001c77f7ad1d0,
0x000001c77f7ade20, 0x000001c77f7b6840, 0x000001c77f7b7290, 0x000001c77f7ba0d0,
0x000001c74427c5e0, 0x000001c744307df0, 0x000001c744521a80, 0x000001c749043d60,
0x000001c744df6720, 0x000001c744df8d90, 0x000001c744de4390, 0x000001c7491eda00,
0x000001c7491683c0, 0x000001c749314770
}

Java Threads: ( => current thread )
  0x000001c76d3f41b0 JavaThread "main"                              [_thread_blocked, id=6396, stack(0x0000005a6da00000,0x0000005a6db00000) (1024K)]
  0x000001c77f7a8380 JavaThread "Reference Handler"          daemon [_thread_blocked, id=3052, stack(0x0000005a6de00000,0x0000005a6df00000) (1024K)]
  0x000001c76d4ad160 JavaThread "Finalizer"                  daemon [_thread_blocked, id=18828, stack(0x0000005a6df00000,0x0000005a6e000000) (1024K)]
  0x000001c77f7ad1d0 JavaThread "Signal Dispatcher"          daemon [_thread_blocked, id=19416, stack(0x0000005a6e000000,0x0000005a6e100000) (1024K)]
  0x000001c77f7ade20 JavaThread "Attach Listener"            daemon [_thread_blocked, id=9780, stack(0x0000005a6e100000,0x0000005a6e200000) (1024K)]
  0x000001c77f7b6840 JavaThread "Service Thread"             daemon [_thread_blocked, id=21264, stack(0x0000005a6e200000,0x0000005a6e300000) (1024K)]
  0x000001c77f7b7290 JavaThread "Monitor Deflation Thread"   daemon [_thread_blocked, id=21292, stack(0x0000005a6e300000,0x0000005a6e400000) (1024K)]
=>0x000001c77f7ba0d0 JavaThread "C2 CompilerThread0"         daemon [_thread_in_native, id=5284, stack(0x0000005a6e400000,0x0000005a6e500000) (1024K)]
  0x000001c74427c5e0 JavaThread "C1 CompilerThread0"         daemon [_thread_blocked, id=27260, stack(0x0000005a6e500000,0x0000005a6e600000) (1024K)]
  0x000001c744307df0 JavaThread "Common-Cleaner"             daemon [_thread_blocked, id=22284, stack(0x0000005a6e600000,0x0000005a6e700000) (1024K)]
  0x000001c744521a80 JavaThread "Notification Thread"        daemon [_thread_blocked, id=21312, stack(0x0000005a6e700000,0x0000005a6e800000) (1024K)]
  0x000001c749043d60 JavaThread "Active Thread: Equinox Container: 4bf2d241-3475-4b56-b150-d8cb83881789"        [_thread_blocked, id=2160, stack(0x0000005a6ee00000,0x0000005a6ef00000) (1024K)]
  0x000001c744df6720 JavaThread "Framework Event Dispatcher: Equinox Container: 4bf2d241-3475-4b56-b150-d8cb83881789" daemon [_thread_in_Java, id=1016, stack(0x0000005a6f000000,0x0000005a6f100000) (1024K)]
  0x000001c744df8d90 JavaThread "Start Level: Equinox Container: 4bf2d241-3475-4b56-b150-d8cb83881789" daemon [_thread_in_vm, id=15084, stack(0x0000005a6f100000,0x0000005a6f200000) (1024K)]
  0x000001c744de4390 JavaThread "SCR Component Actor"        daemon [_thread_blocked, id=21328, stack(0x0000005a6f300000,0x0000005a6f400000) (1024K)]
  0x000001c7491eda00 JavaThread "SCR Component Registry"     daemon [_thread_blocked, id=26256, stack(0x0000005a6ef00000,0x0000005a6f000000) (1024K)]
  0x000001c7491683c0 JavaThread "C2 CompilerThread1"         daemon [_thread_in_native, id=12124, stack(0x0000005a6f400000,0x0000005a6f500000) (1024K)]
  0x000001c749314770 JavaThread "C2 CompilerThread2"         daemon [_thread_in_native, id=10300, stack(0x0000005a6f500000,0x0000005a6f600000) (1024K)]
Total: 18

Other Threads:
  0x000001c76d495f30 VMThread "VM Thread"                           [id=22064, stack(0x0000005a6dd00000,0x0000005a6de00000) (1024K)]
  0x000001c76d45e370 WatcherThread "VM Periodic Task Thread"        [id=26428, stack(0x0000005a6dc00000,0x0000005a6dd00000) (1024K)]
  0x000001c76d4118a0 WorkerThread "GC Thread#0"                     [id=3348, stack(0x0000005a6db00000,0x0000005a6dc00000) (1024K)]
  0x000001c744581de0 WorkerThread "GC Thread#1"                     [id=23676, stack(0x0000005a6e800000,0x0000005a6e900000) (1024K)]
  0x000001c744582180 WorkerThread "GC Thread#2"                     [id=11680, stack(0x0000005a6e900000,0x0000005a6ea00000) (1024K)]
  0x000001c744e19420 WorkerThread "GC Thread#3"                     [id=10608, stack(0x0000005a6ea00000,0x0000005a6eb00000) (1024K)]
  0x000001c744e197c0 WorkerThread "GC Thread#4"                     [id=17944, stack(0x0000005a6eb00000,0x0000005a6ec00000) (1024K)]
  0x000001c744e19b60 WorkerThread "GC Thread#5"                     [id=12152, stack(0x0000005a6ec00000,0x0000005a6ed00000) (1024K)]
  0x000001c744e19f00 WorkerThread "GC Thread#6"                     [id=836, stack(0x0000005a6ed00000,0x0000005a6ee00000) (1024K)]
  0x000001c74908d7f0 WorkerThread "GC Thread#7"                     [id=1388, stack(0x0000005a6f200000,0x0000005a6f300000) (1024K)]
Total: 10

Threads with active compile tasks:
C2 CompilerThread0  4512 1940   !   4       java.io.BufferedInputStream::read (69 bytes)
C2 CompilerThread1  4512 1941       4       java.io.DataInputStream::readFully (59 bytes)
C2 CompilerThread2  4513 1945 %     4       java.io.DataInputStream::readUTF @ 92 (501 bytes)
Total: 3

VM state: not at safepoint (normal execution)

VM Mutex/Monitor currently owned by a thread: None

Heap address: 0x00000000c0000000, size: 1024 MB, Compressed Oops mode: 32-bit

CDS archive(s) mapped at: [0x000001c702000000-0x000001c702ba0000-0x000001c702ba0000), size 12189696, SharedBaseAddress: 0x000001c702000000, ArchiveRelocationMode: 1.
Compressed class space mapped at: 0x000001c703000000-0x000001c743000000, reserved size: 1073741824
Narrow klass base: 0x000001c702000000, Narrow klass shift: 0, Narrow klass range: 0x100000000

GC Precious Log:
 CardTable entry size: 512
 CPUs: 8 total, 8 available
 Memory: 16110M
 Large Page Support: Disabled
 NUMA Support: Disabled
 Compressed Oops: Enabled (32-bit)
 Alignments: Space 512K, Generation 512K, Heap 2M
 Heap Min Capacity: 100M
 Heap Initial Capacity: 100M
 Heap Max Capacity: 1G
 Pre-touch: Disabled
 Parallel Workers: 8

Heap:
 PSYoungGen      total 29696K, used 16021K [0x00000000eab00000, 0x00000000ecc00000, 0x0000000100000000)
  eden space 25600K, 46% used [0x00000000eab00000,0x00000000eb6aac30,0x00000000ec400000)
  from space 4096K, 99% used [0x00000000ec800000,0x00000000ecbfa9c8,0x00000000ecc00000)
  to   space 4096K, 0% used [0x00000000ec400000,0x00000000ec400000,0x00000000ec800000)
 ParOldGen       total 68608K, used 899K [0x00000000c0000000, 0x00000000c4300000, 0x00000000eab00000)
  object space 68608K, 1% used [0x00000000c0000000,0x00000000c00e0ec8,0x00000000c4300000)
 Metaspace       used 10659K, committed 11072K, reserved 1114112K
  class space    used 1108K, committed 1280K, reserved 1048576K

Card table byte_map: [0x000001c76cd90000,0x000001c76cfa0000] _byte_map_base: 0x000001c76c790000

Marking Bits: (ParMarkBitMap*) 0x00007ffac25131f0
 Begin Bits: [0x000001c700000000, 0x000001c701000000)
 End Bits:   [0x000001c701000000, 0x000001c702000000)

Polling page: 0x000001c76b1a0000

Metaspace:

Usage:
  Non-class:      9.33 MB used.
      Class:      1.08 MB used.
       Both:     10.41 MB used.

Virtual space:
  Non-class space:       64.00 MB reserved,       9.56 MB ( 15%) committed,  1 nodes.
      Class space:        1.00 GB reserved,       1.25 MB ( <1%) committed,  1 nodes.
             Both:        1.06 GB reserved,      10.81 MB ( <1%) committed. 

Chunk freelists:
   Non-Class:  6.11 MB
       Class:  14.70 MB
        Both:  20.81 MB

MaxMetaspaceSize: unlimited
CompressedClassSpaceSize: 1.00 GB
Initial GC threshold: 21.00 MB
Current GC threshold: 21.00 MB
CDS: on
 - commit_granule_bytes: 65536.
 - commit_granule_words: 8192.
 - virtual_space_node_default_size: 8388608.
 - enlarge_chunks_in_place: 1.
 - use_allocation_guard: 0.


Internal statistics:

num_allocs_failed_limit: 0.
num_arena_births: 276.
num_arena_deaths: 0.
num_vsnodes_births: 2.
num_vsnodes_deaths: 0.
num_space_committed: 173.
num_space_uncommitted: 0.
num_chunks_returned_to_freelist: 0.
num_chunks_taken_from_freelist: 551.
num_chunk_merges: 0.
num_chunk_splits: 376.
num_chunks_enlarged: 258.
num_inconsistent_stats: 0.

CodeHeap 'non-profiled nmethods': size=120000Kb used=822Kb max_used=822Kb free=119177Kb
 bounds [0x000001c7780b0000, 0x000001c778320000, 0x000001c77f5e0000]
CodeHeap 'profiled nmethods': size=120000Kb used=3566Kb max_used=3566Kb free=116433Kb
 bounds [0x000001c7705e0000, 0x000001c770960000, 0x000001c777b10000]
CodeHeap 'non-nmethods': size=5760Kb used=1233Kb max_used=1262Kb free=4526Kb
 bounds [0x000001c777b10000, 0x000001c777d80000, 0x000001c7780b0000]
 total_blobs=2432 nmethods=1940 adapters=399
 compilation: enabled
              stopped_count=0, restarted_count=0
 full_count=0

Compilation events (20 events):
Event: 4.386 Thread 0x000001c77f7ba0d0 nmethod 1927 0x000001c77817d090 code [0x000001c77817d220, 0x000001c77817d378]
Event: 4.390 Thread 0x000001c74427c5e0 1930       3       java.lang.System::getProperty (25 bytes)
Event: 4.390 Thread 0x000001c74427c5e0 nmethod 1930 0x000001c770952810 code [0x000001c770952a20, 0x000001c770953008]
Event: 4.394 Thread 0x000001c74427c5e0 1931       3       java.lang.String::<init> (10 bytes)
Event: 4.395 Thread 0x000001c74427c5e0 nmethod 1931 0x000001c770953210 code [0x000001c7709533c0, 0x000001c770953510]
Event: 4.396 Thread 0x000001c74427c5e0 1932       3       java.io.WinNTFileSystem::normalize (143 bytes)
Event: 4.397 Thread 0x000001c74427c5e0 nmethod 1932 0x000001c770953610 code [0x000001c7709538a0, 0x000001c770954300]
Event: 4.430 Thread 0x000001c74427c5e0 1933       3       java.io.DataInputStream::readLong (20 bytes)
Event: 4.431 Thread 0x000001c74427c5e0 nmethod 1933 0x000001c770954710 code [0x000001c770954920, 0x000001c770954f30]
Event: 4.449 Thread 0x000001c74427c5e0 1934       3       jdk.internal.util.ByteArray::getLong (9 bytes)
Event: 4.449 Thread 0x000001c74427c5e0 nmethod 1934 0x000001c770955210 code [0x000001c770955400, 0x000001c770955930]
Event: 4.449 Thread 0x000001c74427c5e0 1938       3       jdk.internal.misc.Unsafe::getLongUnaligned (12 bytes)
Event: 4.449 Thread 0x000001c74427c5e0 nmethod 1938 0x000001c770955b90 code [0x000001c770955d40, 0x000001c770955f20]
Event: 4.449 Thread 0x000001c74427c5e0 1935       3       java.lang.invoke.VarHandleGuards::guard_LI_J (78 bytes)
Event: 4.451 Thread 0x000001c74427c5e0 nmethod 1935 0x000001c770956010 code [0x000001c770956340, 0x000001c770957b10]
Event: 4.451 Thread 0x000001c74427c5e0 1936       3       java.lang.invoke.VarHandleByteArrayAsLongs$ArrayHandle::get (36 bytes)
Event: 4.451 Thread 0x000001c74427c5e0 nmethod 1936 0x000001c770958210 code [0x000001c7709583e0, 0x000001c7709587b8]
Event: 4.451 Thread 0x000001c74427c5e0 1937       3       java.lang.invoke.VarHandleByteArrayAsLongs$ArrayHandle::index (13 bytes)
Event: 4.451 Thread 0x000001c74427c5e0 nmethod 1937 0x000001c770958990 code [0x000001c770958b40, 0x000001c770958c88]
Event: 4.461 Thread 0x000001c77f7ba0d0 1940   !   4       java.io.BufferedInputStream::read (69 bytes)

GC Heap History (4 events):
Event: 2.441 GC heap before
{Heap before GC invocations=1 (full 0):
 PSYoungGen      total 29696K, used 25600K [0x00000000eab00000, 0x00000000ecc00000, 0x0000000100000000)
  eden space 25600K, 100% used [0x00000000eab00000,0x00000000ec400000,0x00000000ec400000)
  from space 4096K, 0% used [0x00000000ec800000,0x00000000ec800000,0x00000000ecc00000)
  to   space 4096K, 0% used [0x00000000ec400000,0x00000000ec400000,0x00000000ec800000)
 ParOldGen       total 68608K, used 0K [0x00000000c0000000, 0x00000000c4300000, 0x00000000eab00000)
  object space 68608K, 0% used [0x00000000c0000000,0x00000000c0000000,0x00000000c4300000)
 Metaspace       used 4350K, committed 4544K, reserved 1114112K
  class space    used 460K, committed 576K, reserved 1048576K
}
Event: 2.451 GC heap after
{Heap after GC invocations=1 (full 0):
 PSYoungGen      total 29696K, used 3238K [0x00000000eab00000, 0x00000000ecc00000, 0x0000000100000000)
  eden space 25600K, 0% used [0x00000000eab00000,0x00000000eab00000,0x00000000ec400000)
  from space 4096K, 79% used [0x00000000ec400000,0x00000000ec729870,0x00000000ec800000)
  to   space 4096K, 0% used [0x00000000ec800000,0x00000000ec800000,0x00000000ecc00000)
 ParOldGen       total 68608K, used 16K [0x00000000c0000000, 0x00000000c4300000, 0x00000000eab00000)
  object space 68608K, 0% used [0x00000000c0000000,0x00000000c0004000,0x00000000c4300000)
 Metaspace       used 4350K, committed 4544K, reserved 1114112K
  class space    used 460K, committed 576K, reserved 1048576K
}
Event: 3.915 GC heap before
{Heap before GC invocations=2 (full 0):
 PSYoungGen      total 29696K, used 28838K [0x00000000eab00000, 0x00000000ecc00000, 0x0000000100000000)
  eden space 25600K, 100% used [0x00000000eab00000,0x00000000ec400000,0x00000000ec400000)
  from space 4096K, 79% used [0x00000000ec400000,0x00000000ec729870,0x00000000ec800000)
  to   space 4096K, 0% used [0x00000000ec800000,0x00000000ec800000,0x00000000ecc00000)
 ParOldGen       total 68608K, used 16K [0x00000000c0000000, 0x00000000c4300000, 0x00000000eab00000)
  object space 68608K, 0% used [0x00000000c0000000,0x00000000c0004000,0x00000000c4300000)
 Metaspace       used 8258K, committed 8576K, reserved 1114112K
  class space    used 847K, committed 1024K, reserved 1048576K
}
Event: 3.922 GC heap after
{Heap after GC invocations=2 (full 0):
 PSYoungGen      total 29696K, used 4074K [0x00000000eab00000, 0x00000000ecc00000, 0x0000000100000000)
  eden space 25600K, 0% used [0x00000000eab00000,0x00000000eab00000,0x00000000ec400000)
  from space 4096K, 99% used [0x00000000ec800000,0x00000000ecbfa9c8,0x00000000ecc00000)
  to   space 4096K, 0% used [0x00000000ec400000,0x00000000ec400000,0x00000000ec800000)
 ParOldGen       total 68608K, used 899K [0x00000000c0000000, 0x00000000c4300000, 0x00000000eab00000)
  object space 68608K, 1% used [0x00000000c0000000,0x00000000c00e0ec8,0x00000000c4300000)
 Metaspace       used 8258K, committed 8576K, reserved 1114112K
  class space    used 847K, committed 1024K, reserved 1048576K
}

Dll operation events (9 events):
Event: 0.033 Loaded shared library c:\Users\DELL\.vscode\extensions\redhat.java-1.42.0-win32-x64\jre\21.0.7-win32-x86_64\bin\java.dll
Event: 0.277 Loaded shared library c:\Users\DELL\.vscode\extensions\redhat.java-1.42.0-win32-x64\jre\21.0.7-win32-x86_64\bin\zip.dll
Event: 0.333 Loaded shared library C:\Users\DELL\.vscode\extensions\redhat.java-1.42.0-win32-x64\jre\21.0.7-win32-x86_64\bin\instrument.dll
Event: 0.348 Loaded shared library C:\Users\DELL\.vscode\extensions\redhat.java-1.42.0-win32-x64\jre\21.0.7-win32-x86_64\bin\net.dll
Event: 0.354 Loaded shared library C:\Users\DELL\.vscode\extensions\redhat.java-1.42.0-win32-x64\jre\21.0.7-win32-x86_64\bin\nio.dll
Event: 0.362 Loaded shared library C:\Users\DELL\.vscode\extensions\redhat.java-1.42.0-win32-x64\jre\21.0.7-win32-x86_64\bin\zip.dll
Event: 0.433 Loaded shared library C:\Users\DELL\.vscode\extensions\redhat.java-1.42.0-win32-x64\jre\21.0.7-win32-x86_64\bin\jimage.dll
Event: 1.150 Loaded shared library c:\Users\DELL\.vscode\extensions\redhat.java-1.42.0-win32-x64\jre\21.0.7-win32-x86_64\bin\verify.dll
Event: 3.835 Loaded shared library C:\Users\DELL\AppData\Roaming\Code\User\globalStorage\redhat.java\1.42.0\config_ss_win\org.eclipse.equinox.launcher\org.eclipse.equinox.launcher.win32.win32.x86_64_1.2.1300.v20250331-1702\eclipse_11911.dll

Deoptimization events (20 events):
Event: 3.611 Thread 0x000001c76d3f41b0 DEOPT PACKING pc=0x000001c77075e708 sp=0x0000005a6dafc610
Event: 3.611 Thread 0x000001c76d3f41b0 DEOPT UNPACKING pc=0x000001c777b678e2 sp=0x0000005a6dafba90 mode 0
Event: 3.612 Thread 0x000001c76d3f41b0 DEOPT PACKING pc=0x000001c77075e708 sp=0x0000005a6dafc910
Event: 3.612 Thread 0x000001c76d3f41b0 DEOPT UNPACKING pc=0x000001c777b678e2 sp=0x0000005a6dafbd90 mode 0
Event: 3.853 Thread 0x000001c744df8d90 Uncommon trap: trap_request=0xffffff45 fr.pc=0x000001c778132b34 relative=0x0000000000000094
Event: 3.853 Thread 0x000001c744df8d90 Uncommon trap: reason=unstable_if action=reinterpret pc=0x000001c778132b34 method=java.util.concurrent.locks.ReentrantLock$Sync.tryRelease(I)Z @ 26 c2
Event: 3.853 Thread 0x000001c744df8d90 DEOPT PACKING pc=0x000001c778132b34 sp=0x0000005a6f1fe670
Event: 3.853 Thread 0x000001c744df8d90 DEOPT UNPACKING pc=0x000001c777b66da2 sp=0x0000005a6f1fe5f0 mode 2
Event: 3.867 Thread 0x000001c744df8d90 Uncommon trap: trap_request=0xffffff6e fr.pc=0x000001c778121228 relative=0x0000000000000368
Event: 3.867 Thread 0x000001c744df8d90 Uncommon trap: reason=loop_limit_check action=maybe_recompile pc=0x000001c778121228 method=java.lang.StringLatin1.indexOf([BI[BII)I @ 37 c2
Event: 3.867 Thread 0x000001c744df8d90 DEOPT PACKING pc=0x000001c778121228 sp=0x0000005a6f1f8dc0
Event: 3.867 Thread 0x000001c744df8d90 DEOPT UNPACKING pc=0x000001c777b66da2 sp=0x0000005a6f1f8d20 mode 2
Event: 4.357 Thread 0x000001c744df8d90 Uncommon trap: trap_request=0xffffff45 fr.pc=0x000001c77816ec4c relative=0x00000000000015cc
Event: 4.357 Thread 0x000001c744df8d90 Uncommon trap: reason=unstable_if action=reinterpret pc=0x000001c77816ec4c method=java.io.WinNTFileSystem.normalize(Ljava/lang/String;II)Ljava/lang/String; @ 100 c2
Event: 4.357 Thread 0x000001c744df8d90 DEOPT PACKING pc=0x000001c77816ec4c sp=0x0000005a6f1f9140
Event: 4.357 Thread 0x000001c744df8d90 DEOPT UNPACKING pc=0x000001c777b66da2 sp=0x0000005a6f1f9080 mode 2
Event: 4.393 Thread 0x000001c744df8d90 Uncommon trap: trap_request=0xffffff45 fr.pc=0x000001c7781331b4 relative=0x0000000000000094
Event: 4.393 Thread 0x000001c744df8d90 Uncommon trap: reason=unstable_if action=reinterpret pc=0x000001c7781331b4 method=java.io.BufferedInputStream.getBufIfOpen(Z)[B @ 13 c2
Event: 4.393 Thread 0x000001c744df8d90 DEOPT PACKING pc=0x000001c7781331b4 sp=0x0000005a6f1f8a20
Event: 4.394 Thread 0x000001c744df8d90 DEOPT UNPACKING pc=0x000001c777b66da2 sp=0x0000005a6f1f89a0 mode 2

Classes loaded (20 events):
Event: 4.244 Loading class java/io/CharConversionException done
Event: 4.244 Loading class com/sun/org/apache/xerces/internal/impl/io/MalformedByteSequenceException done
Event: 4.258 Loading class java/util/concurrent/RejectedExecutionException
Event: 4.258 Loading class java/util/concurrent/RejectedExecutionException done
Event: 4.258 Loading class java/util/concurrent/CompletionStage
Event: 4.259 Loading class java/util/concurrent/CompletionStage done
Event: 4.272 Loading class java/util/Timer
Event: 4.273 Loading class java/util/Timer done
Event: 4.273 Loading class java/util/TaskQueue
Event: 4.273 Loading class java/util/TaskQueue done
Event: 4.273 Loading class java/util/TimerThread
Event: 4.273 Loading class java/util/TimerThread done
Event: 4.273 Loading class java/util/Timer$ThreadReaper
Event: 4.274 Loading class java/util/Timer$ThreadReaper done
Event: 4.295 Loading class java/util/concurrent/locks/ReentrantLock$FairSync
Event: 4.295 Loading class java/util/concurrent/locks/ReentrantLock$FairSync done
Event: 4.298 Loading class java/util/Collections$ReverseComparator
Event: 4.298 Loading class java/util/Collections$ReverseComparator done
Event: 4.389 Loading class java/lang/CloneNotSupportedException
Event: 4.389 Loading class java/lang/CloneNotSupportedException done

Classes unloaded (0 events):
No events

Classes redefined (0 events):
No events

Internal exceptions (20 events):
Event: 2.416 Thread 0x000001c76d3f41b0 Exception <a 'java/lang/ClassNotFoundException'{0x00000000ec3c2298}: sun/net/www/protocol/c/Handler> (0x00000000ec3c2298) 
thrown [s\src\hotspot\share\classfile\systemDictionary.cpp, line 312]
Event: 2.437 Thread 0x000001c76d3f41b0 Exception <a 'java/io/FileNotFoundException'{0x00000000ec3e7bf8}> (0x00000000ec3e7bf8) 
thrown [s\src\hotspot\share\prims\jni.cpp, line 520]
Event: 2.512 Thread 0x000001c76d3f41b0 Implicit null exception at 0x000001c778112d1a to 0x000001c778112f24
Event: 2.519 Thread 0x000001c76d3f41b0 Exception <a 'java/lang/NoSuchMethodError'{0x00000000eacd2e78}: 'void java.lang.invoke.DirectMethodHandle$Holder.invokeStatic(java.lang.Object, java.lang.Object, java.lang.Object, java.lang.Object)'> (0x00000000eacd2e78) 
thrown [s\src\hotspot\share\interpreter\linkResolver.cpp, line 773]
Event: 2.532 Thread 0x000001c76d3f41b0 Implicit null exception at 0x000001c77810d63c to 0x000001c77810d8cc
Event: 2.532 Thread 0x000001c76d3f41b0 Implicit null exception at 0x000001c77810a33d to 0x000001c77810a3c1
Event: 2.630 Thread 0x000001c76d3f41b0 Exception <a 'java/lang/NoSuchMethodError'{0x00000000eae903d0}: 'long java.lang.invoke.DirectMethodHandle$Holder.invokeStatic(java.lang.Object, java.lang.Object, int)'> (0x00000000eae903d0) 
thrown [s\src\hotspot\share\interpreter\linkResolver.cpp, line 773]
Event: 2.631 Thread 0x000001c76d3f41b0 Exception <a 'java/lang/NoSuchMethodError'{0x00000000eae97dc0}: 'java.lang.Object java.lang.invoke.DirectMethodHandle$Holder.invokeSpecial(java.lang.Object, java.lang.Object, java.lang.Object, java.lang.Object, long)'> (0x00000000eae97dc0) 
thrown [s\src\hotspot\share\interpreter\linkResolver.cpp, line 773]
Event: 2.633 Thread 0x000001c76d3f41b0 Exception <a 'java/lang/NoSuchMethodError'{0x00000000eaea57b8}: 'java.lang.Object java.lang.invoke.DirectMethodHandle$Holder.invokeSpecial(java.lang.Object, java.lang.Object, java.lang.Object, int, java.lang.Object)'> (0x00000000eaea57b8) 
thrown [s\src\hotspot\share\interpreter\linkResolver.cpp, line 773]
Event: 2.646 Thread 0x000001c76d3f41b0 Exception <a 'java/lang/NoSuchMethodError'{0x00000000eaecf040}: 'int java.lang.invoke.DirectMethodHandle$Holder.invokeStaticInit(java.lang.Object, java.lang.Object, java.lang.Object, java.lang.Object)'> (0x00000000eaecf040) 
thrown [s\src\hotspot\share\interpreter\linkResolver.cpp, line 773]
Event: 2.654 Thread 0x000001c76d3f41b0 Exception <a 'java/lang/IncompatibleClassChangeError'{0x00000000eaed7540}: Found class java.lang.Object, but interface was expected> (0x00000000eaed7540) 
thrown [s\src\hotspot\share\interpreter\linkResolver.cpp, line 840]
Event: 2.655 Thread 0x000001c76d3f41b0 Exception <a 'java/lang/NoSuchMethodError'{0x00000000eaedb6e0}: 'void java.lang.invoke.DirectMethodHandle$Holder.invokeStaticInit(java.lang.Object, java.lang.Object)'> (0x00000000eaedb6e0) 
thrown [s\src\hotspot\share\interpreter\linkResolver.cpp, line 773]
Event: 2.660 Thread 0x000001c76d3f41b0 Exception <a 'java/lang/NoSuchMethodError'{0x00000000eaee2598}: 'int java.lang.invoke.DirectMethodHandle$Holder.invokeStaticInit(java.lang.Object, java.lang.Object)'> (0x00000000eaee2598) 
thrown [s\src\hotspot\share\interpreter\linkResolver.cpp, line 773]
Event: 2.772 Thread 0x000001c76d3f41b0 Exception <a 'java/lang/NoSuchMethodError'{0x00000000eb01fb70}: 'void java.lang.invoke.DirectMethodHandle$Holder.invokeSpecial(java.lang.Object, java.lang.Object, java.lang.Object)'> (0x00000000eb01fb70) 
thrown [s\src\hotspot\share\interpreter\linkResolver.cpp, line 773]
Event: 3.199 Thread 0x000001c76d3f41b0 Exception <a 'java/lang/NoSuchMethodError'{0x00000000eb8c3210}: 'int java.lang.invoke.DirectMethodHandle$Holder.invokeVirtual(java.lang.Object, java.lang.Object)'> (0x00000000eb8c3210) 
thrown [s\src\hotspot\share\interpreter\linkResolver.cpp, line 773]
Event: 3.470 Thread 0x000001c76d3f41b0 Exception <a 'java/lang/NoSuchMethodError'{0x00000000ebc2ac88}: 'java.lang.Object java.lang.invoke.DirectMethodHandle$Holder.newInvokeSpecial(java.lang.Object, int, java.lang.Object)'> (0x00000000ebc2ac88) 
thrown [s\src\hotspot\share\interpreter\linkResolver.cpp, line 773]
Event: 3.521 Thread 0x000001c76d3f41b0 Exception <a 'java/lang/NoSuchMethodError'{0x00000000ebdacb78}: 'java.lang.Object java.lang.invoke.DirectMethodHandle$Holder.newInvokeSpecial(java.lang.Object, java.lang.Object, java.lang.Object, java.lang.Object, int, java.lang.Object)'> (0x00000000ebdacb78) 
thrown [s\src\hotspot\share\interpreter\linkResolver.cpp, line 773]
Event: 3.830 Thread 0x000001c76d3f41b0 Exception <a 'java/lang/UnsatisfiedLinkError'{0x00000000ec1f7b80}: 'void org.eclipse.equinox.launcher.JNIBridge._update_splash()'> (0x00000000ec1f7b80) 
thrown [s\src\hotspot\share\prims\nativeLookup.cpp, line 415]
Event: 4.027 Thread 0x000001c744df8d90 Exception <a 'java/lang/NullPointerException'{0x00000000ead86d48}> (0x00000000ead86d48) 
thrown [s\src\hotspot\share\interpreter\linkResolver.cpp, line 1372]
Event: 4.027 Thread 0x000001c744df8d90 Exception <a 'java/lang/NullPointerException'{0x00000000ead87028}> (0x00000000ead87028) 
thrown [s\src\hotspot\share\interpreter\linkResolver.cpp, line 1372]

ZGC Phase Switch (0 events):
No events

VM Operations (20 events):
Event: 1.846 Executing VM operation: HandshakeAllThreads (Deoptimize)
Event: 1.846 Executing VM operation: HandshakeAllThreads (Deoptimize) done
Event: 2.369 Executing VM operation: HandshakeAllThreads (Deoptimize)
Event: 2.369 Executing VM operation: HandshakeAllThreads (Deoptimize) done
Event: 2.441 Executing VM operation: ParallelGCFailedAllocation (Allocation Failure)
Event: 2.451 Executing VM operation: ParallelGCFailedAllocation (Allocation Failure) done
Event: 3.436 Executing VM operation: HandshakeAllThreads (Deoptimize)
Event: 3.436 Executing VM operation: HandshakeAllThreads (Deoptimize) done
Event: 3.454 Executing VM operation: HandshakeAllThreads (Deoptimize)
Event: 3.454 Executing VM operation: HandshakeAllThreads (Deoptimize) done
Event: 3.454 Executing VM operation: Cleanup
Event: 3.454 Executing VM operation: Cleanup done
Event: 3.518 Executing VM operation: HandshakeAllThreads (Deoptimize)
Event: 3.518 Executing VM operation: HandshakeAllThreads (Deoptimize) done
Event: 3.915 Executing VM operation: ParallelGCFailedAllocation (Allocation Failure)
Event: 3.922 Executing VM operation: ParallelGCFailedAllocation (Allocation Failure) done
Event: 4.022 Executing VM operation: HandshakeAllThreads (Deoptimize)
Event: 4.022 Executing VM operation: HandshakeAllThreads (Deoptimize) done
Event: 4.296 Executing VM operation: HandshakeAllThreads (Deoptimize)
Event: 4.296 Executing VM operation: HandshakeAllThreads (Deoptimize) done

Memory protections (0 events):
No events

Nmethod flushes (0 events):
No events

Events (20 events):
Event: 0.157 Thread 0x000001c76d3f41b0 Thread added: 0x000001c77f7b7290
Event: 0.157 Thread 0x000001c76d3f41b0 Thread added: 0x000001c77f7ba0d0
Event: 0.169 Thread 0x000001c76d3f41b0 Thread added: 0x000001c74427c5e0
Event: 0.245 Thread 0x000001c76d3f41b0 Thread added: 0x000001c744307df0
Event: 1.493 Thread 0x000001c76d3f41b0 Thread added: 0x000001c744521a80
Event: 1.689 Thread 0x000001c74427c5e0 Thread added: 0x000001c7445e4b80
Event: 1.823 Thread 0x000001c74427c5e0 Thread added: 0x000001c744b005e0
Event: 2.344 Thread 0x000001c744b005e0 Thread exited: 0x000001c744b005e0
Event: 2.344 Thread 0x000001c7445e4b80 Thread exited: 0x000001c7445e4b80
Event: 2.842 Thread 0x000001c74427c5e0 Thread added: 0x000001c749043d60
Event: 2.845 Thread 0x000001c74427c5e0 Thread added: 0x000001c74494c950
Event: 3.312 Thread 0x000001c74494c950 Thread exited: 0x000001c74494c950
Event: 3.373 Thread 0x000001c749043d60 Thread exited: 0x000001c749043d60
Event: 3.383 Thread 0x000001c76d3f41b0 Thread added: 0x000001c749043d60
Event: 3.813 Thread 0x000001c74427c5e0 Thread added: 0x000001c7490ee450
Event: 3.821 Thread 0x000001c76d3f41b0 Thread added: 0x000001c744df6720
Event: 3.828 Thread 0x000001c76d3f41b0 Thread added: 0x000001c744df8d90
Event: 3.930 Thread 0x000001c744df8d90 Thread added: 0x000001c744de4390
Event: 4.029 Thread 0x000001c7490ee450 Thread exited: 0x000001c7490ee450
Event: 4.277 Thread 0x000001c744df8d90 Thread added: 0x000001c7491eda00


Dynamic libraries:
0x00007ff779000000 - 0x00007ff77900e000 	c:\Users\DELL\.vscode\extensions\redhat.java-1.42.0-win32-x64\jre\21.0.7-win32-x86_64\bin\java.exe
0x00007ffb810a0000 - 0x00007ffb81305000 	C:\WINDOWS\SYSTEM32\ntdll.dll
0x00007ffb46020000 - 0x00007ffb4603b000 	C:\Program Files\Avast Software\Avast\aswhook.dll
0x00007ffb7ff10000 - 0x00007ffb7ffd9000 	C:\WINDOWS\System32\KERNEL32.DLL
0x00007ffb7e520000 - 0x00007ffb7e908000 	C:\WINDOWS\System32\KERNELBASE.dll
0x00007ffb7e290000 - 0x00007ffb7e3db000 	C:\WINDOWS\System32\ucrtbase.dll
0x00007ffb5aaa0000 - 0x00007ffb5aab8000 	c:\Users\DELL\.vscode\extensions\redhat.java-1.42.0-win32-x64\jre\21.0.7-win32-x86_64\bin\jli.dll
0x00007ffb5aa80000 - 0x00007ffb5aa9e000 	c:\Users\DELL\.vscode\extensions\redhat.java-1.42.0-win32-x64\jre\21.0.7-win32-x86_64\bin\VCRUNTIME140.dll
0x00007ffb63a10000 - 0x00007ffb63caa000 	C:\WINDOWS\WinSxS\amd64_microsoft.windows.common-controls_6595b64144ccf1df_6.0.26100.4202_none_3e0698d4e335f517\COMCTL32.dll
0x00007ffb80b70000 - 0x00007ffb80d3a000 	C:\WINDOWS\System32\USER32.dll
0x00007ffb80100000 - 0x00007ffb801a9000 	C:\WINDOWS\System32\msvcrt.dll
0x00007ffb801c0000 - 0x00007ffb801eb000 	C:\WINDOWS\System32\GDI32.dll
0x00007ffb7ea90000 - 0x00007ffb7eab7000 	C:\WINDOWS\System32\win32u.dll
0x00007ffb7ed00000 - 0x00007ffb7ee37000 	C:\WINDOWS\System32\gdi32full.dll
0x00007ffb7e470000 - 0x00007ffb7e513000 	C:\WINDOWS\System32\msvcp_win.dll
0x00007ffb7faf0000 - 0x00007ffb7fb20000 	C:\WINDOWS\System32\IMM32.DLL
0x00007ffb5b610000 - 0x00007ffb5b61c000 	c:\Users\DELL\.vscode\extensions\redhat.java-1.42.0-win32-x64\jre\21.0.7-win32-x86_64\bin\vcruntime140_1.dll
0x00007ffb4c0d0000 - 0x00007ffb4c15d000 	c:\Users\DELL\.vscode\extensions\redhat.java-1.42.0-win32-x64\jre\21.0.7-win32-x86_64\bin\msvcp140.dll
0x00007ffac1860000 - 0x00007ffac25f0000 	c:\Users\DELL\.vscode\extensions\redhat.java-1.42.0-win32-x64\jre\21.0.7-win32-x86_64\bin\server\jvm.dll
0x00007ffb80ab0000 - 0x00007ffb80b63000 	C:\WINDOWS\System32\ADVAPI32.dll
0x00007ffb80980000 - 0x00007ffb80a26000 	C:\WINDOWS\System32\sechost.dll
0x00007ffb7ffe0000 - 0x00007ffb800f5000 	C:\WINDOWS\System32\RPCRT4.dll
0x00007ffb801f0000 - 0x00007ffb80264000 	C:\WINDOWS\System32\WS2_32.dll
0x00007ffb7e040000 - 0x00007ffb7e09e000 	C:\WINDOWS\SYSTEM32\POWRPROF.dll
0x00007ffb74600000 - 0x00007ffb74635000 	C:\WINDOWS\SYSTEM32\WINMM.dll
0x00007ffb6b600000 - 0x00007ffb6b60b000 	C:\WINDOWS\SYSTEM32\VERSION.dll
0x00007ffb7e010000 - 0x00007ffb7e024000 	C:\WINDOWS\SYSTEM32\UMPDC.dll
0x00007ffb7cf70000 - 0x00007ffb7cf8b000 	C:\WINDOWS\SYSTEM32\kernel.appcore.dll
0x00007ffb58860000 - 0x00007ffb5886a000 	c:\Users\DELL\.vscode\extensions\redhat.java-1.42.0-win32-x64\jre\21.0.7-win32-x86_64\bin\jimage.dll
0x00007ffb7af50000 - 0x00007ffb7b191000 	C:\WINDOWS\SYSTEM32\DBGHELP.DLL
0x00007ffb7f700000 - 0x00007ffb7fa85000 	C:\WINDOWS\System32\combase.dll
0x00007ffb80300000 - 0x00007ffb803e1000 	C:\WINDOWS\System32\OLEAUT32.dll
0x00007ffb6ac00000 - 0x00007ffb6ac39000 	C:\WINDOWS\SYSTEM32\dbgcore.DLL
0x00007ffb7e1f0000 - 0x00007ffb7e289000 	C:\WINDOWS\System32\bcryptPrimitives.dll
0x00007ffb58850000 - 0x00007ffb5885f000 	c:\Users\DELL\.vscode\extensions\redhat.java-1.42.0-win32-x64\jre\21.0.7-win32-x86_64\bin\instrument.dll
0x00007ffb571f0000 - 0x00007ffb5720f000 	c:\Users\DELL\.vscode\extensions\redhat.java-1.42.0-win32-x64\jre\21.0.7-win32-x86_64\bin\java.dll
0x00007ffb7efb0000 - 0x00007ffb7f6f2000 	C:\WINDOWS\System32\SHELL32.dll
0x00007ffb7e910000 - 0x00007ffb7ea84000 	C:\WINDOWS\System32\wintypes.dll
0x00007ffb7be10000 - 0x00007ffb7c667000 	C:\WINDOWS\SYSTEM32\windows.storage.dll
0x00007ffb7ee40000 - 0x00007ffb7ef31000 	C:\WINDOWS\System32\SHCORE.dll
0x00007ffb7ef40000 - 0x00007ffb7efaa000 	C:\WINDOWS\System32\shlwapi.dll
0x00007ffb7e100000 - 0x00007ffb7e12f000 	C:\WINDOWS\SYSTEM32\profapi.dll
0x00007ffb57cf0000 - 0x00007ffb57d08000 	c:\Users\DELL\.vscode\extensions\redhat.java-1.42.0-win32-x64\jre\21.0.7-win32-x86_64\bin\zip.dll
0x00007ffb58840000 - 0x00007ffb58850000 	C:\Users\DELL\.vscode\extensions\redhat.java-1.42.0-win32-x64\jre\21.0.7-win32-x86_64\bin\net.dll
0x00007ffb77830000 - 0x00007ffb7794e000 	C:\WINDOWS\SYSTEM32\WINHTTP.dll
0x00007ffb7d4c0000 - 0x00007ffb7d52a000 	C:\WINDOWS\system32\mswsock.dll
0x00007ffb577e0000 - 0x00007ffb577f6000 	C:\Users\DELL\.vscode\extensions\redhat.java-1.42.0-win32-x64\jre\21.0.7-win32-x86_64\bin\nio.dll
0x00007ffb58560000 - 0x00007ffb58570000 	c:\Users\DELL\.vscode\extensions\redhat.java-1.42.0-win32-x64\jre\21.0.7-win32-x86_64\bin\verify.dll
0x00007ffb4c250000 - 0x00007ffb4c295000 	C:\Users\DELL\AppData\Roaming\Code\User\globalStorage\redhat.java\1.42.0\config_ss_win\org.eclipse.equinox.launcher\org.eclipse.equinox.launcher.win32.win32.x86_64_1.2.1300.v20250331-1702\eclipse_11911.dll
0x00007ffb7fb30000 - 0x00007ffb7fcce000 	C:\WINDOWS\System32\ole32.dll

dbghelp: loaded successfully - version: 4.0.5 - missing functions: none
symbol engine: initialized successfully - sym options: 0x614 - pdb path: .;c:\Users\DELL\.vscode\extensions\redhat.java-1.42.0-win32-x64\jre\21.0.7-win32-x86_64\bin;C:\WINDOWS\SYSTEM32;C:\Program Files\Avast Software\Avast;C:\WINDOWS\WinSxS\amd64_microsoft.windows.common-controls_6595b64144ccf1df_6.0.26100.4202_none_3e0698d4e335f517;c:\Users\DELL\.vscode\extensions\redhat.java-1.42.0-win32-x64\jre\21.0.7-win32-x86_64\bin\server;C:\Users\DELL\AppData\Roaming\Code\User\globalStorage\redhat.java\1.42.0\config_ss_win\org.eclipse.equinox.launcher\org.eclipse.equinox.launcher.win32.win32.x86_64_1.2.1300.v20250331-1702

VM Arguments:
jvm_args: --add-modules=ALL-SYSTEM --add-opens=java.base/java.util=ALL-UNNAMED --add-opens=java.base/java.lang=ALL-UNNAMED --add-opens=java.base/sun.nio.fs=ALL-UNNAMED -Declipse.application=org.eclipse.jdt.ls.core.id1 -Dosgi.bundles.defaultStartLevel=4 -Declipse.product=org.eclipse.jdt.ls.core.product -Djava.import.generatesMetadataFilesAtProjectRoot=false -DDetectVMInstallationsJob.disabled=true -Dfile.encoding=utf8 -XX:+UseParallelGC -XX:GCTimeRatio=4 -XX:AdaptiveSizePolicyWeight=90 -Dsun.zip.disableMemoryMapping=true -Xmx1G -Xms100m -Xlog:disable -javaagent:c:\Users\DELL\.vscode\extensions\redhat.java-1.42.0-win32-x64\lombok\lombok-1.18.36.jar 
java_command: c:\Users\DELL\.vscode\extensions\redhat.java-1.42.0-win32-x64\server\plugins\org.eclipse.equinox.launcher_1.7.0.v20250424-1814.jar -configuration c:\Users\DELL\AppData\Roaming\Code\User\globalStorage\redhat.java\1.42.0\config_ss_win -data c:\Users\DELL\AppData\Roaming\Code\User\workspaceStorage\3153aba65d40b277a62e41f270b05dfd\redhat.java\ss_ws --pipe=\\.\pipe\lsp-52894f99ac250447a336b7b1427c6c9a-sock
java_class_path (initial): c:\Users\DELL\.vscode\extensions\redhat.java-1.42.0-win32-x64\server\plugins\org.eclipse.equinox.launcher_1.7.0.v20250424-1814.jar
Launcher Type: SUN_STANDARD

[Global flags]
    uintx AdaptiveSizePolicyWeight                 = 90                                        {product} {command line}
     intx CICompilerCount                          = 4                                         {product} {ergonomic}
    uintx GCTimeRatio                              = 4                                         {product} {command line}
   size_t InitialHeapSize                          = 104857600                                 {product} {command line}
   size_t MaxHeapSize                              = 1073741824                                {product} {command line}
   size_t MaxNewSize                               = 357564416                                 {product} {ergonomic}
   size_t MinHeapDeltaBytes                        = 524288                                    {product} {ergonomic}
   size_t MinHeapSize                              = 104857600                                 {product} {command line}
   size_t NewSize                                  = 34603008                                  {product} {ergonomic}
    uintx NonNMethodCodeHeapSize                   = 5839372                                {pd product} {ergonomic}
    uintx NonProfiledCodeHeapSize                  = 122909434                              {pd product} {ergonomic}
   size_t OldSize                                  = 70254592                                  {product} {ergonomic}
    uintx ProfiledCodeHeapSize                     = 122909434                              {pd product} {ergonomic}
    uintx ReservedCodeCacheSize                    = 251658240                              {pd product} {ergonomic}
     bool SegmentedCodeCache                       = true                                      {product} {ergonomic}
   size_t SoftMaxHeapSize                          = 1073741824                             {manageable} {ergonomic}
     bool UseCompressedOops                        = true                           {product lp64_product} {ergonomic}
     bool UseLargePagesIndividualAllocation        = false                                  {pd product} {ergonomic}
     bool UseParallelGC                            = true                                      {product} {command line}

Logging:
Log output configuration:
 #0: stdout all=off uptime,level,tags foldmultilines=false
 #1: stderr all=off uptime,level,tags foldmultilines=false

Environment Variables:
JAVA_HOME=C:\java\jdk-17.0.12
PATH=C:\Program Files\Common Files\Oracle\Java\javapath;C:\WINDOWS\system32;C:\WINDOWS;C:\WINDOWS\System32\Wbem;C:\WINDOWS\System32\WindowsPowerShell\v1.0\;C:\WINDOWS\System32\OpenSSH\;C:\ProgramData\chocolatey\bin;C:\xampp\php;C:\Users\DELL\Downloads\mysql-8.0.39-winx64\bin;C:\Users\DELL\Downloads\apache-maven-3.9.9\bin;C:\Program Files\Docker\Docker\resources\bin;C:\Program Files\Git\cmd;C:\Program Files\nodejs\;C:\Users\DELL\AppData\Local\Android\Sdk\platform-tools;C:\Users\DELL\AppData\Roaming\npm;C:\Users\DELL\Downloads\apache-maven-3.9.9-bin\apache-maven-3.9.9\bin;C:\hadoop\spark-3.5.5\bin;C:\hadoop\spark-3.5.5\sbin;C:\GAMS\42\apifiles\Java\api;C:\Users\DELL\AppData\Roaming\Code\User\globalStorage\pleiades.java-extension-pack-jdk\gradle\latest\bin;C:\Users\DELL\.jdks\corretto-21.0.3\bin;C:\Program Files\Common Files\Oracle\Java\javapath;C:\WINDOWS\system32;C:\WINDOWS;C:\WINDOWS\System32\Wbem;C:\WINDOWS\System32\WindowsPowerShell\v1.0\;C:\WINDOWS\System32\OpenSSH\;C:\ProgramData\chocolatey\bin;C:\xampp\php;C:\ProgramData\ComposerSetup\bin;C:\Users\DELL\Downloads\apache-maven-3.9.9\bin;C:\Program Files\Microsoft SQL Server\Client SDK\ODBC\170\Tools\Binn\;C:\Program Files\Microsoft SQL Server\150\Tools\Binn\;C:\Program Files\dotnet\;C:\Program Files\Docker\Docker\resources\bin;C:\Program Files\Git\cmd;C:\Program Files\nodejs\;C:\Users\DELL\AppData\Local\Programs\Python\Python312\Scripts\;C:\Users\DELL\AppData\Local\Programs\Python\Python312\;C:\Users\DELL\AppData\Local\Programs\Python\Python313\Scripts\;C:\Users\DELL\AppData\Local\Programs\Python\Python313\;C:\Users\DELL\AppData\Local\Programs\Python\Laun;C:\Users\DELL\AppData\Local\Programs\Microsoft VS Code\bin;C:\hadoop\bin;C:\spark-3.5.5\bin;C:\flutter\bin;C:\Users\DELL\AppData\Local\Android\Sdk\cmdline-tools\latest\bin;
USERNAME=DELL
OS=Windows_NT
PROCESSOR_IDENTIFIER=Intel64 Family 6 Model 140 Stepping 1, GenuineIntel
TMP=C:\Users\DELL\AppData\Local\Temp
TEMP=C:\Users\DELL\AppData\Local\Temp




Periodic native trim disabled

---------------  S Y S T E M  ---------------

OS:
 Windows 11 , 64 bit Build 26100 (10.0.26100.4202)
OS uptime: 1 days 21:06 hours
Hyper-V role detected

CPU: total 8 (initial active 8) (4 cores per cpu, 2 threads per core) family 6 model 140 stepping 1 microcode 0xbc, cx8, cmov, fxsr, ht, mmx, 3dnowpref, sse, sse2, sse3, ssse3, sse4.1, sse4.2, popcnt, lzcnt, tsc, tscinvbit, avx, avx2, aes, erms, clmul, bmi1, bmi2, adx, avx512f, avx512dq, avx512cd, avx512bw, avx512vl, sha, fma, vzeroupper, avx512_vpopcntdq, avx512_vpclmulqdq, avx512_vaes, avx512_vnni, clflush, clflushopt, clwb, avx512_vbmi2, avx512_vbmi, hv, rdtscp, rdpid, fsrm, gfni, avx512_bitalg, f16c, cet_ibt, cet_ss, avx512_ifma
Processor Information for the first 8 processors :
  Max Mhz: 1498, Current Mhz: 1498, Mhz Limit: 1498

Memory: 4k page, system-wide physical 16110M (1429M free)
TotalPageFile size 29458M (AvailPageFile size 4M)
current process WorkingSet (physical memory assigned to process): 103M, peak: 103M
current process commit charge ("private bytes"): 213M, peak: 214M

vm_info: OpenJDK 64-Bit Server VM (21.0.7+6-LTS) for windows-amd64 JRE (21.0.7+6-LTS), built on 2025-04-15T00:00:00Z by "admin" with MS VC++ 17.7 (VS2022)

END.
