#
# There is insufficient memory for the Java Runtime Environment to continue.
# Native memory allocation (malloc) failed to allocate 438416 bytes. Error detail: Chunk::new
# Possible reasons:
#   The system is out of physical RAM or swap space
#   This process is running with CompressedOops enabled, and the Java Heap may be blocking the growth of the native heap
# Possible solutions:
#   Reduce memory load on the system
#   Increase physical memory or swap space
#   Check if swap backing store is full
#   Decrease Java heap size (-Xmx/-Xms)
#   Decrease number of Java threads
#   Decrease Java thread stack sizes (-Xss)
#   Set larger code cache with -XX:ReservedCodeCacheSize=
#   JVM is running with Zero Based Compressed Oops mode in which the Java heap is
#     placed in the first 32GB address space. The Java Heap base address is the
#     maximum limit for the native heap growth. Please use -XX:HeapBaseMinAddress
#     to set the Java Heap base and to place the Java Heap above 32GB virtual address.
# This output file may be truncated or incomplete.
#
#  Out of Memory Error (arena.cpp:168), pid=9776, tid=14744
#
# JRE version: OpenJDK Runtime Environment Corretto-21.0.3.9.1 (21.0.3+9) (build 21.0.3+9-LTS)
# Java VM: OpenJDK 64-Bit Server VM Corretto-21.0.3.9.1 (21.0.3+9-LTS, mixed mode, sharing, tiered, compressed oops, compressed class ptrs, g1 gc, windows-amd64)
# No core dump will be written. Minidumps are not enabled by default on client versions of Windows
#

---------------  S U M M A R Y ------------

Command Line: --add-opens=java.base/java.lang=ALL-UNNAMED --add-opens=java.base/java.lang.invoke=ALL-UNNAMED --add-opens=java.base/java.util=ALL-UNNAMED --add-opens=java.prefs/java.util.prefs=ALL-UNNAMED --add-exports=jdk.compiler/com.sun.tools.javac.api=ALL-UNNAMED --add-exports=jdk.compiler/com.sun.tools.javac.util=ALL-UNNAMED --add-opens=java.base/java.util=ALL-UNNAMED --add-opens=java.prefs/java.util.prefs=ALL-UNNAMED --add-opens=java.base/java.nio.charset=ALL-UNNAMED --add-opens=java.base/java.net=ALL-UNNAMED --add-opens=java.base/java.util.concurrent.atomic=ALL-UNNAMED --add-opens=java.xml/javax.xml.namespace=ALL-UNNAMED -XX:MaxMetaspaceSize=4G -XX:ReservedCodeCacheSize=512m -XX:+HeapDumpOnOutOfMemoryError -Xmx8G -Dfile.encoding=UTF-8 -Duser.country=FR -Duser.language=fr -Duser.variant -javaagent:C:\Users\DELL\.gradle\wrapper\dists\gradle-8.12-all\ejduaidbjup3bmmkhw3rie4zb\gradle-8.12\lib\agents\gradle-instrumentation-agent-8.12.jar org.gradle.launcher.daemon.bootstrap.GradleDaemon 8.12

Host: 11th Gen Intel(R) Core(TM) i5-1145G7 @ 2.60GHz, 8 cores, 15G,  Windows 11 , 64 bit Build 26100 (10.0.26100.4202)
Time: Thu Jun 12 15:49:00 2025 Greenwich elapsed time: 49.399405 seconds (0d 0h 0m 49s)

---------------  T H R E A D  ---------------

Current thread (0x000002d9f2ae9aa0):  JavaThread "C2 CompilerThread0" daemon [_thread_in_native, id=14744, stack(0x000000e425400000,0x000000e425500000) (1024K)]


Current CompileTask:
C2:  49399 17690       4       org.gradle.internal.ImmutableActionSet::add (93 bytes)

Stack: [0x000000e425400000,0x000000e425500000]
Native frames: (J=compiled Java code, j=interpreted, Vv=VM code, C=native code)
V  [jvm.dll+0x6d4fa9]
V  [jvm.dll+0x8b01c3]
V  [jvm.dll+0x8b251e]
V  [jvm.dll+0x8b2c03]
V  [jvm.dll+0x284fb6]
V  [jvm.dll+0xc5ffd]
V  [jvm.dll+0xc6533]
V  [jvm.dll+0x2fa391]
V  [jvm.dll+0x5fcc59]
V  [jvm.dll+0x2564e2]
V  [jvm.dll+0x24eae4]
V  [jvm.dll+0x24c9de]
V  [jvm.dll+0x1cbd64]
V  [jvm.dll+0x25c059]
V  [jvm.dll+0x25a60b]
V  [jvm.dll+0x3f6976]
V  [jvm.dll+0x859258]
V  [jvm.dll+0x6d37ed]
C  [ucrtbase.dll+0x37b0]
C  [KERNEL32.DLL+0x2e8d7]
C  [ntdll.dll+0x3c34c]


---------------  P R O C E S S  ---------------

Threads class SMR info:
_java_thread_list=0x000002da451936f0, length=99, elements={
0x000002d9bb1393c0, 0x000002d9f0117d50, 0x000002d9f011a7c0, 0x000002d9f011e830,
0x000002d9f2ae4700, 0x000002d9f2ae5160, 0x000002d9f2ae5bc0, 0x000002d9f2ae9aa0,
0x000002d9f2afd7e0, 0x000002d9f2be8b40, 0x000002d9f2d49000, 0x000002da39805740,
0x000002da3974d560, 0x000002da399776d0, 0x000002da398902d0, 0x000002da398d7460,
0x000002da398ce9f0, 0x000002da398cf080, 0x000002da398cc920, 0x000002da3d0f3cf0,
0x000002da3d0f50a0, 0x000002da3d0f5730, 0x000002da3d0f3660, 0x000002da3d0f4380,
0x000002da3d0f22b0, 0x000002da3d0f4a10, 0x000002da3d0f2fd0, 0x000002da3d0f7800,
0x000002da3d0f98d0, 0x000002da3d0f7e90, 0x000002da3bb96840, 0x000002da3cda32d0,
0x000002da3f718bf0, 0x000002da3f718560, 0x000002da3f715e00, 0x000002da3f719910,
0x000002da3f716490, 0x000002da3f71d420, 0x000002da3f719fa0, 0x000002da3f71dab0,
0x000002da3f71a630, 0x000002da3f71e140, 0x000002da3f71acc0, 0x000002da3f71e7d0,
0x000002da3f71b350, 0x000002da3f720210, 0x000002da3f7222e0, 0x000002da3f71ee60,
0x000002da3f722970, 0x000002da3f7208a0, 0x000002da3f71f4f0, 0x000002da3f71fb80,
0x000002da3f723690, 0x000002da3f7243b0, 0x000002da3f721c50, 0x000002da3f723000,
0x000002da3f720f30, 0x000002da3f723d20, 0x000002da3f724a40, 0x000002da3e218340,
0x000002da3e216270, 0x000002da3e217cb0, 0x000002da3e2189d0, 0x000002da3e219060,
0x000002da3e215be0, 0x000002da3e219d80, 0x000002da3e217620, 0x000002da3e2196f0,
0x000002da3e216900, 0x000002da3e216f90, 0x000002da3e21b130, 0x000002da3e21c4e0,
0x000002da3e21aaa0, 0x000002da3e21b7c0, 0x000002da3e21be50, 0x000002da3e21a410,
0x000002da3e21d200, 0x000002da3b0f02b0, 0x000002da3b0f1660, 0x000002da3b0f2380,
0x000002da3b0f2a10, 0x000002da3b0f0940, 0x000002da3b0f0fd0, 0x000002da3b0f1cf0,
0x000002da3b0efc20, 0x000002da3b0f30a0, 0x000002da3b0f5e90, 0x000002da3b0f6520,
0x000002da3b0f5800, 0x000002da3b0f3dc0, 0x000002da3b0f6bb0, 0x000002da3b0f4450,
0x000002da3b0f5170, 0x000002da3cd9fe50, 0x000002da3cda04e0, 0x000002da3cda3960,
0x000002da3cda3ff0, 0x000002da3cda0b70, 0x000002da3cda1200
}

Java Threads: ( => current thread )
  0x000002d9bb1393c0 JavaThread "main"                              [_thread_blocked, id=6264, stack(0x000000e424600000,0x000000e424700000) (1024K)]
  0x000002d9f0117d50 JavaThread "Reference Handler"          daemon [_thread_blocked, id=14596, stack(0x000000e424e00000,0x000000e424f00000) (1024K)]
  0x000002d9f011a7c0 JavaThread "Finalizer"                  daemon [_thread_blocked, id=20840, stack(0x000000e424f00000,0x000000e425000000) (1024K)]
  0x000002d9f011e830 JavaThread "Signal Dispatcher"          daemon [_thread_blocked, id=21952, stack(0x000000e425000000,0x000000e425100000) (1024K)]
  0x000002d9f2ae4700 JavaThread "Attach Listener"            daemon [_thread_blocked, id=12656, stack(0x000000e425100000,0x000000e425200000) (1024K)]
  0x000002d9f2ae5160 JavaThread "Service Thread"             daemon [_thread_blocked, id=26584, stack(0x000000e425200000,0x000000e425300000) (1024K)]
  0x000002d9f2ae5bc0 JavaThread "Monitor Deflation Thread"   daemon [_thread_blocked, id=8080, stack(0x000000e425300000,0x000000e425400000) (1024K)]
=>0x000002d9f2ae9aa0 JavaThread "C2 CompilerThread0"         daemon [_thread_in_native, id=14744, stack(0x000000e425400000,0x000000e425500000) (1024K)]
  0x000002d9f2afd7e0 JavaThread "C1 CompilerThread0"         daemon [_thread_blocked, id=5304, stack(0x000000e425500000,0x000000e425600000) (1024K)]
  0x000002d9f2be8b40 JavaThread "Common-Cleaner"             daemon [_thread_blocked, id=1472, stack(0x000000e425600000,0x000000e425700000) (1024K)]
  0x000002d9f2d49000 JavaThread "Notification Thread"        daemon [_thread_blocked, id=23752, stack(0x000000e425700000,0x000000e425800000) (1024K)]
  0x000002da39805740 JavaThread "Daemon health stats"               [_thread_blocked, id=11084, stack(0x000000e426100000,0x000000e426200000) (1024K)]
  0x000002da3974d560 JavaThread "Incoming local TCP Connector on port 23013"        [_thread_in_native, id=21296, stack(0x000000e426200000,0x000000e426300000) (1024K)]
  0x000002da399776d0 JavaThread "Daemon periodic checks"            [_thread_blocked, id=26756, stack(0x000000e426300000,0x000000e426400000) (1024K)]
  0x000002da398902d0 JavaThread "Daemon"                            [_thread_blocked, id=21288, stack(0x000000e426400000,0x000000e426500000) (1024K)]
  0x000002da398d7460 JavaThread "Daemon worker"                     [_thread_in_Java, id=12336, stack(0x000000e426700000,0x000000e426800000) (1024K)]
  0x000002da398ce9f0 JavaThread "Cache worker for journal cache (C:\Users\DELL\.gradle\caches\journal-1)"        [_thread_blocked, id=27108, stack(0x000000e426b00000,0x000000e426c00000) (1024K)]
  0x000002da398cf080 JavaThread "File lock request listener"        [_thread_in_native, id=6844, stack(0x000000e426c00000,0x000000e426d00000) (1024K)]
  0x000002da398cc920 JavaThread "Cache worker for file hash cache (C:\Users\DELL\.gradle\caches\8.12\fileHashes)"        [_thread_blocked, id=3540, stack(0x000000e426d00000,0x000000e426e00000) (1024K)]
  0x000002da3d0f3cf0 JavaThread "File watcher server"        daemon [_thread_in_native, id=23736, stack(0x000000e427100000,0x000000e427200000) (1024K)]
  0x000002da3d0f50a0 JavaThread "File watcher consumer"      daemon [_thread_blocked, id=19420, stack(0x000000e427200000,0x000000e427300000) (1024K)]
  0x000002da3d0f5730 JavaThread "jar transforms"                    [_thread_blocked, id=5260, stack(0x000000e427300000,0x000000e427400000) (1024K)]
  0x000002da3d0f3660 JavaThread "jar transforms Thread 2"           [_thread_blocked, id=25340, stack(0x000000e427400000,0x000000e427500000) (1024K)]
  0x000002da3d0f4380 JavaThread "jar transforms Thread 3"           [_thread_blocked, id=11828, stack(0x000000e427500000,0x000000e427600000) (1024K)]
  0x000002da3d0f22b0 JavaThread "jar transforms Thread 4"           [_thread_blocked, id=9676, stack(0x000000e427600000,0x000000e427700000) (1024K)]
  0x000002da3d0f4a10 JavaThread "jar transforms Thread 5"           [_thread_blocked, id=25428, stack(0x000000e427700000,0x000000e427800000) (1024K)]
  0x000002da3d0f2fd0 JavaThread "Cache worker for file content cache (C:\Users\DELL\.gradle\caches\8.12\fileContent)"        [_thread_blocked, id=11900, stack(0x000000e427900000,0x000000e427a00000) (1024K)]
  0x000002da3d0f7800 JavaThread "jar transforms Thread 6"           [_thread_blocked, id=6888, stack(0x000000e427a00000,0x000000e427b00000) (1024K)]
  0x000002da3d0f98d0 JavaThread "jar transforms Thread 7"           [_thread_blocked, id=1484, stack(0x000000e427b00000,0x000000e427c00000) (1024K)]
  0x000002da3d0f7e90 JavaThread "jar transforms Thread 8"           [_thread_blocked, id=5772, stack(0x000000e427c00000,0x000000e427d00000) (1024K)]
  0x000002da3bb96840 JavaThread "Memory manager"                    [_thread_blocked, id=11276, stack(0x000000e429400000,0x000000e429500000) (1024K)]
  0x000002da3cda32d0 JavaThread "included builds"                   [_thread_blocked, id=26768, stack(0x000000e429700000,0x000000e429800000) (1024K)]
  0x000002da3f718bf0 JavaThread "VFS cleanup"                       [_thread_blocked, id=26664, stack(0x000000e425800000,0x000000e425900000) (1024K)]
  0x000002da3f718560 JavaThread "Handler for socket connection from /127.0.0.1:23013 to /127.0.0.1:23149"        [_thread_in_native, id=7400, stack(0x000000e426600000,0x000000e426700000) (1024K)]
  0x000002da3f715e00 JavaThread "Cancel handler"                    [_thread_blocked, id=2000, stack(0x000000e426800000,0x000000e426900000) (1024K)]
  0x000002da3f719910 JavaThread "Asynchronous log dispatcher for DefaultDaemonConnection: socket connection from /127.0.0.1:23013 to /127.0.0.1:23149"        [_thread_blocked, id=4888, stack(0x000000e426900000,0x000000e426a00000) (1024K)]
  0x000002da3f716490 JavaThread "Stdin handler"                     [_thread_blocked, id=15856, stack(0x000000e426a00000,0x000000e426b00000) (1024K)]
  0x000002da3f71d420 JavaThread "Daemon client event forwarder"        [_thread_in_native, id=27096, stack(0x000000e426f00000,0x000000e427000000) (1024K)]
  0x000002da3f719fa0 JavaThread "Cache worker for file hash cache (C:\Users\DELL\projets\app_mobile\.android\.gradle\8.12\fileHashes)"        [_thread_blocked, id=26972, stack(0x000000e427000000,0x000000e427100000) (1024K)]
  0x000002da3f71dab0 JavaThread "Cache worker for Build Output Cleanup Cache (C:\Users\DELL\projets\app_mobile\.android\.gradle\buildOutputCleanup)"        [_thread_blocked, id=17420, stack(0x000000e427800000,0x000000e427900000) (1024K)]
  0x000002da3f71a630 JavaThread "Cache worker for checksums cache (C:\Users\DELL\projets\app_mobile\.android\.gradle\8.12\checksums)"        [_thread_blocked, id=3788, stack(0x000000e427d00000,0x000000e427e00000) (1024K)]
  0x000002da3f71e140 JavaThread "Cache worker for cache directory md-rule (C:\Users\DELL\.gradle\caches\8.12\md-rule)"        [_thread_blocked, id=988, stack(0x000000e427e00000,0x000000e427f00000) (1024K)]
  0x000002da3f71acc0 JavaThread "Cache worker for cache directory md-supplier (C:\Users\DELL\.gradle\caches\8.12\md-supplier)"        [_thread_blocked, id=5144, stack(0x000000e427f00000,0x000000e428000000) (1024K)]
  0x000002da3f71e7d0 JavaThread "Cache worker for Build Output Cleanup Cache (C:\flutter\packages\flutter_tools\gradle\.gradle\buildOutputCleanup)"        [_thread_blocked, id=3032, stack(0x000000e428000000,0x000000e428100000) (1024K)]
  0x000002da3f71b350 JavaThread "Unconstrained build operations"        [_thread_blocked, id=24636, stack(0x000000e428100000,0x000000e428200000) (1024K)]
  0x000002da3f720210 JavaThread "Unconstrained build operations Thread 2"        [_thread_blocked, id=15268, stack(0x000000e428200000,0x000000e428300000) (1024K)]
  0x000002da3f7222e0 JavaThread "Unconstrained build operations Thread 3"        [_thread_blocked, id=14812, stack(0x000000e428300000,0x000000e428400000) (1024K)]
  0x000002da3f71ee60 JavaThread "Unconstrained build operations Thread 4"        [_thread_blocked, id=7372, stack(0x000000e428400000,0x000000e428500000) (1024K)]
  0x000002da3f722970 JavaThread "Unconstrained build operations Thread 5"        [_thread_blocked, id=16024, stack(0x000000e428500000,0x000000e428600000) (1024K)]
  0x000002da3f7208a0 JavaThread "Unconstrained build operations Thread 6"        [_thread_blocked, id=14848, stack(0x000000e428600000,0x000000e428700000) (1024K)]
  0x000002da3f71f4f0 JavaThread "Unconstrained build operations Thread 7"        [_thread_blocked, id=25888, stack(0x000000e428700000,0x000000e428800000) (1024K)]
  0x000002da3f71fb80 JavaThread "Unconstrained build operations Thread 8"        [_thread_blocked, id=6436, stack(0x000000e428800000,0x000000e428900000) (1024K)]
  0x000002da3f723690 JavaThread "Unconstrained build operations Thread 9"        [_thread_blocked, id=26736, stack(0x000000e428900000,0x000000e428a00000) (1024K)]
  0x000002da3f7243b0 JavaThread "Unconstrained build operations Thread 10"        [_thread_blocked, id=21688, stack(0x000000e428a00000,0x000000e428b00000) (1024K)]
  0x000002da3f721c50 JavaThread "Unconstrained build operations Thread 11"        [_thread_blocked, id=12228, stack(0x000000e428b00000,0x000000e428c00000) (1024K)]
  0x000002da3f723000 JavaThread "Unconstrained build operations Thread 12"        [_thread_blocked, id=25732, stack(0x000000e428c00000,0x000000e428d00000) (1024K)]
  0x000002da3f720f30 JavaThread "Unconstrained build operations Thread 13"        [_thread_blocked, id=20780, stack(0x000000e428d00000,0x000000e428e00000) (1024K)]
  0x000002da3f723d20 JavaThread "Unconstrained build operations Thread 14"        [_thread_blocked, id=17804, stack(0x000000e428e00000,0x000000e428f00000) (1024K)]
  0x000002da3f724a40 JavaThread "build event listener"              [_thread_blocked, id=21436, stack(0x000000e428f00000,0x000000e429000000) (1024K)]
  0x000002da3e218340 JavaThread "included builds"                   [_thread_blocked, id=27480, stack(0x000000e429000000,0x000000e429100000) (1024K)]
  0x000002da3e216270 JavaThread "Execution worker"                  [_thread_blocked, id=20368, stack(0x000000e429100000,0x000000e429200000) (1024K)]
  0x000002da3e217cb0 JavaThread "Execution worker Thread 2"         [_thread_blocked, id=22856, stack(0x000000e429200000,0x000000e429300000) (1024K)]
  0x000002da3e2189d0 JavaThread "Execution worker Thread 3"         [_thread_blocked, id=25780, stack(0x000000e429300000,0x000000e429400000) (1024K)]
  0x000002da3e219060 JavaThread "Execution worker Thread 4"         [_thread_blocked, id=18600, stack(0x000000e429500000,0x000000e429600000) (1024K)]
  0x000002da3e215be0 JavaThread "Execution worker Thread 5"         [_thread_blocked, id=16528, stack(0x000000e429600000,0x000000e429700000) (1024K)]
  0x000002da3e219d80 JavaThread "Execution worker Thread 6"         [_thread_blocked, id=26288, stack(0x000000e429800000,0x000000e429900000) (1024K)]
  0x000002da3e217620 JavaThread "Execution worker Thread 7"         [_thread_blocked, id=15576, stack(0x000000e429900000,0x000000e429a00000) (1024K)]
  0x000002da3e2196f0 JavaThread "Cache worker for execution history cache (C:\flutter\packages\flutter_tools\gradle\.gradle\8.12\executionHistory)"        [_thread_blocked, id=7688, stack(0x000000e429a00000,0x000000e429b00000) (1024K)]
  0x000002da3e216900 JavaThread "Unconstrained build operations Thread 15"        [_thread_blocked, id=24112, stack(0x000000e429b00000,0x000000e429c00000) (1024K)]
  0x000002da3e216f90 JavaThread "Unconstrained build operations Thread 16"        [_thread_blocked, id=25532, stack(0x000000e429c00000,0x000000e429d00000) (1024K)]
  0x000002da3e21b130 JavaThread "Unconstrained build operations Thread 17"        [_thread_blocked, id=11612, stack(0x000000e429d00000,0x000000e429e00000) (1024K)]
  0x000002da3e21c4e0 JavaThread "Unconstrained build operations Thread 18"        [_thread_blocked, id=24784, stack(0x000000e429e00000,0x000000e429f00000) (1024K)]
  0x000002da3e21aaa0 JavaThread "Unconstrained build operations Thread 19"        [_thread_blocked, id=23340, stack(0x000000e429f00000,0x000000e42a000000) (1024K)]
  0x000002da3e21b7c0 JavaThread "Unconstrained build operations Thread 20"        [_thread_blocked, id=2212, stack(0x000000e42a000000,0x000000e42a100000) (1024K)]
  0x000002da3e21be50 JavaThread "Unconstrained build operations Thread 21"        [_thread_blocked, id=24400, stack(0x000000e42a100000,0x000000e42a200000) (1024K)]
  0x000002da3e21a410 JavaThread "Unconstrained build operations Thread 22"        [_thread_blocked, id=15388, stack(0x000000e42a200000,0x000000e42a300000) (1024K)]
  0x000002da3e21d200 JavaThread "Unconstrained build operations Thread 23"        [_thread_blocked, id=27600, stack(0x000000e42a300000,0x000000e42a400000) (1024K)]
  0x000002da3b0f02b0 JavaThread "Unconstrained build operations Thread 24"        [_thread_blocked, id=22976, stack(0x000000e42a400000,0x000000e42a500000) (1024K)]
  0x000002da3b0f1660 JavaThread "Unconstrained build operations Thread 25"        [_thread_blocked, id=23160, stack(0x000000e42a500000,0x000000e42a600000) (1024K)]
  0x000002da3b0f2380 JavaThread "Unconstrained build operations Thread 26"        [_thread_blocked, id=22736, stack(0x000000e42a600000,0x000000e42a700000) (1024K)]
  0x000002da3b0f2a10 JavaThread "Unconstrained build operations Thread 27"        [_thread_blocked, id=16620, stack(0x000000e42a700000,0x000000e42a800000) (1024K)]
  0x000002da3b0f0940 JavaThread "Unconstrained build operations Thread 28"        [_thread_blocked, id=23208, stack(0x000000e42a800000,0x000000e42a900000) (1024K)]
  0x000002da3b0f0fd0 JavaThread "Unconstrained build operations Thread 29"        [_thread_blocked, id=2296, stack(0x000000e42a900000,0x000000e42aa00000) (1024K)]
  0x000002da3b0f1cf0 JavaThread "Unconstrained build operations Thread 30"        [_thread_blocked, id=22652, stack(0x000000e42aa00000,0x000000e42ab00000) (1024K)]
  0x000002da3b0efc20 JavaThread "Unconstrained build operations Thread 31"        [_thread_blocked, id=20012, stack(0x000000e42ab00000,0x000000e42ac00000) (1024K)]
  0x000002da3b0f30a0 JavaThread "Unconstrained build operations Thread 32"        [_thread_blocked, id=6752, stack(0x000000e42ac00000,0x000000e42ad00000) (1024K)]
  0x000002da3b0f5e90 JavaThread "Unconstrained build operations Thread 33"        [_thread_blocked, id=9760, stack(0x000000e42ad00000,0x000000e42ae00000) (1024K)]
  0x000002da3b0f6520 JavaThread "Unconstrained build operations Thread 34"        [_thread_blocked, id=17684, stack(0x000000e42ae00000,0x000000e42af00000) (1024K)]
  0x000002da3b0f5800 JavaThread "Unconstrained build operations Thread 35"        [_thread_blocked, id=25976, stack(0x000000e42af00000,0x000000e42b000000) (1024K)]
  0x000002da3b0f3dc0 JavaThread "Unconstrained build operations Thread 36"        [_thread_blocked, id=21092, stack(0x000000e42b000000,0x000000e42b100000) (1024K)]
  0x000002da3b0f6bb0 JavaThread "Unconstrained build operations Thread 37"        [_thread_blocked, id=2940, stack(0x000000e42b100000,0x000000e42b200000) (1024K)]
  0x000002da3b0f4450 JavaThread "Unconstrained build operations Thread 38"        [_thread_blocked, id=15948, stack(0x000000e42b200000,0x000000e42b300000) (1024K)]
  0x000002da3b0f5170 JavaThread "Unconstrained build operations Thread 39"        [_thread_blocked, id=27380, stack(0x000000e42b300000,0x000000e42b400000) (1024K)]
  0x000002da3cd9fe50 JavaThread "Unconstrained build operations Thread 40"        [_thread_blocked, id=25980, stack(0x000000e42b400000,0x000000e42b500000) (1024K)]
  0x000002da3cda04e0 JavaThread "Unconstrained build operations Thread 41"        [_thread_blocked, id=26344, stack(0x000000e42b500000,0x000000e42b600000) (1024K)]
  0x000002da3cda3960 JavaThread "Unconstrained build operations Thread 42"        [_thread_blocked, id=13460, stack(0x000000e42b600000,0x000000e42b700000) (1024K)]
  0x000002da3cda3ff0 JavaThread "Unconstrained build operations Thread 43"        [_thread_blocked, id=1580, stack(0x000000e42b700000,0x000000e42b800000) (1024K)]
  0x000002da3cda0b70 JavaThread "Unconstrained build operations Thread 44"        [_thread_blocked, id=23080, stack(0x000000e42b800000,0x000000e42b900000) (1024K)]
  0x000002da3cda1200 JavaThread "build event listener"              [_thread_blocked, id=20548, stack(0x000000e42b900000,0x000000e42ba00000) (1024K)]
Total: 99

Other Threads:
  0x000002d9f00fb110 VMThread "VM Thread"                           [id=5672, stack(0x000000e424d00000,0x000000e424e00000) (1024K)]
  0x000002d9f00e3980 WatcherThread "VM Periodic Task Thread"        [id=24768, stack(0x000000e424c00000,0x000000e424d00000) (1024K)]
  0x000002d9bd3ad420 WorkerThread "GC Thread#0"                     [id=27040, stack(0x000000e424700000,0x000000e424800000) (1024K)]
  0x000002d9f2ea3a20 WorkerThread "GC Thread#1"                     [id=26924, stack(0x000000e425a00000,0x000000e425b00000) (1024K)]
  0x000002d9f2ea3dc0 WorkerThread "GC Thread#2"                     [id=18096, stack(0x000000e425b00000,0x000000e425c00000) (1024K)]
  0x000002d9f2e86c80 WorkerThread "GC Thread#3"                     [id=1988, stack(0x000000e425c00000,0x000000e425d00000) (1024K)]
  0x000002d9f2e87020 WorkerThread "GC Thread#4"                     [id=3616, stack(0x000000e425d00000,0x000000e425e00000) (1024K)]
  0x000002d9f2e877c0 WorkerThread "GC Thread#5"                     [id=8488, stack(0x000000e425e00000,0x000000e425f00000) (1024K)]
  0x000002da39979810 WorkerThread "GC Thread#6"                     [id=26232, stack(0x000000e425f00000,0x000000e426000000) (1024K)]
  0x000002da39979bb0 WorkerThread "GC Thread#7"                     [id=21984, stack(0x000000e426000000,0x000000e426100000) (1024K)]
  0x000002d9eff24090 ConcurrentGCThread "G1 Main Marker"            [id=17884, stack(0x000000e424800000,0x000000e424900000) (1024K)]
  0x000002d9eff25240 WorkerThread "G1 Conc#0"                       [id=17144, stack(0x000000e424900000,0x000000e424a00000) (1024K)]
  0x000002da39b93900 WorkerThread "G1 Conc#1"                       [id=3120, stack(0x000000e426e00000,0x000000e426f00000) (1024K)]
  0x000002d9effa9890 ConcurrentGCThread "G1 Refine#0"               [id=17724, stack(0x000000e424a00000,0x000000e424b00000) (1024K)]
  0x000002d9effab1c0 ConcurrentGCThread "G1 Service"                [id=15212, stack(0x000000e424b00000,0x000000e424c00000) (1024K)]
Total: 15

Threads with active compile tasks:
C2 CompilerThread0    49454 17690       4       org.gradle.internal.ImmutableActionSet::add (93 bytes)
Total: 1

VM state: not at safepoint (normal execution)

VM Mutex/Monitor currently owned by a thread: None

Heap address: 0x0000000600000000, size: 8192 MB, Compressed Oops mode: Zero based, Oop shift amount: 3

CDS archive(s) mapped at: [0x000002d9f3000000-0x000002d9f3c90000-0x000002d9f3c90000), size 13172736, SharedBaseAddress: 0x000002d9f3000000, ArchiveRelocationMode: 1.
Compressed class space mapped at: 0x000002d9f4000000-0x000002da34000000, reserved size: 1073741824
Narrow klass base: 0x000002d9f3000000, Narrow klass shift: 0, Narrow klass range: 0x100000000

GC Precious Log:
 CardTable entry size: 512
 Card Set container configuration: InlinePtr #cards 4 size 8 Array Of Cards #cards 32 size 80 Howl #buckets 8 coarsen threshold 7372 Howl Bitmap #cards 1024 size 144 coarsen threshold 921 Card regions per heap region 1 cards per card region 8192
 CPUs: 8 total, 8 available
 Memory: 16110M
 Large Page Support: Disabled
 NUMA Support: Disabled
 Compressed Oops: Enabled (Zero based)
 Heap Region Size: 4M
 Heap Min Capacity: 8M
 Heap Initial Capacity: 252M
 Heap Max Capacity: 8G
 Pre-touch: Disabled
 Parallel Workers: 8
 Concurrent Workers: 2
 Concurrent Refinement Workers: 8
 Periodic GC: Disabled

Heap:
 garbage-first heap   total 307200K, used 213815K [0x0000000600000000, 0x0000000800000000)
  region size 4096K, 10 young (40960K), 2 survivors (8192K)
 Metaspace       used 123878K, committed 126528K, reserved 1179648K
  class space    used 17424K, committed 18752K, reserved 1048576K

Heap Regions: E=young(eden), S=young(survivor), O=old, HS=humongous(starts), HC=humongous(continues), CS=collection set, F=free, TAMS=top-at-mark-start, PB=parsable bottom
|   0|0x0000000600000000, 0x0000000600400000, 0x0000000600400000|100%|HS|  |TAMS 0x0000000600000000| PB 0x0000000600000000| Complete 
|   1|0x0000000600400000, 0x0000000600800000, 0x0000000600800000|100%| O|  |TAMS 0x0000000600400000| PB 0x0000000600400000| Untracked 
|   2|0x0000000600800000, 0x0000000600c00000, 0x0000000600c00000|100%| O|  |TAMS 0x0000000600800000| PB 0x0000000600800000| Untracked 
|   3|0x0000000600c00000, 0x0000000601000000, 0x0000000601000000|100%| O|  |TAMS 0x0000000600c00000| PB 0x0000000600c00000| Untracked 
|   4|0x0000000601000000, 0x0000000601400000, 0x0000000601400000|100%| O|  |TAMS 0x0000000601000000| PB 0x0000000601000000| Untracked 
|   5|0x0000000601400000, 0x0000000601800000, 0x0000000601800000|100%| O|  |TAMS 0x0000000601400000| PB 0x0000000601400000| Untracked 
|   6|0x0000000601800000, 0x0000000601c00000, 0x0000000601c00000|100%| O|  |TAMS 0x0000000601800000| PB 0x0000000601800000| Untracked 
|   7|0x0000000601c00000, 0x0000000602000000, 0x0000000602000000|100%| O|  |TAMS 0x0000000601c00000| PB 0x0000000601c00000| Untracked 
|   8|0x0000000602000000, 0x0000000602400000, 0x0000000602400000|100%|HS|  |TAMS 0x0000000602000000| PB 0x0000000602000000| Complete 
|   9|0x0000000602400000, 0x0000000602800000, 0x0000000602800000|100%| O|  |TAMS 0x0000000602400000| PB 0x0000000602400000| Untracked 
|  10|0x0000000602800000, 0x0000000602c00000, 0x0000000602c00000|100%| O|  |TAMS 0x0000000602800000| PB 0x0000000602800000| Untracked 
|  11|0x0000000602c00000, 0x0000000603000000, 0x0000000603000000|100%| O|  |TAMS 0x0000000602c00000| PB 0x0000000602c00000| Untracked 
|  12|0x0000000603000000, 0x0000000603400000, 0x0000000603400000|100%| O|  |TAMS 0x0000000603000000| PB 0x0000000603000000| Untracked 
|  13|0x0000000603400000, 0x0000000603800000, 0x0000000603800000|100%|HS|  |TAMS 0x0000000603400000| PB 0x0000000603400000| Complete 
|  14|0x0000000603800000, 0x0000000603c00000, 0x0000000603c00000|100%| O|  |TAMS 0x0000000603800000| PB 0x0000000603800000| Untracked 
|  15|0x0000000603c00000, 0x0000000604000000, 0x0000000604000000|100%| O|  |TAMS 0x0000000603c00000| PB 0x0000000603c00000| Untracked 
|  16|0x0000000604000000, 0x0000000604400000, 0x0000000604400000|100%| O|  |TAMS 0x0000000604000000| PB 0x0000000604000000| Untracked 
|  17|0x0000000604400000, 0x0000000604800000, 0x0000000604800000|100%| O|  |TAMS 0x0000000604400000| PB 0x0000000604400000| Untracked 
|  18|0x0000000604800000, 0x0000000604c00000, 0x0000000604c00000|100%| O|  |TAMS 0x0000000604800000| PB 0x0000000604800000| Untracked 
|  19|0x0000000604c00000, 0x0000000605000000, 0x0000000605000000|100%| O|  |TAMS 0x0000000604c00000| PB 0x0000000604c00000| Untracked 
|  20|0x0000000605000000, 0x0000000605400000, 0x0000000605400000|100%| O|  |TAMS 0x0000000605000000| PB 0x0000000605000000| Untracked 
|  21|0x0000000605400000, 0x0000000605800000, 0x0000000605800000|100%| O|  |TAMS 0x0000000605400000| PB 0x0000000605400000| Untracked 
|  22|0x0000000605800000, 0x0000000605c00000, 0x0000000605c00000|100%| O|  |TAMS 0x0000000605800000| PB 0x0000000605800000| Untracked 
|  23|0x0000000605c00000, 0x0000000606000000, 0x0000000606000000|100%| O|  |TAMS 0x0000000605c00000| PB 0x0000000605c00000| Untracked 
|  24|0x0000000606000000, 0x0000000606400000, 0x0000000606400000|100%| O|  |TAMS 0x0000000606000000| PB 0x0000000606000000| Untracked 
|  25|0x0000000606400000, 0x0000000606800000, 0x0000000606800000|100%| O|  |TAMS 0x0000000606400000| PB 0x0000000606400000| Untracked 
|  26|0x0000000606800000, 0x0000000606c00000, 0x0000000606c00000|100%| O|  |TAMS 0x0000000606800000| PB 0x0000000606800000| Untracked 
|  27|0x0000000606c00000, 0x0000000607000000, 0x0000000607000000|100%| O|  |TAMS 0x0000000606c00000| PB 0x0000000606c00000| Untracked 
|  28|0x0000000607000000, 0x0000000607400000, 0x0000000607400000|100%| O|  |TAMS 0x0000000607000000| PB 0x0000000607000000| Untracked 
|  29|0x0000000607400000, 0x0000000607800000, 0x0000000607800000|100%| O|  |TAMS 0x0000000607400000| PB 0x0000000607400000| Untracked 
|  30|0x0000000607800000, 0x0000000607c00000, 0x0000000607c00000|100%| O|  |TAMS 0x0000000607800000| PB 0x0000000607800000| Untracked 
|  31|0x0000000607c00000, 0x0000000608000000, 0x0000000608000000|100%| O|  |TAMS 0x0000000607c00000| PB 0x0000000607c00000| Untracked 
|  32|0x0000000608000000, 0x0000000608400000, 0x0000000608400000|100%| O|Cm|TAMS 0x0000000608000000| PB 0x0000000608000000| Complete 
|  33|0x0000000608400000, 0x0000000608800000, 0x0000000608800000|100%| O|  |TAMS 0x0000000608400000| PB 0x0000000608400000| Untracked 
|  34|0x0000000608800000, 0x0000000608c00000, 0x0000000608c00000|100%| O|  |TAMS 0x0000000608800000| PB 0x0000000608800000| Untracked 
|  35|0x0000000608c00000, 0x0000000609000000, 0x0000000609000000|100%| O|  |TAMS 0x0000000608c00000| PB 0x0000000608c00000| Untracked 
|  36|0x0000000609000000, 0x0000000609400000, 0x0000000609400000|100%| O|  |TAMS 0x0000000609000000| PB 0x0000000609000000| Untracked 
|  37|0x0000000609400000, 0x0000000609800000, 0x0000000609800000|100%| O|  |TAMS 0x0000000609400000| PB 0x0000000609400000| Untracked 
|  38|0x0000000609800000, 0x0000000609c00000, 0x0000000609c00000|100%| O|  |TAMS 0x0000000609800000| PB 0x0000000609800000| Untracked 
|  39|0x0000000609c00000, 0x000000060a000000, 0x000000060a000000|100%| O|  |TAMS 0x0000000609c00000| PB 0x0000000609c00000| Untracked 
|  40|0x000000060a000000, 0x000000060a400000, 0x000000060a400000|100%| O|  |TAMS 0x000000060a000000| PB 0x000000060a000000| Untracked 
|  41|0x000000060a400000, 0x000000060a517390, 0x000000060a800000| 27%| O|  |TAMS 0x000000060a400000| PB 0x000000060a400000| Untracked 
|  42|0x000000060a800000, 0x000000060a800000, 0x000000060ac00000|  0%| F|  |TAMS 0x000000060a800000| PB 0x000000060a800000| Untracked 
|  43|0x000000060ac00000, 0x000000060ac00000, 0x000000060b000000|  0%| F|  |TAMS 0x000000060ac00000| PB 0x000000060ac00000| Untracked 
|  44|0x000000060b000000, 0x000000060b000000, 0x000000060b400000|  0%| F|  |TAMS 0x000000060b000000| PB 0x000000060b000000| Untracked 
|  45|0x000000060b400000, 0x000000060b400000, 0x000000060b800000|  0%| F|  |TAMS 0x000000060b400000| PB 0x000000060b400000| Untracked 
|  46|0x000000060b800000, 0x000000060b800000, 0x000000060bc00000|  0%| F|  |TAMS 0x000000060b800000| PB 0x000000060b800000| Untracked 
|  47|0x000000060bc00000, 0x000000060bc00000, 0x000000060c000000|  0%| F|  |TAMS 0x000000060bc00000| PB 0x000000060bc00000| Untracked 
|  48|0x000000060c000000, 0x000000060c000000, 0x000000060c400000|  0%| F|  |TAMS 0x000000060c000000| PB 0x000000060c000000| Untracked 
|  49|0x000000060c400000, 0x000000060c400000, 0x000000060c800000|  0%| F|  |TAMS 0x000000060c400000| PB 0x000000060c400000| Untracked 
|  50|0x000000060c800000, 0x000000060c800000, 0x000000060cc00000|  0%| F|  |TAMS 0x000000060c800000| PB 0x000000060c800000| Untracked 
|  51|0x000000060cc00000, 0x000000060cc00000, 0x000000060d000000|  0%| F|  |TAMS 0x000000060cc00000| PB 0x000000060cc00000| Untracked 
|  52|0x000000060d000000, 0x000000060d3b6a38, 0x000000060d400000| 92%| S|CS|TAMS 0x000000060d000000| PB 0x000000060d000000| Complete 
|  53|0x000000060d400000, 0x000000060d800000, 0x000000060d800000|100%| S|CS|TAMS 0x000000060d400000| PB 0x000000060d400000| Complete 
|  54|0x000000060d800000, 0x000000060d800000, 0x000000060dc00000|  0%| F|  |TAMS 0x000000060d800000| PB 0x000000060d800000| Untracked 
|  55|0x000000060dc00000, 0x000000060dc00000, 0x000000060e000000|  0%| F|  |TAMS 0x000000060dc00000| PB 0x000000060dc00000| Untracked 
|  56|0x000000060e000000, 0x000000060e000000, 0x000000060e400000|  0%| F|  |TAMS 0x000000060e000000| PB 0x000000060e000000| Untracked 
|  57|0x000000060e400000, 0x000000060e400000, 0x000000060e800000|  0%| F|  |TAMS 0x000000060e400000| PB 0x000000060e400000| Untracked 
|  58|0x000000060e800000, 0x000000060e800000, 0x000000060ec00000|  0%| F|  |TAMS 0x000000060e800000| PB 0x000000060e800000| Untracked 
|  59|0x000000060ec00000, 0x000000060ec00000, 0x000000060f000000|  0%| F|  |TAMS 0x000000060ec00000| PB 0x000000060ec00000| Untracked 
|  60|0x000000060f000000, 0x000000060f000000, 0x000000060f400000|  0%| F|  |TAMS 0x000000060f000000| PB 0x000000060f000000| Untracked 
|  61|0x000000060f400000, 0x000000060f400000, 0x000000060f800000|  0%| F|  |TAMS 0x000000060f400000| PB 0x000000060f400000| Untracked 
|  62|0x000000060f800000, 0x000000060f800000, 0x000000060fc00000|  0%| F|  |TAMS 0x000000060f800000| PB 0x000000060f800000| Untracked 
|  63|0x000000060fc00000, 0x000000060fc00000, 0x0000000610000000|  0%| F|  |TAMS 0x000000060fc00000| PB 0x000000060fc00000| Untracked 
|  64|0x0000000610000000, 0x0000000610000000, 0x0000000610400000|  0%| F|  |TAMS 0x0000000610000000| PB 0x0000000610000000| Untracked 
|  65|0x0000000610400000, 0x0000000610400800, 0x0000000610800000|  0%| E|  |TAMS 0x0000000610400000| PB 0x0000000610400000| Complete 
|  66|0x0000000610800000, 0x0000000610c00000, 0x0000000610c00000|100%| E|CS|TAMS 0x0000000610800000| PB 0x0000000610800000| Complete 
|  67|0x0000000610c00000, 0x0000000611000000, 0x0000000611000000|100%| E|CS|TAMS 0x0000000610c00000| PB 0x0000000610c00000| Complete 
|  68|0x0000000611000000, 0x0000000611400000, 0x0000000611400000|100%| E|CS|TAMS 0x0000000611000000| PB 0x0000000611000000| Complete 
|  69|0x0000000611400000, 0x0000000611800000, 0x0000000611800000|100%| E|CS|TAMS 0x0000000611400000| PB 0x0000000611400000| Complete 
|  70|0x0000000611800000, 0x0000000611c00000, 0x0000000611c00000|100%| E|CS|TAMS 0x0000000611800000| PB 0x0000000611800000| Complete 
|  71|0x0000000611c00000, 0x0000000612000000, 0x0000000612000000|100%| E|CS|TAMS 0x0000000611c00000| PB 0x0000000611c00000| Complete 
|  72|0x0000000612000000, 0x0000000612400000, 0x0000000612400000|100%| E|CS|TAMS 0x0000000612000000| PB 0x0000000612000000| Complete 
|2046|0x00000007ff800000, 0x00000007ffc00000, 0x00000007ffc00000|100%| O|  |TAMS 0x00000007ff800000| PB 0x00000007ff800000| Untracked 
|2047|0x00000007ffc00000, 0x0000000800000000, 0x0000000800000000|100%| O|  |TAMS 0x00000007ffc00000| PB 0x00000007ffc00000| Untracked 

Card table byte_map: [0x000002d9e6f20000,0x000002d9e7f20000] _byte_map_base: 0x000002d9e3f20000

Marking Bits: (CMBitMap*) 0x000002d9bd3ada30
 Bits: [0x000002d9e7f20000, 0x000002d9eff20000)

Polling page: 0x000002d9bca80000

Metaspace:

Usage:
  Non-class:    103.96 MB used.
      Class:     17.02 MB used.
       Both:    120.97 MB used.

Virtual space:
  Non-class space:      128.00 MB reserved,     105.25 MB ( 82%) committed,  2 nodes.
      Class space:        1.00 GB reserved,      18.31 MB (  2%) committed,  1 nodes.
             Both:        1.12 GB reserved,     123.56 MB ( 11%) committed. 

Chunk freelists:
   Non-Class:  6.57 MB
       Class:  13.74 MB
        Both:  20.31 MB

MaxMetaspaceSize: 4.00 GB
CompressedClassSpaceSize: 1.00 GB
Initial GC threshold: 21.00 MB
Current GC threshold: 205.25 MB
CDS: on
 - commit_granule_bytes: 65536.
 - commit_granule_words: 8192.
 - virtual_space_node_default_size: 8388608.
 - enlarge_chunks_in_place: 1.
 - use_allocation_guard: 0.


Internal statistics:

num_allocs_failed_limit: 12.
num_arena_births: 4728.
num_arena_deaths: 0.
num_vsnodes_births: 3.
num_vsnodes_deaths: 0.
num_space_committed: 1977.
num_space_uncommitted: 0.
num_chunks_returned_to_freelist: 12.
num_chunks_taken_from_freelist: 10686.
num_chunk_merges: 9.
num_chunk_splits: 6924.
num_chunks_enlarged: 4298.
num_inconsistent_stats: 0.

CodeHeap 'non-profiled nmethods': size=259264Kb used=10874Kb max_used=10874Kb free=248389Kb
 bounds [0x000002d9d5ca0000, 0x000002d9d6740000, 0x000002d9e59d0000]
CodeHeap 'profiled nmethods': size=259264Kb used=28596Kb max_used=28596Kb free=230667Kb
 bounds [0x000002d9c59d0000, 0x000002d9c75c0000, 0x000002d9d5700000]
CodeHeap 'non-nmethods': size=5760Kb used=3285Kb max_used=3347Kb free=2474Kb
 bounds [0x000002d9d5700000, 0x000002d9d5a60000, 0x000002d9d5ca0000]
 total_blobs=16072 nmethods=15020 adapters=954
 compilation: enabled
              stopped_count=0, restarted_count=0
 full_count=0

Compilation events (20 events):
Event: 49.349 Thread 0x000002d9f2afd7e0 nmethod 17681 0x000002d9c75b4e90 code [0x000002d9c75b5060, 0x000002d9c75b54a0]
Event: 49.349 Thread 0x000002d9f2ae9aa0 17682       4       com.google.common.collect.ImmutableList::contains (14 bytes)
Event: 49.352 Thread 0x000002d9f2afd7e0 17683       3       com.android.build.gradle.internal.dependency.SourceSetManager::getConfigDesc (8 bytes)
Event: 49.354 Thread 0x000002d9f2ae9aa0 nmethod 17682 0x000002d9d673da90 code [0x000002d9d673dc40, 0x000002d9d673dea8]
Event: 49.354 Thread 0x000002d9f2ae9aa0 17685       4       com.google.common.collect.AbstractIndexedListIterator::hasNext (17 bytes)
Event: 49.354 Thread 0x000002d9f2ae9aa0 nmethod 17685 0x000002d9d673e110 code [0x000002d9d673e2a0, 0x000002d9d673e340]
Event: 49.355 Thread 0x000002d9f2afd7e0 nmethod 17683 0x000002d9c75b5610 code [0x000002d9c75b5a20, 0x000002d9c75b7a18]
Event: 49.355 Thread 0x000002d9f2afd7e0 17684       3       org.gradle.api.internal.DefaultNamedDomainObjectCollection::index (50 bytes)
Event: 49.356 Thread 0x000002d9f2afd7e0 nmethod 17684 0x000002d9c75b8510 code [0x000002d9c75b8720, 0x000002d9c75b8db0]
Event: 49.356 Thread 0x000002d9f2afd7e0 17686       3       com.google.common.cache.LocalCache::expiresAfterWrite (15 bytes)
Event: 49.356 Thread 0x000002d9f2afd7e0 nmethod 17686 0x000002d9c75b8f90 code [0x000002d9c75b9120, 0x000002d9c75b9290]
Event: 49.356 Thread 0x000002d9f2afd7e0 17687       3       org.gradle.internal.deprecation.DeprecatableConfiguration::maybeEmitDeclarationDeprecation (50 bytes)
Event: 49.357 Thread 0x000002d9f2afd7e0 nmethod 17687 0x000002d9c75b9310 code [0x000002d9c75b95a0, 0x000002d9c75ba220]
Event: 49.369 Thread 0x000002d9f2afd7e0 17688       3       com.google.common.cache.LocalCache::recordsAccess (5 bytes)
Event: 49.370 Thread 0x000002d9f2afd7e0 nmethod 17688 0x000002d9c75ba590 code [0x000002d9c75ba740, 0x000002d9c75ba928]
Event: 49.370 Thread 0x000002d9f2afd7e0 17689       3       com.google.common.cache.LocalCache::refreshes (15 bytes)
Event: 49.370 Thread 0x000002d9f2afd7e0 nmethod 17689 0x000002d9c75baa10 code [0x000002d9c75baba0, 0x000002d9c75bad10]
Event: 49.370 Thread 0x000002d9f2ae9aa0 17690       4       org.gradle.internal.ImmutableActionSet::add (93 bytes)
Event: 49.395 Thread 0x000002d9f2afd7e0 17691       3       java.util.concurrent.atomic.AtomicLong::<init> (5 bytes)
Event: 49.395 Thread 0x000002d9f2afd7e0 nmethod 17691 0x000002d9c75bad90 code [0x000002d9c75baf40, 0x000002d9c75bb108]

GC Heap History (20 events):
Event: 28.337 GC heap before
{Heap before GC invocations=29 (full 0):
 garbage-first heap   total 212992K, used 181266K [0x0000000600000000, 0x0000000800000000)
  region size 4096K, 18 young (73728K), 3 survivors (12288K)
 Metaspace       used 101720K, committed 104192K, reserved 1179648K
  class space    used 14412K, committed 15616K, reserved 1048576K
}
Event: 28.347 GC heap after
{Heap after GC invocations=30 (full 0):
 garbage-first heap   total 212992K, used 122588K [0x0000000600000000, 0x0000000800000000)
  region size 4096K, 2 young (8192K), 2 survivors (8192K)
 Metaspace       used 101720K, committed 104192K, reserved 1179648K
  class space    used 14412K, committed 15616K, reserved 1048576K
}
Event: 29.626 GC heap before
{Heap before GC invocations=31 (full 0):
 garbage-first heap   total 225280K, used 184028K [0x0000000600000000, 0x0000000800000000)
  region size 4096K, 17 young (69632K), 2 survivors (8192K)
 Metaspace       used 105408K, committed 107904K, reserved 1179648K
  class space    used 14931K, committed 16192K, reserved 1048576K
}
Event: 29.636 GC heap after
{Heap after GC invocations=32 (full 0):
 garbage-first heap   total 225280K, used 124209K [0x0000000600000000, 0x0000000800000000)
  region size 4096K, 2 young (8192K), 2 survivors (8192K)
 Metaspace       used 105408K, committed 107904K, reserved 1179648K
  class space    used 14931K, committed 16192K, reserved 1048576K
}
Event: 30.959 GC heap before
{Heap before GC invocations=32 (full 0):
 garbage-first heap   total 225280K, used 193841K [0x0000000600000000, 0x0000000800000000)
  region size 4096K, 19 young (77824K), 2 survivors (8192K)
 Metaspace       used 108034K, committed 110592K, reserved 1179648K
  class space    used 15273K, committed 16512K, reserved 1048576K
}
Event: 30.977 GC heap after
{Heap after GC invocations=33 (full 0):
 garbage-first heap   total 225280K, used 128634K [0x0000000600000000, 0x0000000800000000)
  region size 4096K, 3 young (12288K), 3 survivors (12288K)
 Metaspace       used 108034K, committed 110592K, reserved 1179648K
  class space    used 15273K, committed 16512K, reserved 1048576K
}
Event: 33.480 GC heap before
{Heap before GC invocations=33 (full 0):
 garbage-first heap   total 225280K, used 190074K [0x0000000600000000, 0x0000000800000000)
  region size 4096K, 18 young (73728K), 3 survivors (12288K)
 Metaspace       used 110879K, committed 113408K, reserved 1179648K
  class space    used 15694K, committed 16960K, reserved 1048576K
}
Event: 33.497 GC heap after
{Heap after GC invocations=34 (full 0):
 garbage-first heap   total 225280K, used 133620K [0x0000000600000000, 0x0000000800000000)
  region size 4096K, 3 young (12288K), 3 survivors (12288K)
 Metaspace       used 110879K, committed 113408K, reserved 1179648K
  class space    used 15694K, committed 16960K, reserved 1048576K
}
Event: 34.339 GC heap before
{Heap before GC invocations=35 (full 0):
 garbage-first heap   total 241664K, used 186868K [0x0000000600000000, 0x0000000800000000)
  region size 4096K, 17 young (69632K), 3 survivors (12288K)
 Metaspace       used 110881K, committed 113408K, reserved 1179648K
  class space    used 15694K, committed 16960K, reserved 1048576K
}
Event: 34.352 GC heap after
{Heap after GC invocations=36 (full 0):
 garbage-first heap   total 241664K, used 135634K [0x0000000600000000, 0x0000000800000000)
  region size 4096K, 2 young (8192K), 2 survivors (8192K)
 Metaspace       used 110881K, committed 113408K, reserved 1179648K
  class space    used 15694K, committed 16960K, reserved 1048576K
}
Event: 35.864 GC heap before
{Heap before GC invocations=36 (full 0):
 garbage-first heap   total 241664K, used 209362K [0x0000000600000000, 0x0000000800000000)
  region size 4096K, 21 young (86016K), 2 survivors (8192K)
 Metaspace       used 111490K, committed 114112K, reserved 1179648K
  class space    used 15781K, committed 17088K, reserved 1048576K
}
Event: 35.887 GC heap after
{Heap after GC invocations=37 (full 0):
 garbage-first heap   total 290816K, used 148631K [0x0000000600000000, 0x0000000800000000)
  region size 4096K, 3 young (12288K), 3 survivors (12288K)
 Metaspace       used 111490K, committed 114112K, reserved 1179648K
  class space    used 15781K, committed 17088K, reserved 1048576K
}
Event: 38.566 GC heap before
{Heap before GC invocations=37 (full 0):
 garbage-first heap   total 290816K, used 251031K [0x0000000600000000, 0x0000000800000000)
  region size 4096K, 28 young (114688K), 3 survivors (12288K)
 Metaspace       used 116134K, committed 118784K, reserved 1179648K
  class space    used 16425K, committed 17728K, reserved 1048576K
}
Event: 38.584 GC heap after
{Heap after GC invocations=38 (full 0):
 garbage-first heap   total 290816K, used 158601K [0x0000000600000000, 0x0000000800000000)
  region size 4096K, 3 young (12288K), 3 survivors (12288K)
 Metaspace       used 116134K, committed 118784K, reserved 1179648K
  class space    used 16425K, committed 17728K, reserved 1048576K
}
Event: 40.397 GC heap before
{Heap before GC invocations=38 (full 0):
 garbage-first heap   total 290816K, used 252809K [0x0000000600000000, 0x0000000800000000)
  region size 4096K, 26 young (106496K), 3 survivors (12288K)
 Metaspace       used 120874K, committed 123456K, reserved 1179648K
  class space    used 17039K, committed 18304K, reserved 1048576K
}
Event: 40.412 GC heap after
{Heap after GC invocations=39 (full 0):
 garbage-first heap   total 290816K, used 166391K [0x0000000600000000, 0x0000000800000000)
  region size 4096K, 3 young (12288K), 3 survivors (12288K)
 Metaspace       used 120874K, committed 123456K, reserved 1179648K
  class space    used 17039K, committed 18304K, reserved 1048576K
}
Event: 45.521 GC heap before
{Heap before GC invocations=39 (full 0):
 garbage-first heap   total 290816K, used 252407K [0x0000000600000000, 0x0000000800000000)
  region size 4096K, 24 young (98304K), 3 survivors (12288K)
 Metaspace       used 123389K, committed 126016K, reserved 1179648K
  class space    used 17399K, committed 18688K, reserved 1048576K
}
Event: 45.542 GC heap after
{Heap after GC invocations=40 (full 0):
 garbage-first heap   total 290816K, used 176764K [0x0000000600000000, 0x0000000800000000)
  region size 4096K, 3 young (12288K), 3 survivors (12288K)
 Metaspace       used 123389K, committed 126016K, reserved 1179648K
  class space    used 17399K, committed 18688K, reserved 1048576K
}
Event: 48.803 GC heap before
{Heap before GC invocations=41 (full 0):
 garbage-first heap   total 307200K, used 254588K [0x0000000600000000, 0x0000000800000000)
  region size 4096K, 22 young (90112K), 3 survivors (12288K)
 Metaspace       used 123740K, committed 126400K, reserved 1179648K
  class space    used 17421K, committed 18752K, reserved 1048576K
}
Event: 48.827 GC heap after
{Heap after GC invocations=42 (full 0):
 garbage-first heap   total 307200K, used 185143K [0x0000000600000000, 0x0000000800000000)
  region size 4096K, 2 young (8192K), 2 survivors (8192K)
 Metaspace       used 123740K, committed 126400K, reserved 1179648K
  class space    used 17421K, committed 18752K, reserved 1048576K
}

Dll operation events (16 events):
Event: 0.020 Loaded shared library C:\Users\DELL\.jdks\corretto-21.0.3\bin\java.dll
Event: 0.067 Loaded shared library C:\Users\DELL\.jdks\corretto-21.0.3\bin\jsvml.dll
Event: 0.113 Loaded shared library C:\Users\DELL\.jdks\corretto-21.0.3\bin\zip.dll
Event: 0.118 Loaded shared library C:\Users\DELL\.jdks\corretto-21.0.3\bin\instrument.dll
Event: 0.124 Loaded shared library C:\Users\DELL\.jdks\corretto-21.0.3\bin\net.dll
Event: 0.126 Loaded shared library C:\Users\DELL\.jdks\corretto-21.0.3\bin\nio.dll
Event: 0.129 Loaded shared library C:\Users\DELL\.jdks\corretto-21.0.3\bin\zip.dll
Event: 0.374 Loaded shared library C:\Users\DELL\.jdks\corretto-21.0.3\bin\jimage.dll
Event: 0.525 Loaded shared library C:\Users\DELL\.jdks\corretto-21.0.3\bin\verify.dll
Event: 0.689 Loaded shared library C:\Users\DELL\.gradle\native\1def1411415f61bf3af743bc5b6707747c0891f09f0c88961ee8f79bc544acac\windows-amd64\native-platform.dll
Event: 0.696 Loaded shared library C:\Users\DELL\.gradle\native\0.2.5\x86_64-windows-gnu\gradle-fileevents.dll
Event: 1.761 Loaded shared library C:\Users\DELL\.jdks\corretto-21.0.3\bin\management.dll
Event: 1.763 Loaded shared library C:\Users\DELL\.jdks\corretto-21.0.3\bin\management_ext.dll
Event: 1.951 Loaded shared library C:\Users\DELL\.jdks\corretto-21.0.3\bin\extnet.dll
Event: 2.114 Loaded shared library C:\Users\DELL\.jdks\corretto-21.0.3\bin\sunmscapi.dll
Event: 2.757 Loaded shared library C:\Users\DELL\AppData\Local\Temp\native-platform7603013671101001156dir\gradle-fileevents.dll

Deoptimization events (20 events):
Event: 48.796 Thread 0x000002da398d7460 Uncommon trap: trap_request=0xffffffc6 fr.pc=0x000002d9d66ce0bc relative=0x0000000000000ebc
Event: 48.796 Thread 0x000002da398d7460 Uncommon trap: reason=bimorphic_or_optimized_type_check action=maybe_recompile pc=0x000002d9d66ce0bc method=org.gradle.internal.snapshot.DirectorySnapshot.accept(Lorg/gradle/internal/snapshot/FileSystemSnapshotHierarchyVisitor;)Lorg/gradle/internal/snapsh
Event: 48.796 Thread 0x000002da398d7460 DEOPT PACKING pc=0x000002d9d66ce0bc sp=0x000000e4267f5140
Event: 48.796 Thread 0x000002da398d7460 DEOPT UNPACKING pc=0x000002d9d5757da2 sp=0x000000e4267f50b8 mode 2
Event: 49.008 Thread 0x000002da398d7460 Uncommon trap: trap_request=0xffffff45 fr.pc=0x000002d9d62feedc relative=0x00000000000040bc
Event: 49.008 Thread 0x000002da398d7460 Uncommon trap: reason=unstable_if action=reinterpret pc=0x000002d9d62feedc method=groovyjarjarantlr4.v4.runtime.atn.ParserATNSimulator.getEpsilonTarget(Lgroovyjarjarantlr4/v4/runtime/atn/ATNConfig;Lgroovyjarjarantlr4/v4/runtime/atn/Transition;ZZLgroovyjar
Event: 49.008 Thread 0x000002da398d7460 DEOPT PACKING pc=0x000002d9d62feedc sp=0x000000e4267f7dc0
Event: 49.008 Thread 0x000002da398d7460 DEOPT UNPACKING pc=0x000002d9d5757da2 sp=0x000000e4267f7d18 mode 2
Event: 49.009 Thread 0x000002da398d7460 Uncommon trap: trap_request=0xffffff45 fr.pc=0x000002d9d6081d68 relative=0x00000000000005a8
Event: 49.009 Thread 0x000002da398d7460 Uncommon trap: reason=unstable_if action=reinterpret pc=0x000002d9d6081d68 method=groovyjarjarantlr4.v4.runtime.atn.ParserATNSimulator.getEpsilonTarget(Lgroovyjarjarantlr4/v4/runtime/atn/ATNConfig;Lgroovyjarjarantlr4/v4/runtime/atn/Transition;ZZLgroovyjar
Event: 49.009 Thread 0x000002da398d7460 DEOPT PACKING pc=0x000002d9d6081d68 sp=0x000000e4267f7d30
Event: 49.009 Thread 0x000002da398d7460 DEOPT UNPACKING pc=0x000002d9d5757da2 sp=0x000000e4267f7d10 mode 2
Event: 49.124 Thread 0x000002da398d7460 Uncommon trap: trap_request=0xffffff45 fr.pc=0x000002d9d5f92c84 relative=0x00000000000002c4
Event: 49.124 Thread 0x000002da398d7460 Uncommon trap: reason=unstable_if action=reinterpret pc=0x000002d9d5f92c84 method=java.net.URI$Parser.scan(IIJJ)I @ 42 c2
Event: 49.124 Thread 0x000002da398d7460 DEOPT PACKING pc=0x000002d9d5f92c84 sp=0x000000e4267f9350
Event: 49.124 Thread 0x000002da398d7460 DEOPT UNPACKING pc=0x000002d9d5757da2 sp=0x000000e4267f92c0 mode 2
Event: 49.311 Thread 0x000002da398d7460 Uncommon trap: trap_request=0xffffff45 fr.pc=0x000002d9d667490c relative=0x0000000000001d6c
Event: 49.311 Thread 0x000002da398d7460 Uncommon trap: reason=unstable_if action=reinterpret pc=0x000002d9d667490c method=com.android.build.gradle.options.ProjectOptions$OptionValue.getValue()Lorg/gradle/api/provider/Provider; @ 4 c2
Event: 49.311 Thread 0x000002da398d7460 DEOPT PACKING pc=0x000002d9d667490c sp=0x000000e4267f7c50
Event: 49.311 Thread 0x000002da398d7460 DEOPT UNPACKING pc=0x000002d9d5757da2 sp=0x000000e4267f7bf8 mode 2

Classes loaded (20 events):
Event: 39.567 Loading class javax/crypto/ProviderVerifier
Event: 39.568 Loading class javax/crypto/ProviderVerifier done
Event: 39.688 Loading class java/security/cert/CertificateEncodingException
Event: 39.689 Loading class java/security/cert/CertificateEncodingException done
Event: 41.677 Loading class sun/reflect/misc/MethodUtil
Event: 41.678 Loading class sun/reflect/misc/MethodUtil done
Event: 41.678 Loading class sun/reflect/misc/MethodUtil$1
Event: 41.678 Loading class sun/reflect/misc/MethodUtil$1 done
Event: 41.785 Loading class java/util/concurrent/ConcurrentHashMap$EntrySpliterator
Event: 41.785 Loading class java/util/concurrent/ConcurrentHashMap$EntrySpliterator done
Event: 41.797 Loading class java/nio/file/StandardCopyOption
Event: 41.797 Loading class java/nio/file/StandardCopyOption done
Event: 41.797 Loading class sun/nio/fs/WindowsFileCopy
Event: 41.798 Loading class sun/nio/fs/WindowsFileCopy done
Event: 41.946 Loading class java/time/Instant$1
Event: 41.946 Loading class java/time/Instant$1 done
Event: 42.016 Loading class java/util/concurrent/CompletableFuture$AsyncRun
Event: 42.017 Loading class java/util/concurrent/CompletableFuture$AsyncRun done
Event: 45.460 Loading class jdk/internal/math/FormattedFPDecimal
Event: 45.461 Loading class jdk/internal/math/FormattedFPDecimal done

Classes unloaded (0 events):
No events

Classes redefined (0 events):
No events

Internal exceptions (20 events):
Event: 45.841 Thread 0x000002da398d7460 Exception <a 'sun/nio/fs/WindowsException'{0x00000006113d3d28}> (0x00000006113d3d28) 
thrown [s\src\hotspot\share\prims\jni.cpp, line 520]
Event: 45.842 Thread 0x000002da398d7460 Exception <a 'sun/nio/fs/WindowsException'{0x00000006113d5738}> (0x00000006113d5738) 
thrown [s\src\hotspot\share\prims\jni.cpp, line 520]
Event: 46.414 Thread 0x000002da3f71d420 Implicit null exception at 0x000002d9d6120a0b to 0x000002d9d6120ae0
Event: 46.414 Thread 0x000002da3f71d420 Implicit null exception at 0x000002d9d634808e to 0x000002d9d6348810
Event: 47.647 Thread 0x000002da398d7460 Exception <a 'java/lang/ClassNotFoundException'{0x000000060f501880}: GradleAnnotationProcessorPatchPluginBeanInfo> (0x000000060f501880) 
thrown [s\src\hotspot\share\classfile\systemDictionary.cpp, line 312]
Event: 47.648 Thread 0x000002da398d7460 Exception <a 'java/lang/ClassNotFoundException'{0x000000060f50dec8}: GradleAnnotationProcessorPatchPluginCustomizer> (0x000000060f50dec8) 
thrown [s\src\hotspot\share\classfile\systemDictionary.cpp, line 312]
Event: 47.654 Thread 0x000002da398d7460 Exception <a 'java/lang/ClassNotFoundException'{0x000000060f53f4f0}: GradleAnnotationProcessorPatchPlugin$AnnotationProcessorModelBuilderBeanInfo> (0x000000060f53f4f0) 
thrown [s\src\hotspot\share\classfile\systemDictionary.cpp, line 312]
Event: 47.655 Thread 0x000002da398d7460 Exception <a 'java/lang/ClassNotFoundException'{0x000000060f54bfc8}: GradleAnnotationProcessorPatchPlugin$AnnotationProcessorModelBuilderCustomizer> (0x000000060f54bfc8) 
thrown [s\src\hotspot\share\classfile\systemDictionary.cpp, line 312]
Event: 47.673 Thread 0x000002da398d7460 Exception <a 'java/lang/ClassNotFoundException'{0x000000060f606bd8}: org/gradle/tooling/provider/model/internal/DefaultToolingModelBuilderRegistryBeanInfo> (0x000000060f606bd8) 
thrown [s\src\hotspot\share\classfile\systemDictionary.cpp, line 312]
Event: 47.684 Thread 0x000002da398d7460 Exception <a 'java/lang/ClassNotFoundException'{0x000000060f61f298}: org/gradle/tooling/provider/model/internal/DefaultToolingModelBuilderRegistryCustomizer> (0x000000060f61f298) 
thrown [s\src\hotspot\share\classfile\systemDictionary.cpp, line 312]
Event: 48.267 Thread 0x000002da3e2189d0 Exception <a 'sun/nio/fs/WindowsException'{0x000000060f205d18}> (0x000000060f205d18) 
thrown [s\src\hotspot\share\prims\jni.cpp, line 520]
Event: 48.267 Thread 0x000002da3e2189d0 Exception <a 'sun/nio/fs/WindowsException'{0x000000060f207860}> (0x000000060f207860) 
thrown [s\src\hotspot\share\prims\jni.cpp, line 520]
Event: 48.267 Thread 0x000002da3e2189d0 Exception <a 'sun/nio/fs/WindowsException'{0x000000060f2092f8}> (0x000000060f2092f8) 
thrown [s\src\hotspot\share\prims\jni.cpp, line 520]
Event: 48.267 Thread 0x000002da3e2189d0 Exception <a 'sun/nio/fs/WindowsException'{0x000000060f20ab08}> (0x000000060f20ab08) 
thrown [s\src\hotspot\share\prims\jni.cpp, line 520]
Event: 48.273 Thread 0x000002da3e216270 Exception <a 'sun/nio/fs/WindowsException'{0x000000060ead2368}> (0x000000060ead2368) 
thrown [s\src\hotspot\share\prims\jni.cpp, line 520]
Event: 48.273 Thread 0x000002da3e216270 Exception <a 'sun/nio/fs/WindowsException'{0x000000060ead3eb8}> (0x000000060ead3eb8) 
thrown [s\src\hotspot\share\prims\jni.cpp, line 520]
Event: 48.274 Thread 0x000002da3e216270 Exception <a 'sun/nio/fs/WindowsException'{0x000000060ead56d0}> (0x000000060ead56d0) 
thrown [s\src\hotspot\share\prims\jni.cpp, line 520]
Event: 49.178 Thread 0x000002da398d7460 Exception <a 'java/lang/ClassNotFoundException'{0x0000000610ca01a0}: include_flutterBeanInfo> (0x0000000610ca01a0) 
thrown [s\src\hotspot\share\classfile\systemDictionary.cpp, line 312]
Event: 49.179 Thread 0x000002da398d7460 Exception <a 'java/lang/ClassNotFoundException'{0x0000000610ca8fe8}: include_flutterCustomizer> (0x0000000610ca8fe8) 
thrown [s\src\hotspot\share\classfile\systemDictionary.cpp, line 312]
Event: 49.311 Thread 0x000002da398d7460 Implicit null exception at 0x000002d9d6672cd2 to 0x000002d9d66748fc

ZGC Phase Switch (0 events):
No events

VM Operations (20 events):
Event: 41.817 Executing VM operation: HandshakeAllThreads (Deoptimize)
Event: 41.818 Executing VM operation: HandshakeAllThreads (Deoptimize) done
Event: 42.115 Executing VM operation: ICBufferFull
Event: 42.117 Executing VM operation: ICBufferFull done
Event: 43.127 Executing VM operation: Cleanup
Event: 43.127 Executing VM operation: Cleanup done
Event: 45.494 Executing VM operation: G1CollectForAllocation (G1 Evacuation Pause)
Event: 45.560 Executing VM operation: G1CollectForAllocation (G1 Evacuation Pause) done
Event: 45.756 Executing VM operation: G1PauseRemark
Event: 45.805 Executing VM operation: G1PauseRemark done
Event: 45.883 Executing VM operation: G1PauseCleanup
Event: 45.883 Executing VM operation: G1PauseCleanup done
Event: 46.883 Executing VM operation: Cleanup
Event: 46.904 Executing VM operation: Cleanup done
Event: 47.918 Executing VM operation: Cleanup
Event: 47.918 Executing VM operation: Cleanup done
Event: 48.517 Executing VM operation: ICBufferFull
Event: 48.517 Executing VM operation: ICBufferFull done
Event: 48.803 Executing VM operation: G1CollectForAllocation (G1 Evacuation Pause)
Event: 48.827 Executing VM operation: G1CollectForAllocation (G1 Evacuation Pause) done

Events (20 events):
Event: 48.254 Thread 0x000002da3b0f0fd0 Thread added: 0x000002da3b0f0fd0
Event: 48.254 Thread 0x000002da3b0f1cf0 Thread added: 0x000002da3b0f1cf0
Event: 48.657 Thread 0x000002da3b0efc20 Thread added: 0x000002da3b0efc20
Event: 48.657 Thread 0x000002da3b0f30a0 Thread added: 0x000002da3b0f30a0
Event: 48.657 Thread 0x000002da3b0f5e90 Thread added: 0x000002da3b0f5e90
Event: 48.657 Thread 0x000002da3b0f6520 Thread added: 0x000002da3b0f6520
Event: 48.657 Thread 0x000002da3b0f5800 Thread added: 0x000002da3b0f5800
Event: 48.657 Thread 0x000002da3b0f3dc0 Thread added: 0x000002da3b0f3dc0
Event: 48.657 Thread 0x000002da3b0f6bb0 Thread added: 0x000002da3b0f6bb0
Event: 48.830 Thread 0x000002da3b0f4450 Thread added: 0x000002da3b0f4450
Event: 48.831 Thread 0x000002da3b0f5170 Thread added: 0x000002da3b0f5170
Event: 48.831 Thread 0x000002da3cd9fe50 Thread added: 0x000002da3cd9fe50
Event: 48.831 Thread 0x000002da3cda04e0 Thread added: 0x000002da3cda04e0
Event: 48.843 Thread 0x000002da3cda3960 Thread added: 0x000002da3cda3960
Event: 48.845 Thread 0x000002da3cda3ff0 Thread added: 0x000002da3cda3ff0
Event: 48.850 Thread 0x000002da3cda0b70 Thread added: 0x000002da3cda0b70
Event: 48.862 Thread 0x000002da3d4dc320 Thread added: 0x000002da3d4dc320
Event: 48.886 Thread 0x000002da3d4dde60 Thread added: 0x000002da3d4dde60
Event: 49.311 Thread 0x000002da3d4dde60 Thread exited: 0x000002da3d4dde60
Event: 49.311 Thread 0x000002da3d4dc320 Thread exited: 0x000002da3d4dc320


Dynamic libraries:
0x00007ff6890b0000 - 0x00007ff6890be000 	C:\Users\DELL\.jdks\corretto-21.0.3\bin\java.exe
0x00007ffb810a0000 - 0x00007ffb81305000 	C:\WINDOWS\SYSTEM32\ntdll.dll
0x00007ffb46020000 - 0x00007ffb4603b000 	C:\Program Files\Avast Software\Avast\aswhook.dll
0x00007ffb7ff10000 - 0x00007ffb7ffd9000 	C:\WINDOWS\System32\KERNEL32.DLL
0x00007ffb7e520000 - 0x00007ffb7e908000 	C:\WINDOWS\System32\KERNELBASE.dll
0x00007ffb7e290000 - 0x00007ffb7e3db000 	C:\WINDOWS\System32\ucrtbase.dll
0x00007ffb55b50000 - 0x00007ffb55b68000 	C:\Users\DELL\.jdks\corretto-21.0.3\bin\jli.dll
0x00007ffb52d60000 - 0x00007ffb52d7b000 	C:\Users\DELL\.jdks\corretto-21.0.3\bin\VCRUNTIME140.dll
0x00007ffb80b70000 - 0x00007ffb80d3a000 	C:\WINDOWS\System32\USER32.dll
0x00007ffb63a10000 - 0x00007ffb63caa000 	C:\WINDOWS\WinSxS\amd64_microsoft.windows.common-controls_6595b64144ccf1df_6.0.26100.4202_none_3e0698d4e335f517\COMCTL32.dll
0x00007ffb7ea90000 - 0x00007ffb7eab7000 	C:\WINDOWS\System32\win32u.dll
0x00007ffb801c0000 - 0x00007ffb801eb000 	C:\WINDOWS\System32\GDI32.dll
0x00007ffb80100000 - 0x00007ffb801a9000 	C:\WINDOWS\System32\msvcrt.dll
0x00007ffb7ed00000 - 0x00007ffb7ee37000 	C:\WINDOWS\System32\gdi32full.dll
0x00007ffb7e470000 - 0x00007ffb7e513000 	C:\WINDOWS\System32\msvcp_win.dll
0x00007ffb7faf0000 - 0x00007ffb7fb20000 	C:\WINDOWS\System32\IMM32.DLL
0x00007ffb57340000 - 0x00007ffb5734c000 	C:\Users\DELL\.jdks\corretto-21.0.3\bin\vcruntime140_1.dll
0x00007ffb158d0000 - 0x00007ffb1595d000 	C:\Users\DELL\.jdks\corretto-21.0.3\bin\msvcp140.dll
0x00007ffac0ac0000 - 0x00007ffac1851000 	C:\Users\DELL\.jdks\corretto-21.0.3\bin\server\jvm.dll
0x00007ffb80ab0000 - 0x00007ffb80b63000 	C:\WINDOWS\System32\ADVAPI32.dll
0x00007ffb80980000 - 0x00007ffb80a26000 	C:\WINDOWS\System32\sechost.dll
0x00007ffb7ffe0000 - 0x00007ffb800f5000 	C:\WINDOWS\System32\RPCRT4.dll
0x00007ffb801f0000 - 0x00007ffb80264000 	C:\WINDOWS\System32\WS2_32.dll
0x00007ffb7e040000 - 0x00007ffb7e09e000 	C:\WINDOWS\SYSTEM32\POWRPROF.dll
0x00007ffb6b600000 - 0x00007ffb6b60b000 	C:\WINDOWS\SYSTEM32\VERSION.dll
0x00007ffb74600000 - 0x00007ffb74635000 	C:\WINDOWS\SYSTEM32\WINMM.dll
0x00007ffb7e010000 - 0x00007ffb7e024000 	C:\WINDOWS\SYSTEM32\UMPDC.dll
0x00007ffb7cf70000 - 0x00007ffb7cf8b000 	C:\WINDOWS\SYSTEM32\kernel.appcore.dll
0x00007ffb571e0000 - 0x00007ffb571ea000 	C:\Users\DELL\.jdks\corretto-21.0.3\bin\jimage.dll
0x00007ffb7af50000 - 0x00007ffb7b191000 	C:\WINDOWS\SYSTEM32\DBGHELP.DLL
0x00007ffb7f700000 - 0x00007ffb7fa85000 	C:\WINDOWS\System32\combase.dll
0x00007ffb80300000 - 0x00007ffb803e1000 	C:\WINDOWS\System32\OLEAUT32.dll
0x00007ffb6ac00000 - 0x00007ffb6ac39000 	C:\WINDOWS\SYSTEM32\dbgcore.DLL
0x00007ffb7e1f0000 - 0x00007ffb7e289000 	C:\WINDOWS\System32\bcryptPrimitives.dll
0x00007ffb56e50000 - 0x00007ffb56e5e000 	C:\Users\DELL\.jdks\corretto-21.0.3\bin\instrument.dll
0x00007ffb52b50000 - 0x00007ffb52b6f000 	C:\Users\DELL\.jdks\corretto-21.0.3\bin\java.dll
0x00007ffb7efb0000 - 0x00007ffb7f6f2000 	C:\WINDOWS\System32\SHELL32.dll
0x00007ffb7e910000 - 0x00007ffb7ea84000 	C:\WINDOWS\System32\wintypes.dll
0x00007ffb7be10000 - 0x00007ffb7c667000 	C:\WINDOWS\SYSTEM32\windows.storage.dll
0x00007ffb7ee40000 - 0x00007ffb7ef31000 	C:\WINDOWS\System32\SHCORE.dll
0x00007ffb7ef40000 - 0x00007ffb7efaa000 	C:\WINDOWS\System32\shlwapi.dll
0x00007ffb7e100000 - 0x00007ffb7e12f000 	C:\WINDOWS\SYSTEM32\profapi.dll
0x00007ffb0ec70000 - 0x00007ffb0ed47000 	C:\Users\DELL\.jdks\corretto-21.0.3\bin\jsvml.dll
0x00007ffb52b30000 - 0x00007ffb52b48000 	C:\Users\DELL\.jdks\corretto-21.0.3\bin\zip.dll
0x00007ffb55bf0000 - 0x00007ffb55c00000 	C:\Users\DELL\.jdks\corretto-21.0.3\bin\net.dll
0x00007ffb77830000 - 0x00007ffb7794e000 	C:\WINDOWS\SYSTEM32\WINHTTP.dll
0x00007ffb7d4c0000 - 0x00007ffb7d52a000 	C:\WINDOWS\system32\mswsock.dll
0x00007ffb51720000 - 0x00007ffb51736000 	C:\Users\DELL\.jdks\corretto-21.0.3\bin\nio.dll
0x00007ffb52d50000 - 0x00007ffb52d60000 	C:\Users\DELL\.jdks\corretto-21.0.3\bin\verify.dll
0x00007ffb5b1c0000 - 0x00007ffb5b1e7000 	C:\Users\DELL\.gradle\native\1def1411415f61bf3af743bc5b6707747c0891f09f0c88961ee8f79bc544acac\windows-amd64\native-platform.dll
0x0000000061a00000 - 0x0000000061a73000 	C:\Users\DELL\.gradle\native\0.2.5\x86_64-windows-gnu\gradle-fileevents.dll
0x00007ffb51710000 - 0x00007ffb51719000 	C:\Users\DELL\.jdks\corretto-21.0.3\bin\management.dll
0x00007ffb51700000 - 0x00007ffb5170b000 	C:\Users\DELL\.jdks\corretto-21.0.3\bin\management_ext.dll
0x00007ffb7fae0000 - 0x00007ffb7fae8000 	C:\WINDOWS\System32\PSAPI.DLL
0x00007ffb7d8a0000 - 0x00007ffb7d8bb000 	C:\WINDOWS\SYSTEM32\CRYPTSP.dll
0x00007ffb7ced0000 - 0x00007ffb7cf0a000 	C:\WINDOWS\system32\rsaenh.dll
0x00007ffb7d560000 - 0x00007ffb7d58b000 	C:\WINDOWS\SYSTEM32\USERENV.dll
0x00007ffb7e0d0000 - 0x00007ffb7e0f6000 	C:\WINDOWS\SYSTEM32\bcrypt.dll
0x00007ffb7d700000 - 0x00007ffb7d70c000 	C:\WINDOWS\SYSTEM32\CRYPTBASE.dll
0x00007ffb7ca30000 - 0x00007ffb7ca63000 	C:\WINDOWS\SYSTEM32\IPHLPAPI.DLL
0x00007ffb801b0000 - 0x00007ffb801ba000 	C:\WINDOWS\System32\NSI.dll
0x00007ffb4cbc0000 - 0x00007ffb4cbc9000 	C:\Users\DELL\.jdks\corretto-21.0.3\bin\extnet.dll
0x00007ffb4c310000 - 0x00007ffb4c31e000 	C:\Users\DELL\.jdks\corretto-21.0.3\bin\sunmscapi.dll
0x00007ffb7eb80000 - 0x00007ffb7ecf7000 	C:\WINDOWS\System32\CRYPT32.dll
0x00007ffb7d9f0000 - 0x00007ffb7da20000 	C:\WINDOWS\SYSTEM32\ncrypt.dll
0x00007ffb7d9a0000 - 0x00007ffb7d9df000 	C:\WINDOWS\SYSTEM32\NTASN1.dll
0x00007ffb34590000 - 0x00007ffb34598000 	C:\WINDOWS\system32\wshunix.dll
0x0000000061900000 - 0x0000000061973000 	C:\Users\DELL\AppData\Local\Temp\native-platform7603013671101001156dir\gradle-fileevents.dll
0x00007ffb44480000 - 0x00007ffb44498000 	C:\WINDOWS\system32\napinsp.dll
0x00007ffb7ca70000 - 0x00007ffb7cb97000 	C:\WINDOWS\SYSTEM32\DNSAPI.dll
0x00007ffb44460000 - 0x00007ffb44472000 	C:\WINDOWS\System32\winrnr.dll
0x00007ffb44420000 - 0x00007ffb44450000 	C:\WINDOWS\system32\nlansp_c.dll
0x00007ffb6e2c0000 - 0x00007ffb6e2e0000 	C:\WINDOWS\system32\wshbth.dll
0x00007ffb73e00000 - 0x00007ffb73e0b000 	C:\Windows\System32\rasadhlp.dll
0x00007ffb77ab0000 - 0x00007ffb77b36000 	C:\WINDOWS\System32\fwpuclnt.dll

dbghelp: loaded successfully - version: 4.0.5 - missing functions: none
symbol engine: initialized successfully - sym options: 0x614 - pdb path: .;C:\Users\DELL\.jdks\corretto-21.0.3\bin;C:\WINDOWS\SYSTEM32;C:\Program Files\Avast Software\Avast;C:\WINDOWS\WinSxS\amd64_microsoft.windows.common-controls_6595b64144ccf1df_6.0.26100.4202_none_3e0698d4e335f517;C:\Users\DELL\.jdks\corretto-21.0.3\bin\server;C:\Users\DELL\.gradle\native\1def1411415f61bf3af743bc5b6707747c0891f09f0c88961ee8f79bc544acac\windows-amd64;C:\Users\DELL\.gradle\native\0.2.5\x86_64-windows-gnu;C:\Users\DELL\AppData\Local\Temp\native-platform7603013671101001156dir

VM Arguments:
jvm_args: --add-opens=java.base/java.lang=ALL-UNNAMED --add-opens=java.base/java.lang.invoke=ALL-UNNAMED --add-opens=java.base/java.util=ALL-UNNAMED --add-opens=java.prefs/java.util.prefs=ALL-UNNAMED --add-exports=jdk.compiler/com.sun.tools.javac.api=ALL-UNNAMED --add-exports=jdk.compiler/com.sun.tools.javac.util=ALL-UNNAMED --add-opens=java.base/java.util=ALL-UNNAMED --add-opens=java.prefs/java.util.prefs=ALL-UNNAMED --add-opens=java.base/java.nio.charset=ALL-UNNAMED --add-opens=java.base/java.net=ALL-UNNAMED --add-opens=java.base/java.util.concurrent.atomic=ALL-UNNAMED --add-opens=java.xml/javax.xml.namespace=ALL-UNNAMED -XX:MaxMetaspaceSize=4G -XX:ReservedCodeCacheSize=512m -XX:+HeapDumpOnOutOfMemoryError -Xmx8G -Dfile.encoding=UTF-8 -Duser.country=FR -Duser.language=fr -Duser.variant -javaagent:C:\Users\DELL\.gradle\wrapper\dists\gradle-8.12-all\ejduaidbjup3bmmkhw3rie4zb\gradle-8.12\lib\agents\gradle-instrumentation-agent-8.12.jar 
java_command: org.gradle.launcher.daemon.bootstrap.GradleDaemon 8.12
java_class_path (initial): C:\Users\DELL\.gradle\wrapper\dists\gradle-8.12-all\ejduaidbjup3bmmkhw3rie4zb\gradle-8.12\lib\gradle-daemon-main-8.12.jar
Launcher Type: SUN_STANDARD

[Global flags]
     intx CICompilerCount                          = 4                                         {product} {ergonomic}
     uint ConcGCThreads                            = 2                                         {product} {ergonomic}
     uint G1ConcRefinementThreads                  = 8                                         {product} {ergonomic}
   size_t G1HeapRegionSize                         = 4194304                                   {product} {ergonomic}
    uintx GCDrainStackTargetSize                   = 64                                        {product} {ergonomic}
     bool HeapDumpOnOutOfMemoryError               = true                                   {manageable} {command line}
   size_t InitialHeapSize                          = 264241152                                 {product} {ergonomic}
   size_t MarkStackSize                            = 4194304                                   {product} {ergonomic}
   size_t MaxHeapSize                              = 8589934592                                {product} {command line}
   size_t MaxMetaspaceSize                         = 4294967296                                {product} {command line}
   size_t MaxNewSize                               = 5150605312                                {product} {ergonomic}
   size_t MinHeapDeltaBytes                        = 4194304                                   {product} {ergonomic}
   size_t MinHeapSize                              = 8388608                                   {product} {ergonomic}
    uintx NonNMethodCodeHeapSize                   = 5839372                                {pd product} {ergonomic}
    uintx NonProfiledCodeHeapSize                  = 265515770                              {pd product} {ergonomic}
    uintx ProfiledCodeHeapSize                     = 265515770                              {pd product} {ergonomic}
    uintx ReservedCodeCacheSize                    = 536870912                              {pd product} {command line}
     bool SegmentedCodeCache                       = true                                      {product} {ergonomic}
   size_t SoftMaxHeapSize                          = 8589934592                             {manageable} {ergonomic}
     bool UseCompressedOops                        = true                           {product lp64_product} {ergonomic}
     bool UseG1GC                                  = true                                      {product} {ergonomic}
     bool UseLargePagesIndividualAllocation        = false                                  {pd product} {ergonomic}

Logging:
Log output configuration:
 #0: stdout all=warning uptime,level,tags foldmultilines=false
 #1: stderr all=off uptime,level,tags foldmultilines=false

Environment Variables:
JAVA_HOME=C:\java\jdk-17.0.12
PATH=C:\Program Files\Common Files\Oracle\Java\javapath;C:\WINDOWS\system32;C:\WINDOWS;C:\WINDOWS\System32\Wbem;C:\WINDOWS\System32\WindowsPowerShell\v1.0\;C:\WINDOWS\System32\OpenSSH\;C:\ProgramData\chocolatey\bin;C:\xampp\php;C:\Users\DELL\Downloads\mysql-8.0.39-winx64\bin;C:\Users\DELL\Downloads\apache-maven-3.9.9\bin;C:\Program Files\Docker\Docker\resources\bin;C:\Program Files\Git\cmd;C:\Program Files\nodejs\;C:\Users\DELL\AppData\Local\Android\Sdk\platform-tools;C:\Users\DELL\AppData\Roaming\npm;C:\Users\DELL\Downloads\apache-maven-3.9.9-bin\apache-maven-3.9.9\bin;C:\hadoop\spark-3.5.5\bin;C:\hadoop\spark-3.5.5\sbin;C:\GAMS\42\apifiles\Java\api;C:\Users\DELL\AppData\Roaming\Code\User\globalStorage\pleiades.java-extension-pack-jdk\gradle\latest\bin;C:\Users\DELL\.jdks\corretto-21.0.3\bin;C:\Program Files\Common Files\Oracle\Java\javapath;C:\WINDOWS\system32;C:\WINDOWS;C:\WINDOWS\System32\Wbem;C:\WINDOWS\System32\WindowsPowerShell\v1.0\;C:\WINDOWS\System32\OpenSSH\;C:\ProgramData\chocolatey\bin;C:\xampp\php;C:\ProgramData\ComposerSetup\bin;C:\Users\DELL\Downloads\apache-maven-3.9.9\bin;C:\Program Files\Microsoft SQL Server\Client SDK\ODBC\170\Tools\Binn\;C:\Program Files\Microsoft SQL Server\150\Tools\Binn\;C:\Program Files\dotnet\;C:\Program Files\Docker\Docker\resources\bin;C:\Program Files\Git\cmd;C:\Program Files\nodejs\;C:\Users\DELL\AppData\Local\Programs\Python\Python312\Scripts\;C:\Users\DELL\AppData\Local\Programs\Python\Python312\;C:\Users\DELL\AppData\Local\Programs\Python\Python313\Scripts\;C:\Users\DELL\AppData\Local\Programs\Python\Python313\;C:\Users\DELL\AppData\Local\Programs\Python\Laun;C:\Users\DELL\AppData\Local\Programs\Microsoft VS Code\bin;C:\hadoop\bin;C:\spark-3.5.5\bin;C:\flutter\bin;C:\Users\DELL\AppData\Local\Android\Sdk\cmdline-tools\latest\bin;
USERNAME=DELL
OS=Windows_NT
PROCESSOR_IDENTIFIER=Intel64 Family 6 Model 140 Stepping 1, GenuineIntel
TMP=C:\Users\DELL\AppData\Local\Temp
TEMP=C:\Users\DELL\AppData\Local\Temp




Periodic native trim disabled

---------------  S Y S T E M  ---------------

OS:
 Windows 11 , 64 bit Build 26100 (10.0.26100.4202)
OS uptime: 1 days 21:06 hours
Hyper-V role detected

CPU: total 8 (initial active 8) (4 cores per cpu, 2 threads per core) family 6 model 140 stepping 1 microcode 0xbc, cx8, cmov, fxsr, ht, mmx, 3dnowpref, sse, sse2, sse3, ssse3, sse4.1, sse4.2, popcnt, lzcnt, tsc, tscinvbit, avx, avx2, aes, erms, clmul, bmi1, bmi2, adx, avx512f, avx512dq, avx512cd, avx512bw, avx512vl, sha, fma, vzeroupper, avx512_vpopcntdq, avx512_vpclmulqdq, avx512_vaes, avx512_vnni, clflush, clflushopt, clwb, avx512_vbmi2, avx512_vbmi, hv, rdtscp, rdpid, fsrm, gfni, avx512_bitalg, f16c, cet_ibt, cet_ss, avx512_ifma
Processor Information for all 8 processors :
  Max Mhz: 1498, Current Mhz: 1498, Mhz Limit: 1498

Memory: 4k page, system-wide physical 16110M (1275M free)
TotalPageFile size 29458M (AvailPageFile size 5M)
current process WorkingSet (physical memory assigned to process): 633M, peak: 643M
current process commit charge ("private bytes"): 671M, peak: 682M

vm_info: OpenJDK 64-Bit Server VM (21.0.3+9-LTS) for windows-amd64 JRE (21.0.3+9-LTS), built on 2024-04-10T19:10:39Z by "Administrator" with MS VC++ 16.10 / 16.11 (VS2019)

END.
